[10-Apr-2022 07:52:07 Europe/Berlin] Api::update image preprocessed POST {"id":"2","role_id":"6"}
[10-Apr-2022 07:52:07 Europe/Berlin] Api::update POST processed{"id":"2","role_id":"6"}
[10-Apr-2022 07:54:13 Europe/Berlin] Api::update image preprocessed POST {"id":"2","role_id":"2"}
[10-Apr-2022 07:54:13 Europe/Berlin] Api::update POST processed{"id":"2","role_id":"2"}
[10-Apr-2022 07:56:37 Europe/Berlin] Api::update image preprocessed POST {"id":"2","role_id":"6"}
[10-Apr-2022 07:56:37 Europe/Berlin] Api::update POST processed{"id":"2","role_id":"6"}
[10-Apr-2022 07:57:39 Europe/Berlin] Api::update image preprocessed POST {"id":"2","role_id":"2"}
[10-Apr-2022 07:57:39 Europe/Berlin] Api::update POST processed{"id":"2","role_id":"2"}
[10-Apr-2022 17:50:58 Europe/Berlin] Api::update image preprocessed POST {"text":"dafsjk","is_correct":1,"question_id":118,"dependents":["Student_Exam_Has_Choice"],"identifying_fields":["text"],"id":"112","many2many":{"student_exam":"student_exam_has_choice"},"student_exams":[]}
[10-Apr-2022 17:50:58 Europe/Berlin] Api::update POST processed{"text":"dafsjk","is_correct":"1","question_id":"118","id":"112"}
[10-Apr-2022 19:00:33 Europe/Berlin] Api::update image preprocessed POST {"text":"INT","is_correct":1,"question_id":1,"dependents":["Student_Exam_Has_Choice"],"identifying_fields":["text"],"id":"1","many2many":{"student_exam":"student_exam_has_choice"},"student_exams":[]}
[10-Apr-2022 19:00:33 Europe/Berlin] Api::update POST processed{"text":"INT","is_correct":"1","question_id":"1","id":"1"}
[10-Apr-2022 19:04:45 Europe/Berlin] Api::update image preprocessed POST {"id":"1"}
[10-Apr-2022 19:04:45 Europe/Berlin] Api::update POST processed{"id":"1"}
[10-Apr-2022 19:04:45 Europe/Berlin] Api::update image preprocessed POST {"id":"1"}
[10-Apr-2022 19:04:45 Europe/Berlin] Api::update POST processed{"id":"1"}
[10-Apr-2022 19:04:45 Europe/Berlin] Api::update image preprocessed POST {"id":"1"}
[10-Apr-2022 19:04:45 Europe/Berlin] Api::update POST processed{"id":"1"}
[10-Apr-2022 19:05:33 Europe/Berlin] Api::update image preprocessed POST {"text":"INT","is_correct":1,"question_id":1,"dependents":["Student_Exam_Has_Choice"],"identifying_fields":["text"],"id":"1","many2many":{"student_exam":"student_exam_has_choice"},"student_exams":[]}
[10-Apr-2022 19:05:33 Europe/Berlin] Api::update POST processed{"text":"INT","is_correct":"1","question_id":"1","id":"1"}
[10-Apr-2022 19:05:33 Europe/Berlin] Api::update image preprocessed POST {"text":"INT","is_correct":1,"question_id":1,"dependents":["Student_Exam_Has_Choice"],"identifying_fields":["text"],"id":"1","many2many":{"student_exam":"student_exam_has_choice"},"student_exams":[]}
[10-Apr-2022 19:05:33 Europe/Berlin] Api::update POST processed{"text":"INT","is_correct":"1","question_id":"1","id":"1"}
[10-Apr-2022 19:05:34 Europe/Berlin] Api::update image preprocessed POST {"text":"INT","is_correct":1,"question_id":1,"dependents":["Student_Exam_Has_Choice"],"identifying_fields":["text"],"id":"1","many2many":{"student_exam":"student_exam_has_choice"},"student_exams":[]}
[10-Apr-2022 19:05:34 Europe/Berlin] Api::update POST processed{"text":"INT","is_correct":"1","question_id":"1","id":"1"}
[10-Apr-2022 19:09:34 Europe/Berlin] Api::update image preprocessed POST {"text":"INT","is_correct":1,"question_id":1,"dependents":["Student_Exam_Has_Choice"],"identifying_fields":["text"],"id":"1","many2many":{"student_exam":"student_exam_has_choice"},"student_exams":[]}
[10-Apr-2022 19:09:34 Europe/Berlin] Api::update POST processed{"text":"INT","is_correct":"1","question_id":"1","id":"1"}
[10-Apr-2022 19:09:34 Europe/Berlin] Api::update image preprocessed POST {"text":"INT","is_correct":1,"question_id":1,"dependents":["Student_Exam_Has_Choice"],"identifying_fields":["text"],"id":"2","many2many":{"student_exam":"student_exam_has_choice"},"student_exams":[]}
[10-Apr-2022 19:09:34 Europe/Berlin] Api::update POST processed{"text":"INT","is_correct":"1","question_id":"1","id":"2"}
[10-Apr-2022 19:09:34 Europe/Berlin] Api::update image preprocessed POST {"text":"INT","is_correct":1,"question_id":1,"dependents":["Student_Exam_Has_Choice"],"identifying_fields":["text"],"id":"3","many2many":{"student_exam":"student_exam_has_choice"},"student_exams":[]}
[10-Apr-2022 19:09:34 Europe/Berlin] Api::update POST processed{"text":"INT","is_correct":"1","question_id":"1","id":"3"}
[10-Apr-2022 19:24:40 Europe/Berlin] Api::update image preprocessed POST {"text":"INT","is_correct":1,"question_id":1,"dependents":["Student_Exam_Has_Choice"],"identifying_fields":["text"],"id":"1","many2many":{"student_exam":"student_exam_has_choice"},"student_exams":[]}
[10-Apr-2022 19:24:40 Europe/Berlin] Api::update POST processed{"text":"INT","is_correct":"1","question_id":"1","id":"1"}
[10-Apr-2022 19:26:37 Europe/Berlin] Api::update image preprocessed POST {"text":"INT","is_correct":1,"question_id":1,"dependents":["Student_Exam_Has_Choice"],"identifying_fields":["text"],"id":"1","many2many":{"student_exam":"student_exam_has_choice"},"student_exams":[]}
[10-Apr-2022 19:26:37 Europe/Berlin] Api::update POST processed{"text":"INT","is_correct":"1","question_id":"1","id":"1"}
[10-Apr-2022 19:28:08 Europe/Berlin] Api::update image preprocessed POST {"text":"INT","is_correct":1,"question_id":1,"dependents":["Student_Exam_Has_Choice"],"identifying_fields":["text"],"id":"1","many2many":{"student_exam":"student_exam_has_choice"},"student_exams":[]}
[10-Apr-2022 19:28:08 Europe/Berlin] Api::update POST processed{"text":"INT","is_correct":"1","question_id":"1","id":"1"}
[10-Apr-2022 19:29:06 Europe/Berlin] Api::update image preprocessed POST {"text":"INT","is_correct":1,"question_id":1,"dependents":["Student_Exam_Has_Choice"],"identifying_fields":["text"],"id":"1","many2many":{"student_exam":"student_exam_has_choice"},"student_exams":[]}
[10-Apr-2022 19:29:06 Europe/Berlin] Api::update POST processed{"text":"INT","is_correct":"1","question_id":"1","id":"1"}
[10-Apr-2022 19:29:31 Europe/Berlin] Api::update image preprocessed POST {"text":"INT","is_correct":1,"question_id":1,"dependents":["Student_Exam_Has_Choice"],"identifying_fields":["text"],"id":"1","many2many":{"student_exam":"student_exam_has_choice"},"student_exams":[]}
[10-Apr-2022 19:29:31 Europe/Berlin] Api::update POST processed{"text":"INT","is_correct":"1","question_id":"1","id":"1"}
[10-Apr-2022 19:31:16 Europe/Berlin] Api::update image preprocessed POST {"text":"INT","is_correct":1,"question_id":1,"dependents":["Student_Exam_Has_Choice"],"identifying_fields":["text"],"id":"1","many2many":{"student_exam":"student_exam_has_choice"},"student_exams":[]}
[10-Apr-2022 19:31:16 Europe/Berlin] Api::update POST processed{"text":"INT","is_correct":"1","question_id":"1","id":"1"}
[10-Apr-2022 19:33:20 Europe/Berlin] Api::update image preprocessed POST {"text":"INT","is_correct":1,"question_id":1,"dependents":["Student_Exam_Has_Choice"],"identifying_fields":["text"],"id":"1","many2many":{"student_exam":"student_exam_has_choice"},"student_exams":[]}
[10-Apr-2022 19:33:20 Europe/Berlin] Api::update POST processed{"text":"INT","is_correct":"1","question_id":"1","id":"1"}
[10-Apr-2022 19:56:25 Europe/Berlin] Api::update image preprocessed POST {"text":"Long int","is_correct":0,"question_id":1,"dependents":["Student_Exam_Has_Choice"],"identifying_fields":["text"],"id":"2","many2many":{"student_exam":"student_exam_has_choice"},"student_exams":[]}
[10-Apr-2022 19:56:25 Europe/Berlin] Api::update POST processed{"text":"Long int","is_correct":"0","question_id":"1","id":"2"}
[10-Apr-2022 19:56:34 Europe/Berlin] Api::update image preprocessed POST {"text":"Float","is_correct":0,"question_id":1,"dependents":["Student_Exam_Has_Choice"],"identifying_fields":["text"],"id":"3","many2many":{"student_exam":"student_exam_has_choice"},"student_exams":[]}
[10-Apr-2022 19:56:34 Europe/Berlin] Api::update POST processed{"text":"Float","is_correct":"0","question_id":"1","id":"3"}
[10-Apr-2022 19:56:34 Europe/Berlin] Api::update image preprocessed POST {"text":"INT","is_correct":1,"question_id":1,"dependents":["Student_Exam_Has_Choice"],"identifying_fields":["text"],"id":"1","many2many":{"student_exam":"student_exam_has_choice"},"student_exams":[]}
[10-Apr-2022 19:56:34 Europe/Berlin] Api::update POST processed{"text":"INT","is_correct":"1","question_id":"1","id":"1"}
[10-Apr-2022 19:56:49 Europe/Berlin] Api::update image preprocessed POST {"text":"Float","is_correct":1,"question_id":1,"dependents":["Student_Exam_Has_Choice"],"identifying_fields":["text"],"id":"3","many2many":{"student_exam":"student_exam_has_choice"},"student_exams":[]}
[10-Apr-2022 19:56:49 Europe/Berlin] Api::update POST processed{"text":"Float","is_correct":"1","question_id":"1","id":"3"}
[10-Apr-2022 19:56:49 Europe/Berlin] Api::update image preprocessed POST {"text":"INT","is_correct":0,"question_id":1,"dependents":["Student_Exam_Has_Choice"],"identifying_fields":["text"],"id":"1","many2many":{"student_exam":"student_exam_has_choice"},"student_exams":[]}
[10-Apr-2022 19:56:49 Europe/Berlin] Api::update POST processed{"text":"INT","is_correct":"0","question_id":"1","id":"1"}
[10-Apr-2022 19:56:49 Europe/Berlin] Api::update image preprocessed POST {"text":"Long int","is_correct":0,"question_id":1,"dependents":["Student_Exam_Has_Choice"],"identifying_fields":["text"],"id":"2","many2many":{"student_exam":"student_exam_has_choice"},"student_exams":[]}
[10-Apr-2022 19:56:49 Europe/Berlin] Api::update POST processed{"text":"Long int","is_correct":"0","question_id":"1","id":"2"}
