[10-Apr-2022 07:49:09 Europe/Berlin] schemaClass subject && field_or_id  && is_string()  && needle 
[10-Apr-2022 07:49:09 Europe/Berlin] $_POST [] served
[10-Apr-2022 07:49:18 Europe/Berlin] schemaClass user && field_or_id  && is_string()  && needle 
[10-Apr-2022 07:49:18 Europe/Berlin] $_POST [] served
[10-Apr-2022 07:49:59 Europe/Berlin] schemaClass user && field_or_id  && is_string()  && needle 
[10-Apr-2022 07:49:59 Europe/Berlin] $_POST [] served
[10-Apr-2022 07:50:00 Europe/Berlin] schemaClass user && field_or_id  && is_string()  && needle 
[10-Apr-2022 07:50:00 Europe/Berlin] more is requested specifically after 10
[10-Apr-2022 07:50:01 Europe/Berlin] $_POST {"op":"get after","id":10} served
[10-Apr-2022 07:50:04 Europe/Berlin] schemaClass subject && field_or_id  && is_string()  && needle 
[10-Apr-2022 07:50:04 Europe/Berlin] $_POST [] served
[10-Apr-2022 07:50:05 Europe/Berlin] schemaClass student && field_or_id  && is_string()  && needle 
[10-Apr-2022 07:50:05 Europe/Berlin] $_POST [] served
[10-Apr-2022 07:50:13 Europe/Berlin] schemaClass student && field_or_id  && is_string()  && needle 
[10-Apr-2022 07:50:13 Europe/Berlin] $_POST [] served
[10-Apr-2022 07:51:24 Europe/Berlin] schemaClass student && field_or_id  && is_string()  && needle 
[10-Apr-2022 07:51:25 Europe/Berlin] $_POST [] served
[10-Apr-2022 07:51:26 Europe/Berlin] schemaClass student && field_or_id  && is_string()  && needle 
[10-Apr-2022 07:51:26 Europe/Berlin] more is requested specifically after 110
[10-Apr-2022 07:51:26 Europe/Berlin] $_POST {"op":"get after","id":110} served
[10-Apr-2022 07:51:58 Europe/Berlin] schemaClass user && field_or_id  && is_string()  && needle 
[10-Apr-2022 07:51:58 Europe/Berlin] $_POST [] served
[10-Apr-2022 07:52:04 Europe/Berlin] schemaClass role && field_or_id  && is_string()  && needle 
[10-Apr-2022 07:52:04 Europe/Berlin] $_POST [] served
[10-Apr-2022 07:52:54 Europe/Berlin] schemaClass exam && field_or_id  && is_string()  && needle 
[10-Apr-2022 07:52:54 Europe/Berlin] $_POST {"limit":1000000000} served
[10-Apr-2022 07:52:54 Europe/Berlin] schemaClass exam_center && field_or_id  && is_string()  && needle 
[10-Apr-2022 07:52:54 Europe/Berlin] $_POST {"limit":1000000000} served
[10-Apr-2022 07:53:16 Europe/Berlin] schemaClass exam && field_or_id  && is_string()  && needle 
[10-Apr-2022 07:53:16 Europe/Berlin] $_POST {"limit":1000000000} served
[10-Apr-2022 07:53:16 Europe/Berlin] schemaClass exam_center && field_or_id  && is_string()  && needle 
[10-Apr-2022 07:53:16 Europe/Berlin] $_POST {"limit":1000000000} served
[10-Apr-2022 07:53:30 Europe/Berlin] schemaClass exam && field_or_id  && is_string()  && needle 
[10-Apr-2022 07:53:30 Europe/Berlin] $_POST {"limit":1000000000} served
[10-Apr-2022 07:53:30 Europe/Berlin] schemaClass exam_center && field_or_id  && is_string()  && needle 
[10-Apr-2022 07:53:30 Europe/Berlin] $_POST {"limit":1000000000} served
[10-Apr-2022 07:53:41 Europe/Berlin] schemaClass exam && field_or_id  && is_string()  && needle 
[10-Apr-2022 07:53:41 Europe/Berlin] $_POST {"limit":1000000000} served
[10-Apr-2022 07:53:41 Europe/Berlin] schemaClass exam_center && field_or_id  && is_string()  && needle 
[10-Apr-2022 07:53:41 Europe/Berlin] $_POST {"limit":1000000000} served
[10-Apr-2022 07:53:48 Europe/Berlin] schemaClass exam && field_or_id  && is_string()  && needle 
[10-Apr-2022 07:53:48 Europe/Berlin] $_POST {"limit":1000000000} served
[10-Apr-2022 07:53:48 Europe/Berlin] schemaClass exam_center && field_or_id  && is_string()  && needle 
[10-Apr-2022 07:53:48 Europe/Berlin] $_POST {"limit":1000000000} served
[10-Apr-2022 07:53:57 Europe/Berlin] schemaClass exam && field_or_id  && is_string()  && needle 
[10-Apr-2022 07:53:57 Europe/Berlin] $_POST {"limit":1000000000} served
[10-Apr-2022 07:53:57 Europe/Berlin] schemaClass exam_center && field_or_id  && is_string()  && needle 
[10-Apr-2022 07:53:57 Europe/Berlin] $_POST {"limit":1000000000} served
[10-Apr-2022 07:54:07 Europe/Berlin] schemaClass role && field_or_id  && is_string()  && needle 
[10-Apr-2022 07:54:07 Europe/Berlin] $_POST [] served
[10-Apr-2022 07:54:37 Europe/Berlin] schemaClass exam && field_or_id  && is_string()  && needle 
[10-Apr-2022 07:54:37 Europe/Berlin] $_POST {"limit":1000000000} failed Caught exception: You don't have permission to read exams
[10-Apr-2022 07:54:37 Europe/Berlin] schemaClass exam_center && field_or_id  && is_string()  && needle 
[10-Apr-2022 07:54:37 Europe/Berlin] $_POST {"limit":1000000000} failed Caught exception: You don't have permission to read exam_centers
[10-Apr-2022 07:54:41 Europe/Berlin] schemaClass exam && field_or_id  && is_string()  && needle 
[10-Apr-2022 07:54:41 Europe/Berlin] $_POST {"limit":1000000000} failed Caught exception: You don't have permission to read exams
[10-Apr-2022 07:54:41 Europe/Berlin] schemaClass exam_center && field_or_id  && is_string()  && needle 
[10-Apr-2022 07:54:41 Europe/Berlin] $_POST {"limit":1000000000} failed Caught exception: You don't have permission to read exam_centers
[10-Apr-2022 07:56:04 Europe/Berlin] schemaClass student_exam && field_or_id  && is_string()  && needle 
[10-Apr-2022 07:56:04 Europe/Berlin] $_POST [] served
[10-Apr-2022 07:56:17 Europe/Berlin] schemaClass subject && field_or_id  && is_string()  && needle 
[10-Apr-2022 07:56:17 Europe/Berlin] $_POST [] served
[10-Apr-2022 07:56:18 Europe/Berlin] schemaClass subject && field_or_id  && is_string()  && needle 
[10-Apr-2022 07:56:18 Europe/Berlin] more is requested specifically after 22
[10-Apr-2022 07:56:18 Europe/Berlin] $_POST {"op":"get after","id":22} served
[10-Apr-2022 07:56:20 Europe/Berlin] schemaClass exam_center && field_or_id  && is_string()  && needle 
[10-Apr-2022 07:56:20 Europe/Berlin] $_POST [] served
[10-Apr-2022 07:56:22 Europe/Berlin] schemaClass user && field_or_id  && is_string()  && needle 
[10-Apr-2022 07:56:22 Europe/Berlin] $_POST [] served
[10-Apr-2022 07:56:24 Europe/Berlin] schemaClass user && field_or_id  && is_string()  && needle 
[10-Apr-2022 07:56:24 Europe/Berlin] more is requested specifically after 10
[10-Apr-2022 07:56:24 Europe/Berlin] $_POST {"op":"get after","id":10} served
[10-Apr-2022 07:56:26 Europe/Berlin] schemaClass role_has_permission && field_or_id role_id && is_string(role_id) 1 && needle 1
[10-Apr-2022 07:56:27 Europe/Berlin] schemaClass role_has_permission && field_or_id role_id && is_string(role_id) 1 && needle 1
[10-Apr-2022 07:56:29 Europe/Berlin] schemaClass role && field_or_id  && is_string()  && needle 
[10-Apr-2022 07:56:29 Europe/Berlin] $_POST [] served
[10-Apr-2022 07:56:39 Europe/Berlin] schemaClass user && field_or_id  && is_string()  && needle 
[10-Apr-2022 07:56:39 Europe/Berlin] $_POST [] served
[10-Apr-2022 07:56:56 Europe/Berlin] schemaClass exam && field_or_id  && is_string()  && needle 
[10-Apr-2022 07:56:56 Europe/Berlin] $_POST {"limit":1000000000} served
[10-Apr-2022 07:56:56 Europe/Berlin] schemaClass exam_center && field_or_id  && is_string()  && needle 
[10-Apr-2022 07:56:56 Europe/Berlin] $_POST {"limit":1000000000} served
[10-Apr-2022 07:57:01 Europe/Berlin] schemaClass exam && field_or_id  && is_string()  && needle 
[10-Apr-2022 07:57:01 Europe/Berlin] $_POST {"limit":1000000000} served
[10-Apr-2022 07:57:01 Europe/Berlin] schemaClass exam_center && field_or_id  && is_string()  && needle 
[10-Apr-2022 07:57:01 Europe/Berlin] $_POST {"limit":1000000000} served
[10-Apr-2022 07:57:09 Europe/Berlin] schemaClass exam && field_or_id  && is_string()  && needle 
[10-Apr-2022 07:57:09 Europe/Berlin] $_POST {"limit":1000000000} served
[10-Apr-2022 07:57:09 Europe/Berlin] schemaClass exam_center && field_or_id  && is_string()  && needle 
[10-Apr-2022 07:57:09 Europe/Berlin] $_POST {"limit":1000000000} served
[10-Apr-2022 07:57:21 Europe/Berlin] schemaClass role_has_permission && field_or_id role_id && is_string(role_id) 1 && needle 6
[10-Apr-2022 07:57:33 Europe/Berlin] schemaClass role && field_or_id  && is_string()  && needle 
[10-Apr-2022 07:57:33 Europe/Berlin] $_POST [] served
[10-Apr-2022 07:57:51 Europe/Berlin] schemaClass exam && field_or_id  && is_string()  && needle 
[10-Apr-2022 07:57:51 Europe/Berlin] $_POST {"limit":1000000000} served
[10-Apr-2022 07:57:51 Europe/Berlin] schemaClass exam_center && field_or_id  && is_string()  && needle 
[10-Apr-2022 07:57:51 Europe/Berlin] Access Denied Exception AccessDeniedException: You don't have permission to read users in C:\xampp\htdocs\mnu\application\models\basemodel.php:261
Stack trace:
#0 C:\xampp\htdocs\mnu\application\models\basemodel.php(364): BaseModel->__select_stmt(Array, Array, Array, Array, Array)
#1 C:\xampp\htdocs\mnu\application\controller\Api.php(173): BaseModel->select(Array, 'user', Array)
#2 [internal function]: Api->{closure}(Object(Exam_Center))
#3 C:\xampp\htdocs\mnu\application\controller\Api.php(191): array_map(Object(Closure), Array)
#4 C:\xampp\htdocs\mnu\application\libs\application.php(49): Api->read('exam_center')
#5 C:\xampp\htdocs\mnu\index.php(163): Application->__construct()
#6 {main}
[10-Apr-2022 07:57:51 Europe/Berlin] You have access to exam_center but: You don't have permission to read users
[10-Apr-2022 07:57:51 Europe/Berlin] Access Denied Exception AccessDeniedException: You don't have permission to read users in C:\xampp\htdocs\mnu\application\models\basemodel.php:261
Stack trace:
#0 C:\xampp\htdocs\mnu\application\models\basemodel.php(364): BaseModel->__select_stmt(Array, Array, Array, Array, Array)
#1 C:\xampp\htdocs\mnu\application\controller\Api.php(173): BaseModel->select(Array, 'user', Array)
#2 [internal function]: Api->{closure}(Object(Exam_Center))
#3 C:\xampp\htdocs\mnu\application\controller\Api.php(191): array_map(Object(Closure), Array)
#4 C:\xampp\htdocs\mnu\application\libs\application.php(49): Api->read('exam_center')
#5 C:\xampp\htdocs\mnu\index.php(163): Application->__construct()
#6 {main}
[10-Apr-2022 07:57:51 Europe/Berlin] You have access to exam_center but: You don't have permission to read users
[10-Apr-2022 07:57:51 Europe/Berlin] $_POST {"limit":1000000000} served
[10-Apr-2022 07:58:18 Europe/Berlin] schemaClass exam_center && field_or_id  && is_string()  && needle 
[10-Apr-2022 07:58:18 Europe/Berlin] Access Denied Exception AccessDeniedException: You don't have permission to read users in C:\xampp\htdocs\mnu\application\models\basemodel.php:261
Stack trace:
#0 C:\xampp\htdocs\mnu\application\models\basemodel.php(364): BaseModel->__select_stmt(Array, Array, Array, Array, Array)
#1 C:\xampp\htdocs\mnu\application\controller\Api.php(173): BaseModel->select(Array, 'user', Array)
#2 [internal function]: Api->{closure}(Object(Exam_Center))
#3 C:\xampp\htdocs\mnu\application\controller\Api.php(191): array_map(Object(Closure), Array)
#4 C:\xampp\htdocs\mnu\application\libs\application.php(49): Api->read('exam_center')
#5 C:\xampp\htdocs\mnu\index.php(163): Application->__construct()
#6 {main}
[10-Apr-2022 07:58:18 Europe/Berlin] You have access to exam_center but: You don't have permission to read users
[10-Apr-2022 07:58:18 Europe/Berlin] Access Denied Exception AccessDeniedException: You don't have permission to read users in C:\xampp\htdocs\mnu\application\models\basemodel.php:261
Stack trace:
#0 C:\xampp\htdocs\mnu\application\models\basemodel.php(364): BaseModel->__select_stmt(Array, Array, Array, Array, Array)
#1 C:\xampp\htdocs\mnu\application\controller\Api.php(173): BaseModel->select(Array, 'user', Array)
#2 [internal function]: Api->{closure}(Object(Exam_Center))
#3 C:\xampp\htdocs\mnu\application\controller\Api.php(191): array_map(Object(Closure), Array)
#4 C:\xampp\htdocs\mnu\application\libs\application.php(49): Api->read('exam_center')
#5 C:\xampp\htdocs\mnu\index.php(163): Application->__construct()
#6 {main}
[10-Apr-2022 07:58:18 Europe/Berlin] You have access to exam_center but: You don't have permission to read users
[10-Apr-2022 07:58:18 Europe/Berlin] $_POST {"limit":1000000000} served
[10-Apr-2022 07:58:18 Europe/Berlin] schemaClass exam && field_or_id  && is_string()  && needle 
[10-Apr-2022 07:58:18 Europe/Berlin] $_POST {"limit":1000000000} served
[10-Apr-2022 07:58:43 Europe/Berlin] schemaClass exam && field_or_id  && is_string()  && needle 
[10-Apr-2022 07:58:43 Europe/Berlin] $_POST {"limit":1000000000} served
[10-Apr-2022 07:58:43 Europe/Berlin] schemaClass exam_center && field_or_id  && is_string()  && needle 
[10-Apr-2022 07:58:43 Europe/Berlin] Access Denied Exception AccessDeniedException: You don't have permission to read users in C:\xampp\htdocs\mnu\application\models\basemodel.php:261
Stack trace:
#0 C:\xampp\htdocs\mnu\application\models\basemodel.php(364): BaseModel->__select_stmt(Array, Array, Array, Array, Array)
#1 C:\xampp\htdocs\mnu\application\controller\Api.php(173): BaseModel->select(Array, 'user', Array)
#2 [internal function]: Api->{closure}(Object(Exam_Center))
#3 C:\xampp\htdocs\mnu\application\controller\Api.php(191): array_map(Object(Closure), Array)
#4 C:\xampp\htdocs\mnu\application\libs\application.php(49): Api->read('exam_center')
#5 C:\xampp\htdocs\mnu\index.php(163): Application->__construct()
#6 {main}
[10-Apr-2022 07:58:43 Europe/Berlin] You have access to exam_center but: You don't have permission to read users
[10-Apr-2022 07:58:43 Europe/Berlin] Access Denied Exception AccessDeniedException: You don't have permission to read users in C:\xampp\htdocs\mnu\application\models\basemodel.php:261
Stack trace:
#0 C:\xampp\htdocs\mnu\application\models\basemodel.php(364): BaseModel->__select_stmt(Array, Array, Array, Array, Array)
#1 C:\xampp\htdocs\mnu\application\controller\Api.php(173): BaseModel->select(Array, 'user', Array)
#2 [internal function]: Api->{closure}(Object(Exam_Center))
#3 C:\xampp\htdocs\mnu\application\controller\Api.php(191): array_map(Object(Closure), Array)
#4 C:\xampp\htdocs\mnu\application\libs\application.php(49): Api->read('exam_center')
#5 C:\xampp\htdocs\mnu\index.php(163): Application->__construct()
#6 {main}
[10-Apr-2022 07:58:43 Europe/Berlin] You have access to exam_center but: You don't have permission to read users
[10-Apr-2022 07:58:43 Europe/Berlin] $_POST {"limit":1000000000} served
[10-Apr-2022 07:58:45 Europe/Berlin] schemaClass exam && field_or_id  && is_string()  && needle 
[10-Apr-2022 07:58:45 Europe/Berlin] $_POST {"limit":1000000000} served
[10-Apr-2022 07:58:45 Europe/Berlin] schemaClass exam_center && field_or_id  && is_string()  && needle 
[10-Apr-2022 07:58:45 Europe/Berlin] Access Denied Exception AccessDeniedException: You don't have permission to read users in C:\xampp\htdocs\mnu\application\models\basemodel.php:261
Stack trace:
#0 C:\xampp\htdocs\mnu\application\models\basemodel.php(364): BaseModel->__select_stmt(Array, Array, Array, Array, Array)
#1 C:\xampp\htdocs\mnu\application\controller\Api.php(173): BaseModel->select(Array, 'user', Array)
#2 [internal function]: Api->{closure}(Object(Exam_Center))
#3 C:\xampp\htdocs\mnu\application\controller\Api.php(191): array_map(Object(Closure), Array)
#4 C:\xampp\htdocs\mnu\application\libs\application.php(49): Api->read('exam_center')
#5 C:\xampp\htdocs\mnu\index.php(163): Application->__construct()
#6 {main}
[10-Apr-2022 07:58:45 Europe/Berlin] You have access to exam_center but: You don't have permission to read users
[10-Apr-2022 07:58:45 Europe/Berlin] Access Denied Exception AccessDeniedException: You don't have permission to read users in C:\xampp\htdocs\mnu\application\models\basemodel.php:261
Stack trace:
#0 C:\xampp\htdocs\mnu\application\models\basemodel.php(364): BaseModel->__select_stmt(Array, Array, Array, Array, Array)
#1 C:\xampp\htdocs\mnu\application\controller\Api.php(173): BaseModel->select(Array, 'user', Array)
#2 [internal function]: Api->{closure}(Object(Exam_Center))
#3 C:\xampp\htdocs\mnu\application\controller\Api.php(191): array_map(Object(Closure), Array)
#4 C:\xampp\htdocs\mnu\application\libs\application.php(49): Api->read('exam_center')
#5 C:\xampp\htdocs\mnu\index.php(163): Application->__construct()
#6 {main}
[10-Apr-2022 07:58:45 Europe/Berlin] You have access to exam_center but: You don't have permission to read users
[10-Apr-2022 07:58:45 Europe/Berlin] $_POST {"limit":1000000000} served
[10-Apr-2022 07:58:47 Europe/Berlin] schemaClass exam && field_or_id  && is_string()  && needle 
[10-Apr-2022 07:58:48 Europe/Berlin] $_POST {"limit":1000000000} served
[10-Apr-2022 07:58:48 Europe/Berlin] schemaClass exam_center && field_or_id  && is_string()  && needle 
[10-Apr-2022 07:58:48 Europe/Berlin] Access Denied Exception AccessDeniedException: You don't have permission to read users in C:\xampp\htdocs\mnu\application\models\basemodel.php:261
Stack trace:
#0 C:\xampp\htdocs\mnu\application\models\basemodel.php(364): BaseModel->__select_stmt(Array, Array, Array, Array, Array)
#1 C:\xampp\htdocs\mnu\application\controller\Api.php(173): BaseModel->select(Array, 'user', Array)
#2 [internal function]: Api->{closure}(Object(Exam_Center))
#3 C:\xampp\htdocs\mnu\application\controller\Api.php(191): array_map(Object(Closure), Array)
#4 C:\xampp\htdocs\mnu\application\libs\application.php(49): Api->read('exam_center')
#5 C:\xampp\htdocs\mnu\index.php(163): Application->__construct()
#6 {main}
[10-Apr-2022 07:58:48 Europe/Berlin] You have access to exam_center but: You don't have permission to read users
[10-Apr-2022 07:58:48 Europe/Berlin] Access Denied Exception AccessDeniedException: You don't have permission to read users in C:\xampp\htdocs\mnu\application\models\basemodel.php:261
Stack trace:
#0 C:\xampp\htdocs\mnu\application\models\basemodel.php(364): BaseModel->__select_stmt(Array, Array, Array, Array, Array)
#1 C:\xampp\htdocs\mnu\application\controller\Api.php(173): BaseModel->select(Array, 'user', Array)
#2 [internal function]: Api->{closure}(Object(Exam_Center))
#3 C:\xampp\htdocs\mnu\application\controller\Api.php(191): array_map(Object(Closure), Array)
#4 C:\xampp\htdocs\mnu\application\libs\application.php(49): Api->read('exam_center')
#5 C:\xampp\htdocs\mnu\index.php(163): Application->__construct()
#6 {main}
[10-Apr-2022 07:58:48 Europe/Berlin] You have access to exam_center but: You don't have permission to read users
[10-Apr-2022 07:58:48 Europe/Berlin] $_POST {"limit":1000000000} served
[10-Apr-2022 07:58:52 Europe/Berlin] schemaClass exam && field_or_id  && is_string()  && needle 
[10-Apr-2022 07:58:52 Europe/Berlin] $_POST {"limit":1000000000} served
[10-Apr-2022 07:58:52 Europe/Berlin] schemaClass exam_center && field_or_id  && is_string()  && needle 
[10-Apr-2022 07:58:52 Europe/Berlin] Access Denied Exception AccessDeniedException: You don't have permission to read users in C:\xampp\htdocs\mnu\application\models\basemodel.php:261
Stack trace:
#0 C:\xampp\htdocs\mnu\application\models\basemodel.php(364): BaseModel->__select_stmt(Array, Array, Array, Array, Array)
#1 C:\xampp\htdocs\mnu\application\controller\Api.php(173): BaseModel->select(Array, 'user', Array)
#2 [internal function]: Api->{closure}(Object(Exam_Center))
#3 C:\xampp\htdocs\mnu\application\controller\Api.php(191): array_map(Object(Closure), Array)
#4 C:\xampp\htdocs\mnu\application\libs\application.php(49): Api->read('exam_center')
#5 C:\xampp\htdocs\mnu\index.php(163): Application->__construct()
#6 {main}
[10-Apr-2022 07:58:52 Europe/Berlin] You have access to exam_center but: You don't have permission to read users
[10-Apr-2022 07:58:52 Europe/Berlin] Access Denied Exception AccessDeniedException: You don't have permission to read users in C:\xampp\htdocs\mnu\application\models\basemodel.php:261
Stack trace:
#0 C:\xampp\htdocs\mnu\application\models\basemodel.php(364): BaseModel->__select_stmt(Array, Array, Array, Array, Array)
#1 C:\xampp\htdocs\mnu\application\controller\Api.php(173): BaseModel->select(Array, 'user', Array)
#2 [internal function]: Api->{closure}(Object(Exam_Center))
#3 C:\xampp\htdocs\mnu\application\controller\Api.php(191): array_map(Object(Closure), Array)
#4 C:\xampp\htdocs\mnu\application\libs\application.php(49): Api->read('exam_center')
#5 C:\xampp\htdocs\mnu\index.php(163): Application->__construct()
#6 {main}
[10-Apr-2022 07:58:52 Europe/Berlin] You have access to exam_center but: You don't have permission to read users
[10-Apr-2022 07:58:52 Europe/Berlin] $_POST {"limit":1000000000} served
[10-Apr-2022 11:44:14 Europe/Berlin] schemaClass user && field_or_id  && is_string()  && needle 
[10-Apr-2022 11:44:14 Europe/Berlin] more is requested specifically after 10
[10-Apr-2022 11:44:14 Europe/Berlin] $_POST {"op":"get after","id":10} served
[10-Apr-2022 11:44:17 Europe/Berlin] schemaClass question && field_or_id  && is_string()  && needle 
[10-Apr-2022 11:44:17 Europe/Berlin] $_POST [] served
[10-Apr-2022 11:44:27 Europe/Berlin] schemaClass exam && field_or_id subject_id && is_string(subject_id) 1 && needle 1
[10-Apr-2022 11:44:29 Europe/Berlin] schemaClass student_exam && field_or_id exam_id && is_string(exam_id) 1 && needle 1
[10-Apr-2022 11:44:30 Europe/Berlin] schemaClass question && field_or_id  && is_string()  && needle 
[10-Apr-2022 11:44:30 Europe/Berlin] more is requested specifically after 11
[10-Apr-2022 11:44:30 Europe/Berlin] $_POST {"op":"get after","id":11} served
[10-Apr-2022 11:44:32 Europe/Berlin] schemaClass student_exam_has_choice && field_or_id student_exam_id && is_string(student_exam_id) 1 && needle 100
[10-Apr-2022 11:44:34 Europe/Berlin] schemaClass student_exam_has_question && field_or_id student_exam_id && is_string(student_exam_id) 1 && needle 100
[10-Apr-2022 11:44:37 Europe/Berlin] schemaClass topic && field_or_id subject_id && is_string(subject_id) 1 && needle 1
[10-Apr-2022 11:44:40 Europe/Berlin] schemaClass question && field_or_id  && is_string()  && needle 
[10-Apr-2022 11:44:40 Europe/Berlin] $_POST [] served
[10-Apr-2022 11:45:02 Europe/Berlin] schemaClass exam && field_or_id subject_id && is_string(subject_id) 1 && needle 1
[10-Apr-2022 11:45:03 Europe/Berlin] schemaClass question && field_or_id  && is_string()  && needle 
[10-Apr-2022 11:45:03 Europe/Berlin] more is requested specifically after 11
[10-Apr-2022 11:45:03 Europe/Berlin] $_POST {"op":"get after","id":11} served
[10-Apr-2022 11:45:04 Europe/Berlin] schemaClass student_exam && field_or_id exam_id && is_string(exam_id) 1 && needle 1
[10-Apr-2022 11:45:07 Europe/Berlin] schemaClass student_exam_has_choice && field_or_id student_exam_id && is_string(student_exam_id) 1 && needle 100
[10-Apr-2022 11:45:09 Europe/Berlin] schemaClass topic && field_or_id subject_id && is_string(subject_id) 1 && needle 1
[10-Apr-2022 11:45:10 Europe/Berlin] schemaClass question && field_or_id topic_id && is_string(topic_id) 1 && needle 1
[10-Apr-2022 11:45:13 Europe/Berlin] schemaClass choice && field_or_id question_id && is_string(question_id) 1 && needle 1
[10-Apr-2022 11:45:17 Europe/Berlin] schemaClass question && field_or_id topic_id && is_string(topic_id) 1 && needle 1
[10-Apr-2022 11:45:19 Europe/Berlin] schemaClass choice && field_or_id question_id && is_string(question_id) 1 && needle 1
[10-Apr-2022 11:45:20 Europe/Berlin] schemaClass student_exam_has_question && field_or_id question_id && is_string(question_id) 1 && needle 1
[10-Apr-2022 11:46:18 Europe/Berlin] schemaClass question && field_or_id topic_id && is_string(topic_id) 1 && needle 4
[10-Apr-2022 11:46:32 Europe/Berlin] schemaClass user && field_or_id  && is_string()  && needle 
[10-Apr-2022 11:46:32 Europe/Berlin] $_POST [] served
[10-Apr-2022 11:46:35 Europe/Berlin] schemaClass user && field_or_id  && is_string()  && needle 
[10-Apr-2022 11:46:35 Europe/Berlin] more is requested specifically after 10
[10-Apr-2022 11:46:35 Europe/Berlin] $_POST {"op":"get after","id":10} served
[10-Apr-2022 11:46:36 Europe/Berlin] schemaClass user && field_or_id  && is_string()  && needle 
[10-Apr-2022 11:46:36 Europe/Berlin] more is requested specifically after 21
[10-Apr-2022 11:46:36 Europe/Berlin] $_POST {"op":"get after","id":21} served
[10-Apr-2022 11:46:38 Europe/Berlin] schemaClass user && field_or_id  && is_string()  && needle 
[10-Apr-2022 11:46:38 Europe/Berlin] more is requested specifically after 31
[10-Apr-2022 11:46:38 Europe/Berlin] $_POST {"op":"get after","id":31} served
[10-Apr-2022 11:46:46 Europe/Berlin] schemaClass permission && field_or_id  && is_string()  && needle 
[10-Apr-2022 11:46:46 Europe/Berlin] $_POST [] served
[10-Apr-2022 11:46:49 Europe/Berlin] schemaClass permission && field_or_id  && is_string()  && needle 
[10-Apr-2022 11:46:49 Europe/Berlin] more is requested specifically after 30
[10-Apr-2022 11:46:49 Europe/Berlin] $_POST {"op":"get after","id":30} served
[10-Apr-2022 11:46:51 Europe/Berlin] schemaClass permission && field_or_id  && is_string()  && needle 
[10-Apr-2022 11:46:51 Europe/Berlin] more is requested specifically after 42
[10-Apr-2022 11:46:51 Europe/Berlin] $_POST {"op":"get after","id":42} served
[10-Apr-2022 11:47:05 Europe/Berlin] schemaClass student_exam && field_or_id  && is_string()  && needle 
[10-Apr-2022 11:47:05 Europe/Berlin] $_POST [] served
[10-Apr-2022 11:47:06 Europe/Berlin] schemaClass student && field_or_id  && is_string()  && needle 
[10-Apr-2022 11:47:06 Europe/Berlin] $_POST [] served
[10-Apr-2022 11:47:10 Europe/Berlin] schemaClass topic && field_or_id  && is_string()  && needle 
[10-Apr-2022 11:47:10 Europe/Berlin] $_POST [] served
[10-Apr-2022 13:18:34 Europe/Berlin] schemaClass topic && field_or_id  && is_string()  && needle 
[10-Apr-2022 13:18:34 Europe/Berlin] $_POST [] served
[10-Apr-2022 13:18:54 Europe/Berlin] schemaClass subject && field_or_id  && is_string()  && needle 
[10-Apr-2022 13:18:54 Europe/Berlin] $_POST [] served
[10-Apr-2022 13:19:00 Europe/Berlin] schemaClass exam && field_or_id subject_id && is_string(subject_id) 1 && needle 2
[10-Apr-2022 13:19:00 Europe/Berlin] schemaClass topic && field_or_id subject_id && is_string(subject_id) 1 && needle 2
[10-Apr-2022 13:19:02 Europe/Berlin] schemaClass exam && field_or_id subject_id && is_string(subject_id) 1 && needle 2
[10-Apr-2022 13:19:02 Europe/Berlin] schemaClass topic && field_or_id subject_id && is_string(subject_id) 1 && needle 2
[10-Apr-2022 13:19:03 Europe/Berlin] schemaClass question && field_or_id topic_id && is_string(topic_id) 1 && needle 2
[10-Apr-2022 13:19:04 Europe/Berlin] schemaClass question && field_or_id topic_id && is_string(topic_id) 1 && needle 4
[10-Apr-2022 13:19:04 Europe/Berlin] schemaClass question && field_or_id topic_id && is_string(topic_id) 1 && needle 6
[10-Apr-2022 13:19:08 Europe/Berlin] schemaClass subject && field_or_id  && is_string()  && needle 
[10-Apr-2022 13:19:08 Europe/Berlin] $_POST [] served
[10-Apr-2022 13:19:12 Europe/Berlin] schemaClass exam && field_or_id subject_id && is_string(subject_id) 1 && needle 1
[10-Apr-2022 13:19:15 Europe/Berlin] schemaClass topic && field_or_id subject_id && is_string(subject_id) 1 && needle 1
[10-Apr-2022 13:19:16 Europe/Berlin] schemaClass question && field_or_id topic_id && is_string(topic_id) 1 && needle 1
[10-Apr-2022 13:19:32 Europe/Berlin] schemaClass user && field_or_id  && is_string()  && needle 
[10-Apr-2022 13:19:32 Europe/Berlin] $_POST [] served
[10-Apr-2022 13:19:34 Europe/Berlin] schemaClass question && field_or_id  && is_string()  && needle 
[10-Apr-2022 13:19:34 Europe/Berlin] $_POST [] served
[10-Apr-2022 13:19:42 Europe/Berlin] schemaClass question && field_or_id  && is_string()  && needle 
[10-Apr-2022 13:19:42 Europe/Berlin] $_POST [] served
[10-Apr-2022 13:19:46 Europe/Berlin] schemaClass choice && field_or_id question_id && is_string(question_id) 1 && needle 3
[10-Apr-2022 13:19:59 Europe/Berlin] schemaClass question && field_or_id  && is_string()  && needle 
[10-Apr-2022 13:19:59 Europe/Berlin] more is requested specifically after 11
[10-Apr-2022 13:19:59 Europe/Berlin] $_POST {"op":"get after","id":11} served
[10-Apr-2022 13:20:07 Europe/Berlin] schemaClass question && field_or_id topic_id && is_string(topic_id) 1 && needle 4
[10-Apr-2022 13:20:27 Europe/Berlin] schemaClass question && field_or_id  && is_string()  && needle 
[10-Apr-2022 13:20:28 Europe/Berlin] $_POST [] served
[10-Apr-2022 13:20:37 Europe/Berlin] schemaClass role && field_or_id  && is_string()  && needle 
[10-Apr-2022 13:20:37 Europe/Berlin] $_POST [] served
[10-Apr-2022 13:21:20 Europe/Berlin] schemaClass role && field_or_id  && is_string()  && needle 
[10-Apr-2022 13:21:20 Europe/Berlin] $_POST [] served
[10-Apr-2022 13:21:24 Europe/Berlin] schemaClass role_has_permission && field_or_id role_id && is_string(role_id) 1 && needle 1
[10-Apr-2022 13:21:26 Europe/Berlin] schemaClass role_has_permission && field_or_id role_id && is_string(role_id) 1 && needle 1
[10-Apr-2022 13:21:32 Europe/Berlin] schemaClass user && field_or_id  && is_string()  && needle 
[10-Apr-2022 13:21:32 Europe/Berlin] $_POST [] served
[10-Apr-2022 13:21:33 Europe/Berlin] schemaClass user && field_or_id  && is_string()  && needle 
[10-Apr-2022 13:21:33 Europe/Berlin] more is requested specifically after 10
[10-Apr-2022 13:21:34 Europe/Berlin] $_POST {"op":"get after","id":10} served
[10-Apr-2022 13:51:42 Europe/Berlin] schemaClass user && field_or_id  && is_string()  && needle 
[10-Apr-2022 13:51:42 Europe/Berlin] $_POST [] served
[10-Apr-2022 13:52:02 Europe/Berlin] schemaClass subject && field_or_id  && is_string()  && needle 
[10-Apr-2022 13:52:02 Europe/Berlin] $_POST [] served
[10-Apr-2022 13:52:12 Europe/Berlin] schemaClass topic && field_or_id subject_id && is_string(subject_id) 1 && needle 2
[10-Apr-2022 13:52:22 Europe/Berlin] schemaClass question && field_or_id topic_id && is_string(topic_id) 1 && needle 6
[10-Apr-2022 13:52:37 Europe/Berlin] schemaClass role && field_or_id  && is_string()  && needle 
[10-Apr-2022 13:52:37 Europe/Berlin] $_POST [] served
[10-Apr-2022 13:52:41 Europe/Berlin] schemaClass user && field_or_id role_id && is_string(role_id) 1 && needle 1
[10-Apr-2022 13:53:00 Europe/Berlin] schemaClass student_exam && field_or_id  && is_string()  && needle 
[10-Apr-2022 13:53:00 Europe/Berlin] $_POST [] served
[10-Apr-2022 13:56:13 Europe/Berlin] schemaClass student_exam && field_or_id  && is_string()  && needle 
[10-Apr-2022 13:56:13 Europe/Berlin] $_POST [] served
[10-Apr-2022 14:01:18 Europe/Berlin] schemaClass user && field_or_id  && is_string()  && needle 
[10-Apr-2022 14:01:18 Europe/Berlin] $_POST [] served
[10-Apr-2022 14:01:29 Europe/Berlin] schemaClass exam && field_or_id  && is_string()  && needle 
[10-Apr-2022 14:01:29 Europe/Berlin] $_POST [] served
[10-Apr-2022 14:01:36 Europe/Berlin] schemaClass exam_center && field_or_id  && is_string()  && needle 
[10-Apr-2022 14:01:36 Europe/Berlin] $_POST [] served
[10-Apr-2022 14:01:38 Europe/Berlin] schemaClass subject && field_or_id  && is_string()  && needle 
[10-Apr-2022 14:01:38 Europe/Berlin] $_POST [] served
[10-Apr-2022 14:01:47 Europe/Berlin] schemaClass role && field_or_id  && is_string()  && needle 
[10-Apr-2022 14:01:47 Europe/Berlin] $_POST [] served
[10-Apr-2022 14:05:49 Europe/Berlin] schemaClass role && field_or_id  && is_string()  && needle 
[10-Apr-2022 14:05:49 Europe/Berlin] $_POST [] served
[10-Apr-2022 14:17:24 Europe/Berlin] schemaClass exam && field_or_id  && is_string()  && needle 
[10-Apr-2022 14:17:24 Europe/Berlin] $_POST [] served
[10-Apr-2022 14:19:34 Europe/Berlin] schemaClass exam && field_or_id  && is_string()  && needle 
[10-Apr-2022 14:19:34 Europe/Berlin] $_POST [] served
[10-Apr-2022 14:23:10 Europe/Berlin] schemaClass exam && field_or_id  && is_string()  && needle 
[10-Apr-2022 14:23:10 Europe/Berlin] $_POST [] served
[10-Apr-2022 14:24:13 Europe/Berlin] schemaClass exam && field_or_id  && is_string()  && needle 
[10-Apr-2022 14:24:13 Europe/Berlin] $_POST [] served
[10-Apr-2022 14:24:22 Europe/Berlin] schemaClass student_exam && field_or_id  && is_string()  && needle 
[10-Apr-2022 14:24:22 Europe/Berlin] $_POST [] served
[10-Apr-2022 15:13:13 Europe/Berlin] schemaClass topic && field_or_id  && is_string()  && needle 
[10-Apr-2022 15:13:13 Europe/Berlin] $_POST [] served
[10-Apr-2022 15:36:54 Europe/Berlin] schemaClass user && field_or_id  && is_string()  && needle 
[10-Apr-2022 15:36:54 Europe/Berlin] $_POST [] served
[10-Apr-2022 15:36:57 Europe/Berlin] schemaClass question && field_or_id  && is_string()  && needle 
[10-Apr-2022 15:36:57 Europe/Berlin] $_POST [] served
[10-Apr-2022 15:52:19 Europe/Berlin] schemaClass question && field_or_id  && is_string()  && needle 
[10-Apr-2022 15:52:19 Europe/Berlin] $_POST [] served
[10-Apr-2022 15:52:20 Europe/Berlin] schemaClass question && field_or_id  && is_string()  && needle 
[10-Apr-2022 15:52:20 Europe/Berlin] more is requested specifically after 104
[10-Apr-2022 15:52:20 Europe/Berlin] $_POST {"op":"get after","id":104} served
[10-Apr-2022 15:55:07 Europe/Berlin] schemaClass question && field_or_id  && is_string()  && needle 
[10-Apr-2022 15:55:07 Europe/Berlin] $_POST [] served
[10-Apr-2022 15:59:17 Europe/Berlin] schemaClass question && field_or_id  && is_string()  && needle 
[10-Apr-2022 15:59:17 Europe/Berlin] $_POST [] served
[10-Apr-2022 17:31:17 Europe/Berlin] schemaClass question && field_or_id  && is_string()  && needle 
[10-Apr-2022 17:31:18 Europe/Berlin] $_POST [] served
[10-Apr-2022 17:31:19 Europe/Berlin] schemaClass question && field_or_id  && is_string()  && needle 
[10-Apr-2022 17:31:19 Europe/Berlin] more is requested specifically after 114
[10-Apr-2022 17:31:19 Europe/Berlin] $_POST {"op":"get after","id":114} served
[10-Apr-2022 17:31:22 Europe/Berlin] schemaClass student_exam_has_question && field_or_id question_id && is_string(question_id) 1 && needle 114
[10-Apr-2022 17:31:32 Europe/Berlin] schemaClass student_exam_has_question && field_or_id question_id && is_string(question_id) 1 && needle 114
[10-Apr-2022 17:31:34 Europe/Berlin] schemaClass choice && field_or_id question_id && is_string(question_id) 1 && needle 114
[10-Apr-2022 17:38:34 Europe/Berlin] schemaClass question && field_or_id  && is_string()  && needle 
[10-Apr-2022 17:38:34 Europe/Berlin] $_POST [] served
[10-Apr-2022 17:38:37 Europe/Berlin] schemaClass question && field_or_id  && is_string()  && needle 
[10-Apr-2022 17:38:37 Europe/Berlin] more is requested specifically after 116
[10-Apr-2022 17:38:37 Europe/Berlin] $_POST {"op":"get after","id":116} served
[10-Apr-2022 17:38:40 Europe/Berlin] schemaClass choice && field_or_id question_id && is_string(question_id) 1 && needle 116
[10-Apr-2022 17:47:29 Europe/Berlin] schemaClass question && field_or_id  && is_string()  && needle 
[10-Apr-2022 17:47:30 Europe/Berlin] $_POST [] served
[10-Apr-2022 17:47:31 Europe/Berlin] schemaClass question && field_or_id  && is_string()  && needle 
[10-Apr-2022 17:47:31 Europe/Berlin] more is requested specifically after 117
[10-Apr-2022 17:47:31 Europe/Berlin] $_POST {"op":"get after","id":117} served
[10-Apr-2022 17:47:36 Europe/Berlin] schemaClass choice && field_or_id question_id && is_string(question_id) 1 && needle 117
[10-Apr-2022 17:50:44 Europe/Berlin] schemaClass question && field_or_id  && is_string()  && needle 
[10-Apr-2022 17:50:44 Europe/Berlin] $_POST [] served
[10-Apr-2022 17:50:45 Europe/Berlin] schemaClass question && field_or_id  && is_string()  && needle 
[10-Apr-2022 17:50:45 Europe/Berlin] more is requested specifically after 118
[10-Apr-2022 17:50:45 Europe/Berlin] $_POST {"op":"get after","id":118} served
[10-Apr-2022 17:50:47 Europe/Berlin] schemaClass choice && field_or_id question_id && is_string(question_id) 1 && needle 118
[10-Apr-2022 18:02:26 Europe/Berlin] schemaClass question && field_or_id  && is_string()  && needle 
[10-Apr-2022 18:02:26 Europe/Berlin] $_POST [] served
[10-Apr-2022 18:02:27 Europe/Berlin] schemaClass question && field_or_id  && is_string()  && needle 
[10-Apr-2022 18:02:27 Europe/Berlin] more is requested specifically after 118
[10-Apr-2022 18:02:27 Europe/Berlin] $_POST {"op":"get after","id":118} served
[10-Apr-2022 18:02:31 Europe/Berlin] schemaClass choice && field_or_id question_id && is_string(question_id) 1 && needle 1
[10-Apr-2022 18:03:25 Europe/Berlin] schemaClass question && field_or_id  && is_string()  && needle 
[10-Apr-2022 18:03:25 Europe/Berlin] $_POST [] served
[10-Apr-2022 18:03:30 Europe/Berlin] schemaClass choice && field_or_id question_id && is_string(question_id) 1 && needle 1
[10-Apr-2022 18:04:37 Europe/Berlin] schemaClass question && field_or_id  && is_string()  && needle 
[10-Apr-2022 18:04:38 Europe/Berlin] $_POST [] served
[10-Apr-2022 18:04:40 Europe/Berlin] schemaClass choice && field_or_id question_id && is_string(question_id) 1 && needle 1
[10-Apr-2022 18:06:23 Europe/Berlin] schemaClass question && field_or_id  && is_string()  && needle 
[10-Apr-2022 18:06:23 Europe/Berlin] $_POST [] served
[10-Apr-2022 18:06:26 Europe/Berlin] schemaClass choice && field_or_id question_id && is_string(question_id) 1 && needle 1
[10-Apr-2022 19:00:19 Europe/Berlin] schemaClass choice && field_or_id question_id && is_string(question_id) 1 && needle 2
[10-Apr-2022 19:01:33 Europe/Berlin] schemaClass question && field_or_id  && is_string()  && needle 
[10-Apr-2022 19:01:33 Europe/Berlin] $_POST [] served
[10-Apr-2022 19:01:36 Europe/Berlin] schemaClass choice && field_or_id question_id && is_string(question_id) 1 && needle 1
[10-Apr-2022 19:03:45 Europe/Berlin] schemaClass question && field_or_id  && is_string()  && needle 
[10-Apr-2022 19:03:45 Europe/Berlin] $_POST [] served
[10-Apr-2022 19:03:48 Europe/Berlin] schemaClass choice && field_or_id question_id && is_string(question_id) 1 && needle 1
[10-Apr-2022 19:04:46 Europe/Berlin] schemaClass question && field_or_id  && is_string()  && needle 
[10-Apr-2022 19:04:46 Europe/Berlin] $_POST [] served
[10-Apr-2022 19:04:54 Europe/Berlin] schemaClass choice && field_or_id question_id && is_string(question_id) 1 && needle 1
[10-Apr-2022 19:08:51 Europe/Berlin] schemaClass question && field_or_id  && is_string()  && needle 
[10-Apr-2022 19:08:51 Europe/Berlin] $_POST [] served
[10-Apr-2022 19:08:55 Europe/Berlin] schemaClass choice && field_or_id question_id && is_string(question_id) 1 && needle 1
[10-Apr-2022 19:09:05 Europe/Berlin] schemaClass question && field_or_id  && is_string()  && needle 
[10-Apr-2022 19:09:06 Europe/Berlin] $_POST [] served
[10-Apr-2022 19:09:10 Europe/Berlin] schemaClass choice && field_or_id question_id && is_string(question_id) 1 && needle 1
[10-Apr-2022 19:24:17 Europe/Berlin] schemaClass question && field_or_id  && is_string()  && needle 
[10-Apr-2022 19:24:18 Europe/Berlin] $_POST [] served
[10-Apr-2022 19:24:20 Europe/Berlin] schemaClass choice && field_or_id question_id && is_string(question_id) 1 && needle 1
[10-Apr-2022 19:24:29 Europe/Berlin] schemaClass question && field_or_id  && is_string()  && needle 
[10-Apr-2022 19:24:30 Europe/Berlin] $_POST [] served
[10-Apr-2022 19:24:32 Europe/Berlin] schemaClass choice && field_or_id question_id && is_string(question_id) 1 && needle 1
[10-Apr-2022 19:24:33 Europe/Berlin] schemaClass question && field_or_id  && is_string()  && needle 
[10-Apr-2022 19:24:33 Europe/Berlin] more is requested specifically after 11
[10-Apr-2022 19:24:33 Europe/Berlin] $_POST {"op":"get after","id":11} served
[10-Apr-2022 19:25:25 Europe/Berlin] schemaClass question && field_or_id  && is_string()  && needle 
[10-Apr-2022 19:25:25 Europe/Berlin] $_POST [] served
[10-Apr-2022 19:25:27 Europe/Berlin] schemaClass question && field_or_id  && is_string()  && needle 
[10-Apr-2022 19:25:27 Europe/Berlin] more is requested specifically after 11
[10-Apr-2022 19:25:27 Europe/Berlin] $_POST {"op":"get after","id":11} served
[10-Apr-2022 19:25:29 Europe/Berlin] schemaClass choice && field_or_id question_id && is_string(question_id) 1 && needle 1
[10-Apr-2022 19:25:47 Europe/Berlin] schemaClass question && field_or_id  && is_string()  && needle 
[10-Apr-2022 19:25:47 Europe/Berlin] $_POST [] served
[10-Apr-2022 19:25:49 Europe/Berlin] schemaClass question && field_or_id  && is_string()  && needle 
[10-Apr-2022 19:25:49 Europe/Berlin] more is requested specifically after 11
[10-Apr-2022 19:25:49 Europe/Berlin] $_POST {"op":"get after","id":11} served
[10-Apr-2022 19:26:24 Europe/Berlin] schemaClass choice && field_or_id question_id && is_string(question_id) 1 && needle 1
[10-Apr-2022 19:26:49 Europe/Berlin] schemaClass question && field_or_id  && is_string()  && needle 
[10-Apr-2022 19:26:50 Europe/Berlin] $_POST [] served
[10-Apr-2022 19:26:51 Europe/Berlin] schemaClass question && field_or_id  && is_string()  && needle 
[10-Apr-2022 19:26:51 Europe/Berlin] more is requested specifically after 11
[10-Apr-2022 19:26:51 Europe/Berlin] $_POST {"op":"get after","id":11} served
[10-Apr-2022 19:27:12 Europe/Berlin] schemaClass choice && field_or_id question_id && is_string(question_id) 1 && needle 1
[10-Apr-2022 19:28:08 Europe/Berlin] schemaClass question && field_or_id  && is_string()  && needle 
[10-Apr-2022 19:28:09 Europe/Berlin] $_POST [] served
[10-Apr-2022 19:28:11 Europe/Berlin] schemaClass choice && field_or_id question_id && is_string(question_id) 1 && needle 1
[10-Apr-2022 19:28:12 Europe/Berlin] schemaClass question && field_or_id  && is_string()  && needle 
[10-Apr-2022 19:28:12 Europe/Berlin] more is requested specifically after 11
[10-Apr-2022 19:28:12 Europe/Berlin] $_POST {"op":"get after","id":11} served
[10-Apr-2022 19:29:10 Europe/Berlin] schemaClass question && field_or_id  && is_string()  && needle 
[10-Apr-2022 19:29:10 Europe/Berlin] $_POST [] served
[10-Apr-2022 19:29:12 Europe/Berlin] schemaClass question && field_or_id  && is_string()  && needle 
[10-Apr-2022 19:29:12 Europe/Berlin] more is requested specifically after 11
[10-Apr-2022 19:29:12 Europe/Berlin] $_POST {"op":"get after","id":11} served
[10-Apr-2022 19:29:14 Europe/Berlin] schemaClass choice && field_or_id question_id && is_string(question_id) 1 && needle 1
[10-Apr-2022 19:30:28 Europe/Berlin] schemaClass question && field_or_id  && is_string()  && needle 
[10-Apr-2022 19:30:28 Europe/Berlin] $_POST [] served
[10-Apr-2022 19:30:32 Europe/Berlin] schemaClass choice && field_or_id question_id && is_string(question_id) 1 && needle 1
[10-Apr-2022 19:31:16 Europe/Berlin] schemaClass question && field_or_id  && is_string()  && needle 
[10-Apr-2022 19:31:16 Europe/Berlin] $_POST [] served
[10-Apr-2022 19:31:22 Europe/Berlin] schemaClass choice && field_or_id question_id && is_string(question_id) 1 && needle 1
[10-Apr-2022 19:33:41 Europe/Berlin] schemaClass question && field_or_id  && is_string()  && needle 
[10-Apr-2022 19:33:42 Europe/Berlin] $_POST [] served
[10-Apr-2022 19:38:21 Europe/Berlin] schemaClass question && field_or_id  && is_string()  && needle 
[10-Apr-2022 19:38:21 Europe/Berlin] $_POST [] served
[10-Apr-2022 19:38:27 Europe/Berlin] schemaClass choice && field_or_id question_id && is_string(question_id) 1 && needle 1
[10-Apr-2022 19:38:51 Europe/Berlin] schemaClass question && field_or_id  && is_string()  && needle 
[10-Apr-2022 19:38:51 Europe/Berlin] $_POST [] served
[10-Apr-2022 19:38:53 Europe/Berlin] schemaClass choice && field_or_id question_id && is_string(question_id) 1 && needle 1
[10-Apr-2022 19:38:58 Europe/Berlin] schemaClass question && field_or_id  && is_string()  && needle 
[10-Apr-2022 19:38:58 Europe/Berlin] $_POST [] served
[10-Apr-2022 19:39:53 Europe/Berlin] schemaClass choice && field_or_id question_id && is_string(question_id) 1 && needle 1
[10-Apr-2022 19:40:51 Europe/Berlin] schemaClass question && field_or_id  && is_string()  && needle 
[10-Apr-2022 19:40:51 Europe/Berlin] $_POST [] served
[10-Apr-2022 19:41:55 Europe/Berlin] schemaClass choice && field_or_id question_id && is_string(question_id) 1 && needle 1
[10-Apr-2022 19:52:57 Europe/Berlin] schemaClass question && field_or_id  && is_string()  && needle 
[10-Apr-2022 19:52:57 Europe/Berlin] $_POST [] served
[10-Apr-2022 19:53:07 Europe/Berlin] schemaClass choice && field_or_id question_id && is_string(question_id) 1 && needle 1
[10-Apr-2022 19:55:26 Europe/Berlin] schemaClass question && field_or_id  && is_string()  && needle 
[10-Apr-2022 19:55:27 Europe/Berlin] $_POST [] served
[10-Apr-2022 19:55:29 Europe/Berlin] schemaClass choice && field_or_id question_id && is_string(question_id) 1 && needle 1
[10-Apr-2022 19:56:39 Europe/Berlin] schemaClass question && field_or_id  && is_string()  && needle 
[10-Apr-2022 19:56:39 Europe/Berlin] $_POST [] served
[10-Apr-2022 19:56:41 Europe/Berlin] schemaClass choice && field_or_id question_id && is_string(question_id) 1 && needle 1
[10-Apr-2022 19:56:53 Europe/Berlin] schemaClass question && field_or_id  && is_string()  && needle 
[10-Apr-2022 19:56:53 Europe/Berlin] $_POST [] served
[10-Apr-2022 19:56:57 Europe/Berlin] schemaClass choice && field_or_id question_id && is_string(question_id) 1 && needle 1
[10-Apr-2022 20:00:37 Europe/Berlin] schemaClass user && field_or_id  && is_string()  && needle 
[10-Apr-2022 20:00:37 Europe/Berlin] $_POST [] served
[10-Apr-2022 20:00:38 Europe/Berlin] schemaClass question && field_or_id  && is_string()  && needle 
[10-Apr-2022 20:00:38 Europe/Berlin] $_POST [] served
