[02-Apr-2022 12:58:24 Europe/Berlin] Exam dep fetch Student_Exam
[02-Apr-2022 12:58:24 Europe/Berlin] ->>jump over many2many table :: $dep<<<----dep: Student_Exam_Has_Question one_name: Exam many_name: Student_Question middle_table: Student_Exam_Has_Question middle_table_one_col:  middle_table_many_col:  row->id: 1
[02-Apr-2022 12:58:24 Europe/Berlin] $_POST [] failed Caught exception: Class 'Student_Question' not found
[02-Apr-2022 13:03:00 Europe/Berlin] Exam dep fetch Student_Exam
[02-Apr-2022 13:03:00 Europe/Berlin] $_POST [] served
[02-Apr-2022 13:07:12 Europe/Berlin] $_POST [] served
[02-Apr-2022 13:07:14 Europe/Berlin] more is requested specifically after 8
[02-Apr-2022 13:07:14 Europe/Berlin] $_POST {"op":"get after","id":8} served
[02-Apr-2022 13:07:14 Europe/Berlin] more is requested specifically after 16
[02-Apr-2022 13:07:14 Europe/Berlin] $_POST {"op":"get after","id":16} served
[02-Apr-2022 13:07:17 Europe/Berlin] more is requested specifically after 25
[02-Apr-2022 13:07:17 Europe/Berlin] $_POST {"op":"get after","id":25} served
[02-Apr-2022 13:07:18 Europe/Berlin] more is requested specifically after 31
[02-Apr-2022 13:07:18 Europe/Berlin] $_POST {"op":"get after","id":31} served
[02-Apr-2022 13:07:22 Europe/Berlin] Question dep fetch Choice
[02-Apr-2022 13:07:22 Europe/Berlin] ->>jump over many2many table :: $dep<<<----dep: Student_Exam_Has_Question one_name: Question many_name: Student_Exam middle_table: Student_Exam_Has_Question middle_table_one_col: student_exam_has_question.question_id middle_table_many_col: student_exam_has_question.student_exam_id row->id: 1
[02-Apr-2022 13:07:22 Europe/Berlin] Question dep fetch Choice
[02-Apr-2022 13:07:22 Europe/Berlin] ->>jump over many2many table :: $dep<<<----dep: Student_Exam_Has_Question one_name: Question many_name: Student_Exam middle_table: Student_Exam_Has_Question middle_table_one_col: student_exam_has_question.question_id middle_table_many_col: student_exam_has_question.student_exam_id row->id: 2
[02-Apr-2022 13:07:22 Europe/Berlin] Question dep fetch Choice
[02-Apr-2022 13:07:22 Europe/Berlin] ->>jump over many2many table :: $dep<<<----dep: Student_Exam_Has_Question one_name: Question many_name: Student_Exam middle_table: Student_Exam_Has_Question middle_table_one_col: student_exam_has_question.question_id middle_table_many_col: student_exam_has_question.student_exam_id row->id: 3
[02-Apr-2022 13:07:22 Europe/Berlin] Question dep fetch Choice
[02-Apr-2022 13:07:22 Europe/Berlin] ->>jump over many2many table :: $dep<<<----dep: Student_Exam_Has_Question one_name: Question many_name: Student_Exam middle_table: Student_Exam_Has_Question middle_table_one_col: student_exam_has_question.question_id middle_table_many_col: student_exam_has_question.student_exam_id row->id: 4
[02-Apr-2022 13:07:22 Europe/Berlin] $_POST [] served
[02-Apr-2022 13:07:24 Europe/Berlin] Exam dep fetch Student_Exam
[02-Apr-2022 13:07:24 Europe/Berlin] $_POST [] served
[02-Apr-2022 13:07:27 Europe/Berlin] ->>jump over many2many table :: $dep<<<----dep: Student_Exam_Has_Choice one_name: Exam_Center many_name: Student_ExamChoice middle_table: Student_Exam_Has_Choice middle_table_one_col:  middle_table_many_col:  row->id: 1
[02-Apr-2022 13:07:27 Europe/Berlin] $_POST [] failed Caught exception: Class 'Student_ExamChoice' not found
[02-Apr-2022 13:10:33 Europe/Berlin] Exam_Center dep fetch Student_Exam
[02-Apr-2022 13:10:33 Europe/Berlin] Exam_Center dep fetch Student_Exam
[02-Apr-2022 13:10:33 Europe/Berlin] $_POST [] served
[02-Apr-2022 13:10:37 Europe/Berlin] Subject dep fetch Exam
[02-Apr-2022 13:10:37 Europe/Berlin] Subject dep fetch Topic
[02-Apr-2022 13:10:37 Europe/Berlin] Subject dep fetch Exam
[02-Apr-2022 13:10:37 Europe/Berlin] Subject dep fetch Topic
[02-Apr-2022 13:10:37 Europe/Berlin] Subject dep fetch Exam
[02-Apr-2022 13:10:37 Europe/Berlin] Subject dep fetch Topic
[02-Apr-2022 13:10:37 Europe/Berlin] Subject dep fetch Exam
[02-Apr-2022 13:10:37 Europe/Berlin] Subject dep fetch Topic
[02-Apr-2022 13:10:37 Europe/Berlin] Subject dep fetch Exam
[02-Apr-2022 13:10:37 Europe/Berlin] Subject dep fetch Topic
[02-Apr-2022 13:10:37 Europe/Berlin] Subject dep fetch Exam
[02-Apr-2022 13:10:37 Europe/Berlin] Subject dep fetch Topic
[02-Apr-2022 13:10:37 Europe/Berlin] Subject dep fetch Exam
[02-Apr-2022 13:10:37 Europe/Berlin] Subject dep fetch Topic
[02-Apr-2022 13:10:37 Europe/Berlin] Subject dep fetch Exam
[02-Apr-2022 13:10:37 Europe/Berlin] Subject dep fetch Topic
[02-Apr-2022 13:10:37 Europe/Berlin] Subject dep fetch Exam
[02-Apr-2022 13:10:37 Europe/Berlin] Subject dep fetch Topic
[02-Apr-2022 13:10:37 Europe/Berlin] Subject dep fetch Exam
[02-Apr-2022 13:10:37 Europe/Berlin] Subject dep fetch Topic
[02-Apr-2022 13:10:37 Europe/Berlin] Subject dep fetch Exam
[02-Apr-2022 13:10:37 Europe/Berlin] Subject dep fetch Topic
[02-Apr-2022 13:10:37 Europe/Berlin] Subject dep fetch Exam
[02-Apr-2022 13:10:37 Europe/Berlin] Subject dep fetch Topic
[02-Apr-2022 13:10:37 Europe/Berlin] Subject dep fetch Exam
[02-Apr-2022 13:10:37 Europe/Berlin] Subject dep fetch Topic
[02-Apr-2022 13:10:37 Europe/Berlin] Subject dep fetch Exam
[02-Apr-2022 13:10:37 Europe/Berlin] Subject dep fetch Topic
[02-Apr-2022 13:10:37 Europe/Berlin] Subject dep fetch Exam
[02-Apr-2022 13:10:37 Europe/Berlin] Subject dep fetch Topic
[02-Apr-2022 13:10:37 Europe/Berlin] Subject dep fetch Exam
[02-Apr-2022 13:10:37 Europe/Berlin] Subject dep fetch Topic
[02-Apr-2022 13:10:37 Europe/Berlin] Subject dep fetch Exam
[02-Apr-2022 13:10:37 Europe/Berlin] Subject dep fetch Topic
[02-Apr-2022 13:10:37 Europe/Berlin] Subject dep fetch Exam
[02-Apr-2022 13:10:37 Europe/Berlin] Subject dep fetch Topic
[02-Apr-2022 13:10:37 Europe/Berlin] Subject dep fetch Exam
[02-Apr-2022 13:10:37 Europe/Berlin] Subject dep fetch Topic
[02-Apr-2022 13:10:37 Europe/Berlin] Subject dep fetch Exam
[02-Apr-2022 13:10:37 Europe/Berlin] Subject dep fetch Topic
[02-Apr-2022 13:10:37 Europe/Berlin] Subject dep fetch Exam
[02-Apr-2022 13:10:37 Europe/Berlin] Subject dep fetch Topic
[02-Apr-2022 13:10:37 Europe/Berlin] Subject dep fetch Exam
[02-Apr-2022 13:10:37 Europe/Berlin] Subject dep fetch Topic
[02-Apr-2022 13:10:37 Europe/Berlin] Subject dep fetch Exam
[02-Apr-2022 13:10:37 Europe/Berlin] Subject dep fetch Topic
[02-Apr-2022 13:10:37 Europe/Berlin] $_POST [] served
[02-Apr-2022 13:10:39 Europe/Berlin] more is requested specifically after 23
[02-Apr-2022 13:10:39 Europe/Berlin] $_POST {"op":"get after","id":23} served
[02-Apr-2022 13:10:43 Europe/Berlin] $_POST [] served
[02-Apr-2022 13:10:48 Europe/Berlin] ->>jump over many2many table :: $dep<<<----dep: Role_Has_Permission one_name: Permission many_name: Role middle_table: Role_Has_Permission middle_table_one_col: role_has_permission.permission_id middle_table_many_col: role_has_permission.role_id row->id: 1
[02-Apr-2022 13:10:48 Europe/Berlin] ->>jump over many2many table :: $dep<<<----dep: Role_Has_Permission one_name: Permission many_name: Role middle_table: Role_Has_Permission middle_table_one_col: role_has_permission.permission_id middle_table_many_col: role_has_permission.role_id row->id: 2
[02-Apr-2022 13:10:48 Europe/Berlin] ->>jump over many2many table :: $dep<<<----dep: Role_Has_Permission one_name: Permission many_name: Role middle_table: Role_Has_Permission middle_table_one_col: role_has_permission.permission_id middle_table_many_col: role_has_permission.role_id row->id: 3
[02-Apr-2022 13:10:48 Europe/Berlin] ->>jump over many2many table :: $dep<<<----dep: Role_Has_Permission one_name: Permission many_name: Role middle_table: Role_Has_Permission middle_table_one_col: role_has_permission.permission_id middle_table_many_col: role_has_permission.role_id row->id: 4
[02-Apr-2022 13:10:48 Europe/Berlin] ->>jump over many2many table :: $dep<<<----dep: Role_Has_Permission one_name: Permission many_name: Role middle_table: Role_Has_Permission middle_table_one_col: role_has_permission.permission_id middle_table_many_col: role_has_permission.role_id row->id: 5
[02-Apr-2022 13:10:48 Europe/Berlin] ->>jump over many2many table :: $dep<<<----dep: Role_Has_Permission one_name: Permission many_name: Role middle_table: Role_Has_Permission middle_table_one_col: role_has_permission.permission_id middle_table_many_col: role_has_permission.role_id row->id: 6
[02-Apr-2022 13:10:48 Europe/Berlin] ->>jump over many2many table :: $dep<<<----dep: Role_Has_Permission one_name: Permission many_name: Role middle_table: Role_Has_Permission middle_table_one_col: role_has_permission.permission_id middle_table_many_col: role_has_permission.role_id row->id: 7
[02-Apr-2022 13:10:48 Europe/Berlin] ->>jump over many2many table :: $dep<<<----dep: Role_Has_Permission one_name: Permission many_name: Role middle_table: Role_Has_Permission middle_table_one_col: role_has_permission.permission_id middle_table_many_col: role_has_permission.role_id row->id: 8
[02-Apr-2022 13:10:48 Europe/Berlin] ->>jump over many2many table :: $dep<<<----dep: Role_Has_Permission one_name: Permission many_name: Role middle_table: Role_Has_Permission middle_table_one_col: role_has_permission.permission_id middle_table_many_col: role_has_permission.role_id row->id: 9
[02-Apr-2022 13:10:48 Europe/Berlin] ->>jump over many2many table :: $dep<<<----dep: Role_Has_Permission one_name: Permission many_name: Role middle_table: Role_Has_Permission middle_table_one_col: role_has_permission.permission_id middle_table_many_col: role_has_permission.role_id row->id: 10
[02-Apr-2022 13:10:48 Europe/Berlin] ->>jump over many2many table :: $dep<<<----dep: Role_Has_Permission one_name: Permission many_name: Role middle_table: Role_Has_Permission middle_table_one_col: role_has_permission.permission_id middle_table_many_col: role_has_permission.role_id row->id: 11
[02-Apr-2022 13:10:48 Europe/Berlin] ->>jump over many2many table :: $dep<<<----dep: Role_Has_Permission one_name: Permission many_name: Role middle_table: Role_Has_Permission middle_table_one_col: role_has_permission.permission_id middle_table_many_col: role_has_permission.role_id row->id: 12
[02-Apr-2022 13:10:48 Europe/Berlin] ->>jump over many2many table :: $dep<<<----dep: Role_Has_Permission one_name: Permission many_name: Role middle_table: Role_Has_Permission middle_table_one_col: role_has_permission.permission_id middle_table_many_col: role_has_permission.role_id row->id: 13
[02-Apr-2022 13:10:48 Europe/Berlin] ->>jump over many2many table :: $dep<<<----dep: Role_Has_Permission one_name: Permission many_name: Role middle_table: Role_Has_Permission middle_table_one_col: role_has_permission.permission_id middle_table_many_col: role_has_permission.role_id row->id: 14
[02-Apr-2022 13:10:48 Europe/Berlin] ->>jump over many2many table :: $dep<<<----dep: Role_Has_Permission one_name: Permission many_name: Role middle_table: Role_Has_Permission middle_table_one_col: role_has_permission.permission_id middle_table_many_col: role_has_permission.role_id row->id: 15
[02-Apr-2022 13:10:48 Europe/Berlin] ->>jump over many2many table :: $dep<<<----dep: Role_Has_Permission one_name: Permission many_name: Role middle_table: Role_Has_Permission middle_table_one_col: role_has_permission.permission_id middle_table_many_col: role_has_permission.role_id row->id: 16
[02-Apr-2022 13:10:48 Europe/Berlin] ->>jump over many2many table :: $dep<<<----dep: Role_Has_Permission one_name: Permission many_name: Role middle_table: Role_Has_Permission middle_table_one_col: role_has_permission.permission_id middle_table_many_col: role_has_permission.role_id row->id: 17
[02-Apr-2022 13:10:48 Europe/Berlin] ->>jump over many2many table :: $dep<<<----dep: Role_Has_Permission one_name: Permission many_name: Role middle_table: Role_Has_Permission middle_table_one_col: role_has_permission.permission_id middle_table_many_col: role_has_permission.role_id row->id: 18
[02-Apr-2022 13:10:48 Europe/Berlin] ->>jump over many2many table :: $dep<<<----dep: Role_Has_Permission one_name: Permission many_name: Role middle_table: Role_Has_Permission middle_table_one_col: role_has_permission.permission_id middle_table_many_col: role_has_permission.role_id row->id: 19
[02-Apr-2022 13:10:48 Europe/Berlin] ->>jump over many2many table :: $dep<<<----dep: Role_Has_Permission one_name: Permission many_name: Role middle_table: Role_Has_Permission middle_table_one_col: role_has_permission.permission_id middle_table_many_col: role_has_permission.role_id row->id: 20
[02-Apr-2022 13:10:48 Europe/Berlin] ->>jump over many2many table :: $dep<<<----dep: Role_Has_Permission one_name: Permission many_name: Role middle_table: Role_Has_Permission middle_table_one_col: role_has_permission.permission_id middle_table_many_col: role_has_permission.role_id row->id: 21
[02-Apr-2022 13:10:48 Europe/Berlin] ->>jump over many2many table :: $dep<<<----dep: Role_Has_Permission one_name: Permission many_name: Role middle_table: Role_Has_Permission middle_table_one_col: role_has_permission.permission_id middle_table_many_col: role_has_permission.role_id row->id: 22
[02-Apr-2022 13:10:48 Europe/Berlin] ->>jump over many2many table :: $dep<<<----dep: Role_Has_Permission one_name: Permission many_name: Role middle_table: Role_Has_Permission middle_table_one_col: role_has_permission.permission_id middle_table_many_col: role_has_permission.role_id row->id: 23
[02-Apr-2022 13:10:48 Europe/Berlin] ->>jump over many2many table :: $dep<<<----dep: Role_Has_Permission one_name: Permission many_name: Role middle_table: Role_Has_Permission middle_table_one_col: role_has_permission.permission_id middle_table_many_col: role_has_permission.role_id row->id: 24
[02-Apr-2022 13:10:48 Europe/Berlin] ->>jump over many2many table :: $dep<<<----dep: Role_Has_Permission one_name: Permission many_name: Role middle_table: Role_Has_Permission middle_table_one_col: role_has_permission.permission_id middle_table_many_col: role_has_permission.role_id row->id: 25
[02-Apr-2022 13:10:48 Europe/Berlin] ->>jump over many2many table :: $dep<<<----dep: Role_Has_Permission one_name: Permission many_name: Role middle_table: Role_Has_Permission middle_table_one_col: role_has_permission.permission_id middle_table_many_col: role_has_permission.role_id row->id: 26
[02-Apr-2022 13:10:48 Europe/Berlin] ->>jump over many2many table :: $dep<<<----dep: Role_Has_Permission one_name: Permission many_name: Role middle_table: Role_Has_Permission middle_table_one_col: role_has_permission.permission_id middle_table_many_col: role_has_permission.role_id row->id: 27
[02-Apr-2022 13:10:48 Europe/Berlin] ->>jump over many2many table :: $dep<<<----dep: Role_Has_Permission one_name: Permission many_name: Role middle_table: Role_Has_Permission middle_table_one_col: role_has_permission.permission_id middle_table_many_col: role_has_permission.role_id row->id: 28
[02-Apr-2022 13:10:48 Europe/Berlin] ->>jump over many2many table :: $dep<<<----dep: Role_Has_Permission one_name: Permission many_name: Role middle_table: Role_Has_Permission middle_table_one_col: role_has_permission.permission_id middle_table_many_col: role_has_permission.role_id row->id: 29
[02-Apr-2022 13:10:48 Europe/Berlin] ->>jump over many2many table :: $dep<<<----dep: Role_Has_Permission one_name: Permission many_name: Role middle_table: Role_Has_Permission middle_table_one_col: role_has_permission.permission_id middle_table_many_col: role_has_permission.role_id row->id: 30
[02-Apr-2022 13:10:48 Europe/Berlin] $_POST [] served
[02-Apr-2022 13:10:49 Europe/Berlin] Role dep fetch User
[02-Apr-2022 13:10:49 Europe/Berlin] ->>jump over many2many table :: $dep<<<----dep: Role_Has_Permission one_name: Role many_name: Permission middle_table: Role_Has_Permission middle_table_one_col: role_has_permission.role_id middle_table_many_col: role_has_permission.permission_id row->id: 1
[02-Apr-2022 13:10:49 Europe/Berlin] Role dep fetch User
[02-Apr-2022 13:10:49 Europe/Berlin] ->>jump over many2many table :: $dep<<<----dep: Role_Has_Permission one_name: Role many_name: Permission middle_table: Role_Has_Permission middle_table_one_col: role_has_permission.role_id middle_table_many_col: role_has_permission.permission_id row->id: 2
[02-Apr-2022 13:10:49 Europe/Berlin] Role dep fetch User
[02-Apr-2022 13:10:49 Europe/Berlin] ->>jump over many2many table :: $dep<<<----dep: Role_Has_Permission one_name: Role many_name: Permission middle_table: Role_Has_Permission middle_table_one_col: role_has_permission.role_id middle_table_many_col: role_has_permission.permission_id row->id: 3
[02-Apr-2022 13:10:49 Europe/Berlin] Role dep fetch User
[02-Apr-2022 13:10:49 Europe/Berlin] ->>jump over many2many table :: $dep<<<----dep: Role_Has_Permission one_name: Role many_name: Permission middle_table: Role_Has_Permission middle_table_one_col: role_has_permission.role_id middle_table_many_col: role_has_permission.permission_id row->id: 4
[02-Apr-2022 13:10:49 Europe/Berlin] Role dep fetch User
[02-Apr-2022 13:10:49 Europe/Berlin] ->>jump over many2many table :: $dep<<<----dep: Role_Has_Permission one_name: Role many_name: Permission middle_table: Role_Has_Permission middle_table_one_col: role_has_permission.role_id middle_table_many_col: role_has_permission.permission_id row->id: 5
[02-Apr-2022 13:10:49 Europe/Berlin] Role dep fetch User
[02-Apr-2022 13:10:49 Europe/Berlin] ->>jump over many2many table :: $dep<<<----dep: Role_Has_Permission one_name: Role many_name: Permission middle_table: Role_Has_Permission middle_table_one_col: role_has_permission.role_id middle_table_many_col: role_has_permission.permission_id row->id: 6
[02-Apr-2022 13:10:49 Europe/Berlin] Role dep fetch User
[02-Apr-2022 13:10:49 Europe/Berlin] ->>jump over many2many table :: $dep<<<----dep: Role_Has_Permission one_name: Role many_name: Permission middle_table: Role_Has_Permission middle_table_one_col: role_has_permission.role_id middle_table_many_col: role_has_permission.permission_id row->id: 7
[02-Apr-2022 13:10:49 Europe/Berlin] Role dep fetch User
[02-Apr-2022 13:10:49 Europe/Berlin] ->>jump over many2many table :: $dep<<<----dep: Role_Has_Permission one_name: Role many_name: Permission middle_table: Role_Has_Permission middle_table_one_col: role_has_permission.role_id middle_table_many_col: role_has_permission.permission_id row->id: 8
[02-Apr-2022 13:10:49 Europe/Berlin] Role dep fetch User
[02-Apr-2022 13:10:49 Europe/Berlin] ->>jump over many2many table :: $dep<<<----dep: Role_Has_Permission one_name: Role many_name: Permission middle_table: Role_Has_Permission middle_table_one_col: role_has_permission.role_id middle_table_many_col: role_has_permission.permission_id row->id: 9
[02-Apr-2022 13:10:49 Europe/Berlin] $_POST [] served
[02-Apr-2022 13:10:50 Europe/Berlin] Topic dep fetch Question
[02-Apr-2022 13:10:50 Europe/Berlin] Topic dep fetch Question
[02-Apr-2022 13:10:50 Europe/Berlin] Topic dep fetch Question
[02-Apr-2022 13:10:50 Europe/Berlin] Topic dep fetch Question
[02-Apr-2022 13:10:50 Europe/Berlin] Topic dep fetch Question
[02-Apr-2022 13:10:50 Europe/Berlin] $_POST [] served
[02-Apr-2022 13:10:51 Europe/Berlin] Subject dep fetch Exam
[02-Apr-2022 13:10:51 Europe/Berlin] Subject dep fetch Topic
[02-Apr-2022 13:10:51 Europe/Berlin] Subject dep fetch Exam
[02-Apr-2022 13:10:51 Europe/Berlin] Subject dep fetch Topic
[02-Apr-2022 13:10:51 Europe/Berlin] Subject dep fetch Exam
[02-Apr-2022 13:10:51 Europe/Berlin] Subject dep fetch Topic
[02-Apr-2022 13:10:51 Europe/Berlin] Subject dep fetch Exam
[02-Apr-2022 13:10:51 Europe/Berlin] Subject dep fetch Topic
[02-Apr-2022 13:10:51 Europe/Berlin] Subject dep fetch Exam
[02-Apr-2022 13:10:51 Europe/Berlin] Subject dep fetch Topic
[02-Apr-2022 13:10:51 Europe/Berlin] Subject dep fetch Exam
[02-Apr-2022 13:10:51 Europe/Berlin] Subject dep fetch Topic
[02-Apr-2022 13:10:51 Europe/Berlin] Subject dep fetch Exam
[02-Apr-2022 13:10:51 Europe/Berlin] Subject dep fetch Topic
[02-Apr-2022 13:10:51 Europe/Berlin] Subject dep fetch Exam
[02-Apr-2022 13:10:51 Europe/Berlin] Subject dep fetch Topic
[02-Apr-2022 13:10:51 Europe/Berlin] Subject dep fetch Exam
[02-Apr-2022 13:10:51 Europe/Berlin] Subject dep fetch Topic
[02-Apr-2022 13:10:51 Europe/Berlin] Subject dep fetch Exam
[02-Apr-2022 13:10:51 Europe/Berlin] Subject dep fetch Topic
[02-Apr-2022 13:10:51 Europe/Berlin] Subject dep fetch Exam
[02-Apr-2022 13:10:51 Europe/Berlin] Subject dep fetch Topic
[02-Apr-2022 13:10:51 Europe/Berlin] Subject dep fetch Exam
[02-Apr-2022 13:10:51 Europe/Berlin] Subject dep fetch Topic
[02-Apr-2022 13:10:51 Europe/Berlin] Subject dep fetch Exam
[02-Apr-2022 13:10:51 Europe/Berlin] Subject dep fetch Topic
[02-Apr-2022 13:10:51 Europe/Berlin] Subject dep fetch Exam
[02-Apr-2022 13:10:51 Europe/Berlin] Subject dep fetch Topic
[02-Apr-2022 13:10:51 Europe/Berlin] Subject dep fetch Exam
[02-Apr-2022 13:10:51 Europe/Berlin] Subject dep fetch Topic
[02-Apr-2022 13:10:51 Europe/Berlin] Subject dep fetch Exam
[02-Apr-2022 13:10:51 Europe/Berlin] Subject dep fetch Topic
[02-Apr-2022 13:10:51 Europe/Berlin] Subject dep fetch Exam
[02-Apr-2022 13:10:51 Europe/Berlin] Subject dep fetch Topic
[02-Apr-2022 13:10:51 Europe/Berlin] Subject dep fetch Exam
[02-Apr-2022 13:10:51 Europe/Berlin] Subject dep fetch Topic
[02-Apr-2022 13:10:51 Europe/Berlin] Subject dep fetch Exam
[02-Apr-2022 13:10:51 Europe/Berlin] Subject dep fetch Topic
[02-Apr-2022 13:10:51 Europe/Berlin] Subject dep fetch Exam
[02-Apr-2022 13:10:51 Europe/Berlin] Subject dep fetch Topic
[02-Apr-2022 13:10:51 Europe/Berlin] Subject dep fetch Exam
[02-Apr-2022 13:10:51 Europe/Berlin] Subject dep fetch Topic
[02-Apr-2022 13:10:51 Europe/Berlin] Subject dep fetch Exam
[02-Apr-2022 13:10:51 Europe/Berlin] Subject dep fetch Topic
[02-Apr-2022 13:10:51 Europe/Berlin] Subject dep fetch Exam
[02-Apr-2022 13:10:51 Europe/Berlin] Subject dep fetch Topic
[02-Apr-2022 13:10:51 Europe/Berlin] $_POST [] served
[02-Apr-2022 13:10:52 Europe/Berlin] Exam_Center dep fetch Student_Exam
[02-Apr-2022 13:10:52 Europe/Berlin] Exam_Center dep fetch Student_Exam
[02-Apr-2022 13:10:52 Europe/Berlin] $_POST [] served
[02-Apr-2022 13:36:15 Europe/Berlin] Exam dep fetch Student_Exam
[02-Apr-2022 13:36:15 Europe/Berlin] $_POST null served
[02-Apr-2022 13:36:50 Europe/Berlin] Exam dep fetch Student_Exam
[02-Apr-2022 13:36:50 Europe/Berlin] $_POST null served
[02-Apr-2022 13:37:18 Europe/Berlin] Exam dep fetch Student_Exam
[02-Apr-2022 13:37:18 Europe/Berlin] $_POST null served
[02-Apr-2022 13:37:58 Europe/Berlin] Exam dep fetch Student_Exam
[02-Apr-2022 13:37:58 Europe/Berlin] $_POST null served
[02-Apr-2022 13:38:22 Europe/Berlin] Exam dep fetch Student_Exam
[02-Apr-2022 13:38:22 Europe/Berlin] $_POST null served
[02-Apr-2022 13:38:22 Europe/Berlin] PHP Warning:  Cannot modify header information - headers already sent by (output started at C:\xampp\htdocs\mnu\application\controller\exams.php:35) in C:\xampp\htdocs\mnu\application\views\_templates\header.php on line 8
[02-Apr-2022 13:43:26 Europe/Berlin] Exam_Center dep fetch Student_Exam
[02-Apr-2022 13:43:26 Europe/Berlin] Exam_Center dep fetch Student_Exam
[02-Apr-2022 13:43:26 Europe/Berlin] $_POST [] served
[02-Apr-2022 13:43:27 Europe/Berlin] Exam dep fetch Student_Exam
[02-Apr-2022 13:43:27 Europe/Berlin] $_POST [] served
[02-Apr-2022 13:43:45 Europe/Berlin] $_POST [] served
[02-Apr-2022 13:44:52 Europe/Berlin] Exam dep fetch Student_Exam
[02-Apr-2022 13:44:52 Europe/Berlin] $_POST null served
[02-Apr-2022 13:44:52 Europe/Berlin] PHP Warning:  Cannot modify header information - headers already sent by (output started at C:\xampp\htdocs\mnu\application\controller\exams.php:35) in C:\xampp\htdocs\mnu\application\views\_templates\header.php on line 8
[02-Apr-2022 13:48:33 Europe/Berlin] Exam dep fetch Student_Exam
[02-Apr-2022 13:48:33 Europe/Berlin] $_POST null served
[02-Apr-2022 13:48:53 Europe/Berlin] Exam dep fetch Student_Exam
[02-Apr-2022 13:48:53 Europe/Berlin] $_POST null served
[02-Apr-2022 13:48:53 Europe/Berlin] PHP Notice:  Trying to access array offset on value of type null in C:\xampp\htdocs\mnu\application\controller\exams.php on line 45
[02-Apr-2022 13:49:16 Europe/Berlin] Exam dep fetch Student_Exam
[02-Apr-2022 13:49:16 Europe/Berlin] $_POST null served
[02-Apr-2022 13:49:16 Europe/Berlin] PHP Notice:  Trying to access array offset on value of type null in C:\xampp\htdocs\mnu\application\controller\exams.php on line 45
[02-Apr-2022 14:03:50 Europe/Berlin] more is requested specifically after 8
[02-Apr-2022 14:03:50 Europe/Berlin] $_POST {"op":"get after","id":8} served
[02-Apr-2022 14:03:50 Europe/Berlin] more is requested specifically after 16
[02-Apr-2022 14:03:50 Europe/Berlin] $_POST {"op":"get after","id":16} served
[02-Apr-2022 14:03:57 Europe/Berlin] $_POST [] served
[02-Apr-2022 14:03:59 Europe/Berlin] Subject dep fetch Exam
[02-Apr-2022 14:04:00 Europe/Berlin] Subject dep fetch Topic
[02-Apr-2022 14:04:00 Europe/Berlin] Subject dep fetch Exam
[02-Apr-2022 14:04:00 Europe/Berlin] Subject dep fetch Topic
[02-Apr-2022 14:04:00 Europe/Berlin] Subject dep fetch Exam
[02-Apr-2022 14:04:00 Europe/Berlin] Subject dep fetch Topic
[02-Apr-2022 14:04:00 Europe/Berlin] Subject dep fetch Exam
[02-Apr-2022 14:04:00 Europe/Berlin] Subject dep fetch Topic
[02-Apr-2022 14:04:00 Europe/Berlin] Subject dep fetch Exam
[02-Apr-2022 14:04:00 Europe/Berlin] Subject dep fetch Topic
[02-Apr-2022 14:04:00 Europe/Berlin] Subject dep fetch Exam
[02-Apr-2022 14:04:00 Europe/Berlin] Subject dep fetch Topic
[02-Apr-2022 14:04:00 Europe/Berlin] Subject dep fetch Exam
[02-Apr-2022 14:04:00 Europe/Berlin] Subject dep fetch Topic
[02-Apr-2022 14:04:00 Europe/Berlin] Subject dep fetch Exam
[02-Apr-2022 14:04:00 Europe/Berlin] Subject dep fetch Topic
[02-Apr-2022 14:04:00 Europe/Berlin] Subject dep fetch Exam
[02-Apr-2022 14:04:00 Europe/Berlin] Subject dep fetch Topic
[02-Apr-2022 14:04:00 Europe/Berlin] Subject dep fetch Exam
[02-Apr-2022 14:04:00 Europe/Berlin] Subject dep fetch Topic
[02-Apr-2022 14:04:00 Europe/Berlin] Subject dep fetch Exam
[02-Apr-2022 14:04:00 Europe/Berlin] Subject dep fetch Topic
[02-Apr-2022 14:04:00 Europe/Berlin] Subject dep fetch Exam
[02-Apr-2022 14:04:00 Europe/Berlin] Subject dep fetch Topic
[02-Apr-2022 14:04:00 Europe/Berlin] Subject dep fetch Exam
[02-Apr-2022 14:04:00 Europe/Berlin] Subject dep fetch Topic
[02-Apr-2022 14:04:00 Europe/Berlin] Subject dep fetch Exam
[02-Apr-2022 14:04:00 Europe/Berlin] Subject dep fetch Topic
[02-Apr-2022 14:04:00 Europe/Berlin] Subject dep fetch Exam
[02-Apr-2022 14:04:00 Europe/Berlin] Subject dep fetch Topic
[02-Apr-2022 14:04:00 Europe/Berlin] Subject dep fetch Exam
[02-Apr-2022 14:04:00 Europe/Berlin] Subject dep fetch Topic
[02-Apr-2022 14:04:00 Europe/Berlin] Subject dep fetch Exam
[02-Apr-2022 14:04:00 Europe/Berlin] Subject dep fetch Topic
[02-Apr-2022 14:04:00 Europe/Berlin] Subject dep fetch Exam
[02-Apr-2022 14:04:00 Europe/Berlin] Subject dep fetch Topic
[02-Apr-2022 14:04:00 Europe/Berlin] Subject dep fetch Exam
[02-Apr-2022 14:04:00 Europe/Berlin] Subject dep fetch Topic
[02-Apr-2022 14:04:00 Europe/Berlin] Subject dep fetch Exam
[02-Apr-2022 14:04:00 Europe/Berlin] Subject dep fetch Topic
[02-Apr-2022 14:04:00 Europe/Berlin] Subject dep fetch Exam
[02-Apr-2022 14:04:00 Europe/Berlin] Subject dep fetch Topic
[02-Apr-2022 14:04:00 Europe/Berlin] Subject dep fetch Exam
[02-Apr-2022 14:04:00 Europe/Berlin] Subject dep fetch Topic
[02-Apr-2022 14:04:00 Europe/Berlin] Subject dep fetch Exam
[02-Apr-2022 14:04:00 Europe/Berlin] Subject dep fetch Topic
[02-Apr-2022 14:04:00 Europe/Berlin] $_POST [] served
[02-Apr-2022 14:04:05 Europe/Berlin] Subject dep fetch Exam
[02-Apr-2022 14:04:05 Europe/Berlin] Subject dep fetch Topic
[02-Apr-2022 14:04:05 Europe/Berlin] Subject dep fetch Exam
[02-Apr-2022 14:04:05 Europe/Berlin] Subject dep fetch Topic
[02-Apr-2022 14:04:05 Europe/Berlin] Subject dep fetch Exam
[02-Apr-2022 14:04:05 Europe/Berlin] Subject dep fetch Topic
[02-Apr-2022 14:04:05 Europe/Berlin] Subject dep fetch Exam
[02-Apr-2022 14:04:05 Europe/Berlin] Subject dep fetch Topic
[02-Apr-2022 14:04:05 Europe/Berlin] Subject dep fetch Exam
[02-Apr-2022 14:04:05 Europe/Berlin] Subject dep fetch Topic
[02-Apr-2022 14:04:05 Europe/Berlin] Subject dep fetch Exam
[02-Apr-2022 14:04:05 Europe/Berlin] Subject dep fetch Topic
[02-Apr-2022 14:04:05 Europe/Berlin] Subject dep fetch Exam
[02-Apr-2022 14:04:05 Europe/Berlin] Subject dep fetch Topic
[02-Apr-2022 14:04:05 Europe/Berlin] Subject dep fetch Exam
[02-Apr-2022 14:04:05 Europe/Berlin] Subject dep fetch Topic
[02-Apr-2022 14:04:05 Europe/Berlin] Subject dep fetch Exam
[02-Apr-2022 14:04:05 Europe/Berlin] Subject dep fetch Topic
[02-Apr-2022 14:04:05 Europe/Berlin] Subject dep fetch Exam
[02-Apr-2022 14:04:05 Europe/Berlin] Subject dep fetch Topic
[02-Apr-2022 14:04:05 Europe/Berlin] Subject dep fetch Exam
[02-Apr-2022 14:04:05 Europe/Berlin] Subject dep fetch Topic
[02-Apr-2022 14:04:05 Europe/Berlin] Subject dep fetch Exam
[02-Apr-2022 14:04:05 Europe/Berlin] Subject dep fetch Topic
[02-Apr-2022 14:04:05 Europe/Berlin] Subject dep fetch Exam
[02-Apr-2022 14:04:05 Europe/Berlin] Subject dep fetch Topic
[02-Apr-2022 14:04:05 Europe/Berlin] Subject dep fetch Exam
[02-Apr-2022 14:04:05 Europe/Berlin] Subject dep fetch Topic
[02-Apr-2022 14:04:05 Europe/Berlin] Subject dep fetch Exam
[02-Apr-2022 14:04:05 Europe/Berlin] Subject dep fetch Topic
[02-Apr-2022 14:04:05 Europe/Berlin] Subject dep fetch Exam
[02-Apr-2022 14:04:05 Europe/Berlin] Subject dep fetch Topic
[02-Apr-2022 14:04:05 Europe/Berlin] Subject dep fetch Exam
[02-Apr-2022 14:04:05 Europe/Berlin] Subject dep fetch Topic
[02-Apr-2022 14:04:05 Europe/Berlin] Subject dep fetch Exam
[02-Apr-2022 14:04:05 Europe/Berlin] Subject dep fetch Topic
[02-Apr-2022 14:04:05 Europe/Berlin] Subject dep fetch Exam
[02-Apr-2022 14:04:05 Europe/Berlin] Subject dep fetch Topic
[02-Apr-2022 14:04:05 Europe/Berlin] Subject dep fetch Exam
[02-Apr-2022 14:04:05 Europe/Berlin] Subject dep fetch Topic
[02-Apr-2022 14:04:05 Europe/Berlin] Subject dep fetch Exam
[02-Apr-2022 14:04:05 Europe/Berlin] Subject dep fetch Topic
[02-Apr-2022 14:04:05 Europe/Berlin] Subject dep fetch Exam
[02-Apr-2022 14:04:05 Europe/Berlin] Subject dep fetch Topic
[02-Apr-2022 14:04:05 Europe/Berlin] Subject dep fetch Exam
[02-Apr-2022 14:04:05 Europe/Berlin] Subject dep fetch Topic
[02-Apr-2022 14:04:05 Europe/Berlin] $_POST [] served
[02-Apr-2022 14:04:15 Europe/Berlin] Question dep fetch Choice
[02-Apr-2022 14:04:15 Europe/Berlin] ->>jump over many2many table :: $dep<<<----dep: Student_Exam_Has_Question one_name: Question many_name: Student_Exam middle_table: Student_Exam_Has_Question middle_table_one_col: student_exam_has_question.question_id middle_table_many_col: student_exam_has_question.student_exam_id row->id: 1
[02-Apr-2022 14:04:15 Europe/Berlin] Question dep fetch Choice
[02-Apr-2022 14:04:15 Europe/Berlin] ->>jump over many2many table :: $dep<<<----dep: Student_Exam_Has_Question one_name: Question many_name: Student_Exam middle_table: Student_Exam_Has_Question middle_table_one_col: student_exam_has_question.question_id middle_table_many_col: student_exam_has_question.student_exam_id row->id: 2
[02-Apr-2022 14:04:15 Europe/Berlin] Question dep fetch Choice
[02-Apr-2022 14:04:15 Europe/Berlin] ->>jump over many2many table :: $dep<<<----dep: Student_Exam_Has_Question one_name: Question many_name: Student_Exam middle_table: Student_Exam_Has_Question middle_table_one_col: student_exam_has_question.question_id middle_table_many_col: student_exam_has_question.student_exam_id row->id: 3
[02-Apr-2022 14:04:15 Europe/Berlin] Question dep fetch Choice
[02-Apr-2022 14:04:15 Europe/Berlin] ->>jump over many2many table :: $dep<<<----dep: Student_Exam_Has_Question one_name: Question many_name: Student_Exam middle_table: Student_Exam_Has_Question middle_table_one_col: student_exam_has_question.question_id middle_table_many_col: student_exam_has_question.student_exam_id row->id: 4
[02-Apr-2022 14:04:15 Europe/Berlin] $_POST [] served
[02-Apr-2022 14:04:56 Europe/Berlin] Question dep fetch Choice
[02-Apr-2022 14:04:56 Europe/Berlin] ->>jump over many2many table :: $dep<<<----dep: Student_Exam_Has_Question one_name: Question many_name: Student_Exam middle_table: Student_Exam_Has_Question middle_table_one_col: student_exam_has_question.question_id middle_table_many_col: student_exam_has_question.student_exam_id row->id: 1
[02-Apr-2022 14:04:56 Europe/Berlin] Question dep fetch Choice
[02-Apr-2022 14:04:57 Europe/Berlin] ->>jump over many2many table :: $dep<<<----dep: Student_Exam_Has_Question one_name: Question many_name: Student_Exam middle_table: Student_Exam_Has_Question middle_table_one_col: student_exam_has_question.question_id middle_table_many_col: student_exam_has_question.student_exam_id row->id: 2
[02-Apr-2022 14:04:57 Europe/Berlin] Question dep fetch Choice
[02-Apr-2022 14:04:57 Europe/Berlin] ->>jump over many2many table :: $dep<<<----dep: Student_Exam_Has_Question one_name: Question many_name: Student_Exam middle_table: Student_Exam_Has_Question middle_table_one_col: student_exam_has_question.question_id middle_table_many_col: student_exam_has_question.student_exam_id row->id: 3
[02-Apr-2022 14:04:57 Europe/Berlin] Question dep fetch Choice
[02-Apr-2022 14:04:57 Europe/Berlin] ->>jump over many2many table :: $dep<<<----dep: Student_Exam_Has_Question one_name: Question many_name: Student_Exam middle_table: Student_Exam_Has_Question middle_table_one_col: student_exam_has_question.question_id middle_table_many_col: student_exam_has_question.student_exam_id row->id: 4
[02-Apr-2022 14:04:57 Europe/Berlin] $_POST [] served
[02-Apr-2022 14:05:00 Europe/Berlin] Role dep fetch User
[02-Apr-2022 14:05:00 Europe/Berlin] ->>jump over many2many table :: $dep<<<----dep: Role_Has_Permission one_name: Role many_name: Permission middle_table: Role_Has_Permission middle_table_one_col: role_has_permission.role_id middle_table_many_col: role_has_permission.permission_id row->id: 1
[02-Apr-2022 14:05:00 Europe/Berlin] Role dep fetch User
[02-Apr-2022 14:05:00 Europe/Berlin] ->>jump over many2many table :: $dep<<<----dep: Role_Has_Permission one_name: Role many_name: Permission middle_table: Role_Has_Permission middle_table_one_col: role_has_permission.role_id middle_table_many_col: role_has_permission.permission_id row->id: 2
[02-Apr-2022 14:05:00 Europe/Berlin] Role dep fetch User
[02-Apr-2022 14:05:00 Europe/Berlin] ->>jump over many2many table :: $dep<<<----dep: Role_Has_Permission one_name: Role many_name: Permission middle_table: Role_Has_Permission middle_table_one_col: role_has_permission.role_id middle_table_many_col: role_has_permission.permission_id row->id: 3
[02-Apr-2022 14:05:00 Europe/Berlin] Role dep fetch User
[02-Apr-2022 14:05:00 Europe/Berlin] ->>jump over many2many table :: $dep<<<----dep: Role_Has_Permission one_name: Role many_name: Permission middle_table: Role_Has_Permission middle_table_one_col: role_has_permission.role_id middle_table_many_col: role_has_permission.permission_id row->id: 4
[02-Apr-2022 14:05:00 Europe/Berlin] Role dep fetch User
[02-Apr-2022 14:05:00 Europe/Berlin] ->>jump over many2many table :: $dep<<<----dep: Role_Has_Permission one_name: Role many_name: Permission middle_table: Role_Has_Permission middle_table_one_col: role_has_permission.role_id middle_table_many_col: role_has_permission.permission_id row->id: 5
[02-Apr-2022 14:05:00 Europe/Berlin] Role dep fetch User
[02-Apr-2022 14:05:00 Europe/Berlin] ->>jump over many2many table :: $dep<<<----dep: Role_Has_Permission one_name: Role many_name: Permission middle_table: Role_Has_Permission middle_table_one_col: role_has_permission.role_id middle_table_many_col: role_has_permission.permission_id row->id: 6
[02-Apr-2022 14:05:00 Europe/Berlin] Role dep fetch User
[02-Apr-2022 14:05:00 Europe/Berlin] ->>jump over many2many table :: $dep<<<----dep: Role_Has_Permission one_name: Role many_name: Permission middle_table: Role_Has_Permission middle_table_one_col: role_has_permission.role_id middle_table_many_col: role_has_permission.permission_id row->id: 7
[02-Apr-2022 14:05:00 Europe/Berlin] Role dep fetch User
[02-Apr-2022 14:05:00 Europe/Berlin] ->>jump over many2many table :: $dep<<<----dep: Role_Has_Permission one_name: Role many_name: Permission middle_table: Role_Has_Permission middle_table_one_col: role_has_permission.role_id middle_table_many_col: role_has_permission.permission_id row->id: 8
[02-Apr-2022 14:05:00 Europe/Berlin] Role dep fetch User
[02-Apr-2022 14:05:00 Europe/Berlin] ->>jump over many2many table :: $dep<<<----dep: Role_Has_Permission one_name: Role many_name: Permission middle_table: Role_Has_Permission middle_table_one_col: role_has_permission.role_id middle_table_many_col: role_has_permission.permission_id row->id: 9
[02-Apr-2022 14:05:00 Europe/Berlin] $_POST [] served
[02-Apr-2022 20:54:45 Europe/Berlin] Role dep fetch User
[02-Apr-2022 20:54:45 Europe/Berlin] ->>jump over many2many table :: $dep<<<----dep: Role_Has_Permission one_name: Role many_name: Permission middle_table: Role_Has_Permission middle_table_one_col: role_has_permission.role_id middle_table_many_col: role_has_permission.permission_id row->id: 1
[02-Apr-2022 20:54:45 Europe/Berlin] Role dep fetch User
[02-Apr-2022 20:54:45 Europe/Berlin] ->>jump over many2many table :: $dep<<<----dep: Role_Has_Permission one_name: Role many_name: Permission middle_table: Role_Has_Permission middle_table_one_col: role_has_permission.role_id middle_table_many_col: role_has_permission.permission_id row->id: 2
[02-Apr-2022 20:54:45 Europe/Berlin] Role dep fetch User
[02-Apr-2022 20:54:45 Europe/Berlin] ->>jump over many2many table :: $dep<<<----dep: Role_Has_Permission one_name: Role many_name: Permission middle_table: Role_Has_Permission middle_table_one_col: role_has_permission.role_id middle_table_many_col: role_has_permission.permission_id row->id: 3
[02-Apr-2022 20:54:45 Europe/Berlin] Role dep fetch User
[02-Apr-2022 20:54:45 Europe/Berlin] ->>jump over many2many table :: $dep<<<----dep: Role_Has_Permission one_name: Role many_name: Permission middle_table: Role_Has_Permission middle_table_one_col: role_has_permission.role_id middle_table_many_col: role_has_permission.permission_id row->id: 4
[02-Apr-2022 20:54:45 Europe/Berlin] Role dep fetch User
[02-Apr-2022 20:54:45 Europe/Berlin] ->>jump over many2many table :: $dep<<<----dep: Role_Has_Permission one_name: Role many_name: Permission middle_table: Role_Has_Permission middle_table_one_col: role_has_permission.role_id middle_table_many_col: role_has_permission.permission_id row->id: 5
[02-Apr-2022 20:54:45 Europe/Berlin] Role dep fetch User
[02-Apr-2022 20:54:45 Europe/Berlin] ->>jump over many2many table :: $dep<<<----dep: Role_Has_Permission one_name: Role many_name: Permission middle_table: Role_Has_Permission middle_table_one_col: role_has_permission.role_id middle_table_many_col: role_has_permission.permission_id row->id: 6
[02-Apr-2022 20:54:45 Europe/Berlin] Role dep fetch User
[02-Apr-2022 20:54:45 Europe/Berlin] ->>jump over many2many table :: $dep<<<----dep: Role_Has_Permission one_name: Role many_name: Permission middle_table: Role_Has_Permission middle_table_one_col: role_has_permission.role_id middle_table_many_col: role_has_permission.permission_id row->id: 7
[02-Apr-2022 20:54:45 Europe/Berlin] Role dep fetch User
[02-Apr-2022 20:54:45 Europe/Berlin] ->>jump over many2many table :: $dep<<<----dep: Role_Has_Permission one_name: Role many_name: Permission middle_table: Role_Has_Permission middle_table_one_col: role_has_permission.role_id middle_table_many_col: role_has_permission.permission_id row->id: 8
[02-Apr-2022 20:54:45 Europe/Berlin] Role dep fetch User
[02-Apr-2022 20:54:45 Europe/Berlin] ->>jump over many2many table :: $dep<<<----dep: Role_Has_Permission one_name: Role many_name: Permission middle_table: Role_Has_Permission middle_table_one_col: role_has_permission.role_id middle_table_many_col: role_has_permission.permission_id row->id: 9
[02-Apr-2022 20:54:45 Europe/Berlin] $_POST [] served
[02-Apr-2022 20:54:50 Europe/Berlin] Question dep fetch Choice
[02-Apr-2022 20:54:50 Europe/Berlin] ->>jump over many2many table :: $dep<<<----dep: Student_Exam_Has_Question one_name: Question many_name: Student_Exam middle_table: Student_Exam_Has_Question middle_table_one_col: student_exam_has_question.question_id middle_table_many_col: student_exam_has_question.student_exam_id row->id: 1
[02-Apr-2022 20:54:50 Europe/Berlin] Question dep fetch Choice
[02-Apr-2022 20:54:50 Europe/Berlin] ->>jump over many2many table :: $dep<<<----dep: Student_Exam_Has_Question one_name: Question many_name: Student_Exam middle_table: Student_Exam_Has_Question middle_table_one_col: student_exam_has_question.question_id middle_table_many_col: student_exam_has_question.student_exam_id row->id: 2
[02-Apr-2022 20:54:50 Europe/Berlin] Question dep fetch Choice
[02-Apr-2022 20:54:50 Europe/Berlin] ->>jump over many2many table :: $dep<<<----dep: Student_Exam_Has_Question one_name: Question many_name: Student_Exam middle_table: Student_Exam_Has_Question middle_table_one_col: student_exam_has_question.question_id middle_table_many_col: student_exam_has_question.student_exam_id row->id: 3
[02-Apr-2022 20:54:50 Europe/Berlin] Question dep fetch Choice
[02-Apr-2022 20:54:50 Europe/Berlin] ->>jump over many2many table :: $dep<<<----dep: Student_Exam_Has_Question one_name: Question many_name: Student_Exam middle_table: Student_Exam_Has_Question middle_table_one_col: student_exam_has_question.question_id middle_table_many_col: student_exam_has_question.student_exam_id row->id: 4
[02-Apr-2022 20:54:50 Europe/Berlin] $_POST [] served
[02-Apr-2022 20:56:11 Europe/Berlin] Question dep fetch Choice
[02-Apr-2022 20:56:11 Europe/Berlin] ->>jump over many2many table :: $dep<<<----dep: Student_Exam_Has_Question one_name: Question many_name: Student_Exam middle_table: Student_Exam_Has_Question middle_table_one_col: student_exam_has_question.question_id middle_table_many_col: student_exam_has_question.student_exam_id row->id: 1
[02-Apr-2022 20:56:11 Europe/Berlin] Question dep fetch Choice
[02-Apr-2022 20:56:11 Europe/Berlin] ->>jump over many2many table :: $dep<<<----dep: Student_Exam_Has_Question one_name: Question many_name: Student_Exam middle_table: Student_Exam_Has_Question middle_table_one_col: student_exam_has_question.question_id middle_table_many_col: student_exam_has_question.student_exam_id row->id: 2
[02-Apr-2022 20:56:11 Europe/Berlin] Question dep fetch Choice
[02-Apr-2022 20:56:11 Europe/Berlin] ->>jump over many2many table :: $dep<<<----dep: Student_Exam_Has_Question one_name: Question many_name: Student_Exam middle_table: Student_Exam_Has_Question middle_table_one_col: student_exam_has_question.question_id middle_table_many_col: student_exam_has_question.student_exam_id row->id: 3
[02-Apr-2022 20:56:11 Europe/Berlin] Question dep fetch Choice
[02-Apr-2022 20:56:11 Europe/Berlin] ->>jump over many2many table :: $dep<<<----dep: Student_Exam_Has_Question one_name: Question many_name: Student_Exam middle_table: Student_Exam_Has_Question middle_table_one_col: student_exam_has_question.question_id middle_table_many_col: student_exam_has_question.student_exam_id row->id: 4
[02-Apr-2022 20:56:11 Europe/Berlin] $_POST [] served
[02-Apr-2022 20:56:27 Europe/Berlin] Topic dep fetch Question
[02-Apr-2022 20:56:27 Europe/Berlin] Topic dep fetch Question
[02-Apr-2022 20:56:27 Europe/Berlin] Topic dep fetch Question
[02-Apr-2022 20:56:27 Europe/Berlin] Topic dep fetch Question
[02-Apr-2022 20:56:27 Europe/Berlin] Topic dep fetch Question
[02-Apr-2022 20:56:27 Europe/Berlin] $_POST [] served
[02-Apr-2022 20:56:41 Europe/Berlin] more is requested specifically after 4
[02-Apr-2022 20:56:41 Europe/Berlin] $_POST {"op":"get after","id":4} served
[02-Apr-2022 20:58:14 Europe/Berlin] Question dep fetch Choice
[02-Apr-2022 20:58:14 Europe/Berlin] ->>jump over many2many table :: $dep<<<----dep: Student_Exam_Has_Question one_name: Question many_name: Student_Exam middle_table: Student_Exam_Has_Question middle_table_one_col: student_exam_has_question.question_id middle_table_many_col: student_exam_has_question.student_exam_id row->id: 1
[02-Apr-2022 20:58:14 Europe/Berlin] Question dep fetch Choice
[02-Apr-2022 20:58:14 Europe/Berlin] ->>jump over many2many table :: $dep<<<----dep: Student_Exam_Has_Question one_name: Question many_name: Student_Exam middle_table: Student_Exam_Has_Question middle_table_one_col: student_exam_has_question.question_id middle_table_many_col: student_exam_has_question.student_exam_id row->id: 2
[02-Apr-2022 20:58:14 Europe/Berlin] Question dep fetch Choice
[02-Apr-2022 20:58:14 Europe/Berlin] ->>jump over many2many table :: $dep<<<----dep: Student_Exam_Has_Question one_name: Question many_name: Student_Exam middle_table: Student_Exam_Has_Question middle_table_one_col: student_exam_has_question.question_id middle_table_many_col: student_exam_has_question.student_exam_id row->id: 3
[02-Apr-2022 20:58:14 Europe/Berlin] Question dep fetch Choice
[02-Apr-2022 20:58:14 Europe/Berlin] ->>jump over many2many table :: $dep<<<----dep: Student_Exam_Has_Question one_name: Question many_name: Student_Exam middle_table: Student_Exam_Has_Question middle_table_one_col: student_exam_has_question.question_id middle_table_many_col: student_exam_has_question.student_exam_id row->id: 4
[02-Apr-2022 20:58:14 Europe/Berlin] $_POST [] served
[02-Apr-2022 20:58:15 Europe/Berlin] more is requested specifically after 4
[02-Apr-2022 20:58:15 Europe/Berlin] $_POST {"op":"get after","id":4} served
[02-Apr-2022 20:58:21 Europe/Berlin] Topic dep fetch Question
[02-Apr-2022 20:58:21 Europe/Berlin] Topic dep fetch Question
[02-Apr-2022 20:58:21 Europe/Berlin] Topic dep fetch Question
[02-Apr-2022 20:58:21 Europe/Berlin] Topic dep fetch Question
[02-Apr-2022 20:58:22 Europe/Berlin] Topic dep fetch Question
[02-Apr-2022 20:58:22 Europe/Berlin] $_POST [] served
[02-Apr-2022 20:58:39 Europe/Berlin] Question dep fetch Choice
[02-Apr-2022 20:58:39 Europe/Berlin] ->>jump over many2many table :: $dep<<<----dep: Student_Exam_Has_Question one_name: Question many_name: Student_Exam middle_table: Student_Exam_Has_Question middle_table_one_col: student_exam_has_question.question_id middle_table_many_col: student_exam_has_question.student_exam_id row->id: 1
[02-Apr-2022 20:58:39 Europe/Berlin] Question dep fetch Choice
[02-Apr-2022 20:58:39 Europe/Berlin] ->>jump over many2many table :: $dep<<<----dep: Student_Exam_Has_Question one_name: Question many_name: Student_Exam middle_table: Student_Exam_Has_Question middle_table_one_col: student_exam_has_question.question_id middle_table_many_col: student_exam_has_question.student_exam_id row->id: 2
[02-Apr-2022 20:58:39 Europe/Berlin] Question dep fetch Choice
[02-Apr-2022 20:58:39 Europe/Berlin] ->>jump over many2many table :: $dep<<<----dep: Student_Exam_Has_Question one_name: Question many_name: Student_Exam middle_table: Student_Exam_Has_Question middle_table_one_col: student_exam_has_question.question_id middle_table_many_col: student_exam_has_question.student_exam_id row->id: 3
[02-Apr-2022 20:58:39 Europe/Berlin] Question dep fetch Choice
[02-Apr-2022 20:58:39 Europe/Berlin] ->>jump over many2many table :: $dep<<<----dep: Student_Exam_Has_Question one_name: Question many_name: Student_Exam middle_table: Student_Exam_Has_Question middle_table_one_col: student_exam_has_question.question_id middle_table_many_col: student_exam_has_question.student_exam_id row->id: 4
[02-Apr-2022 20:58:39 Europe/Berlin] $_POST [] served
[02-Apr-2022 20:58:41 Europe/Berlin] more is requested specifically after 4
[02-Apr-2022 20:58:41 Europe/Berlin] $_POST {"op":"get after","id":4} served
[02-Apr-2022 21:02:04 Europe/Berlin] Topic dep fetch Question
[02-Apr-2022 21:02:04 Europe/Berlin] Topic dep fetch Question
[02-Apr-2022 21:02:04 Europe/Berlin] Topic dep fetch Question
[02-Apr-2022 21:02:04 Europe/Berlin] Topic dep fetch Question
[02-Apr-2022 21:02:04 Europe/Berlin] Topic dep fetch Question
[02-Apr-2022 21:02:04 Europe/Berlin] $_POST [] served
[02-Apr-2022 21:08:24 Europe/Berlin] Question dep fetch Choice
[02-Apr-2022 21:08:24 Europe/Berlin] ->>jump over many2many table :: $dep<<<----dep: Student_Exam_Has_Question one_name: Question many_name: Student_Exam middle_table: Student_Exam_Has_Question middle_table_one_col: student_exam_has_question.question_id middle_table_many_col: student_exam_has_question.student_exam_id row->id: 1
[02-Apr-2022 21:08:24 Europe/Berlin] Question dep fetch Choice
[02-Apr-2022 21:08:24 Europe/Berlin] ->>jump over many2many table :: $dep<<<----dep: Student_Exam_Has_Question one_name: Question many_name: Student_Exam middle_table: Student_Exam_Has_Question middle_table_one_col: student_exam_has_question.question_id middle_table_many_col: student_exam_has_question.student_exam_id row->id: 2
[02-Apr-2022 21:08:24 Europe/Berlin] Question dep fetch Choice
[02-Apr-2022 21:08:24 Europe/Berlin] ->>jump over many2many table :: $dep<<<----dep: Student_Exam_Has_Question one_name: Question many_name: Student_Exam middle_table: Student_Exam_Has_Question middle_table_one_col: student_exam_has_question.question_id middle_table_many_col: student_exam_has_question.student_exam_id row->id: 3
[02-Apr-2022 21:08:24 Europe/Berlin] Question dep fetch Choice
[02-Apr-2022 21:08:24 Europe/Berlin] ->>jump over many2many table :: $dep<<<----dep: Student_Exam_Has_Question one_name: Question many_name: Student_Exam middle_table: Student_Exam_Has_Question middle_table_one_col: student_exam_has_question.question_id middle_table_many_col: student_exam_has_question.student_exam_id row->id: 4
[02-Apr-2022 21:08:24 Europe/Berlin] $_POST [] served
[02-Apr-2022 21:08:25 Europe/Berlin] more is requested specifically after 4
[02-Apr-2022 21:08:25 Europe/Berlin] $_POST {"op":"get after","id":4} served
[02-Apr-2022 21:08:30 Europe/Berlin] Topic dep fetch Question
[02-Apr-2022 21:08:30 Europe/Berlin] Topic dep fetch Question
[02-Apr-2022 21:08:30 Europe/Berlin] Topic dep fetch Question
[02-Apr-2022 21:08:30 Europe/Berlin] Topic dep fetch Question
[02-Apr-2022 21:08:30 Europe/Berlin] Topic dep fetch Question
[02-Apr-2022 21:08:30 Europe/Berlin] $_POST [] served
[02-Apr-2022 21:08:47 Europe/Berlin] Topic dep fetch Question
[02-Apr-2022 21:08:47 Europe/Berlin] Topic dep fetch Question
[02-Apr-2022 21:08:47 Europe/Berlin] Topic dep fetch Question
[02-Apr-2022 21:08:47 Europe/Berlin] Topic dep fetch Question
[02-Apr-2022 21:08:47 Europe/Berlin] Topic dep fetch Question
[02-Apr-2022 21:08:47 Europe/Berlin] $_POST [] served
[02-Apr-2022 21:08:56 Europe/Berlin] Topic dep fetch Question
[02-Apr-2022 21:08:56 Europe/Berlin] Topic dep fetch Question
[02-Apr-2022 21:08:56 Europe/Berlin] Topic dep fetch Question
[02-Apr-2022 21:08:56 Europe/Berlin] Topic dep fetch Question
[02-Apr-2022 21:08:56 Europe/Berlin] Topic dep fetch Question
[02-Apr-2022 21:08:56 Europe/Berlin] $_POST [] served
[02-Apr-2022 21:09:11 Europe/Berlin] Topic dep fetch Question
[02-Apr-2022 21:09:11 Europe/Berlin] Topic dep fetch Question
[02-Apr-2022 21:09:11 Europe/Berlin] Topic dep fetch Question
[02-Apr-2022 21:09:11 Europe/Berlin] Topic dep fetch Question
[02-Apr-2022 21:09:11 Europe/Berlin] Topic dep fetch Question
[02-Apr-2022 21:09:11 Europe/Berlin] $_POST [] served
[02-Apr-2022 21:12:51 Europe/Berlin] Question dep fetch Choice
[02-Apr-2022 21:12:51 Europe/Berlin] ->>jump over many2many table :: $dep<<<----dep: Student_Exam_Has_Question one_name: Question many_name: Student_Exam middle_table: Student_Exam_Has_Question middle_table_one_col: student_exam_has_question.question_id middle_table_many_col: student_exam_has_question.student_exam_id row->id: 1
[02-Apr-2022 21:12:51 Europe/Berlin] Question dep fetch Choice
[02-Apr-2022 21:12:51 Europe/Berlin] ->>jump over many2many table :: $dep<<<----dep: Student_Exam_Has_Question one_name: Question many_name: Student_Exam middle_table: Student_Exam_Has_Question middle_table_one_col: student_exam_has_question.question_id middle_table_many_col: student_exam_has_question.student_exam_id row->id: 2
[02-Apr-2022 21:12:51 Europe/Berlin] Question dep fetch Choice
[02-Apr-2022 21:12:52 Europe/Berlin] ->>jump over many2many table :: $dep<<<----dep: Student_Exam_Has_Question one_name: Question many_name: Student_Exam middle_table: Student_Exam_Has_Question middle_table_one_col: student_exam_has_question.question_id middle_table_many_col: student_exam_has_question.student_exam_id row->id: 3
[02-Apr-2022 21:12:52 Europe/Berlin] Question dep fetch Choice
[02-Apr-2022 21:12:52 Europe/Berlin] ->>jump over many2many table :: $dep<<<----dep: Student_Exam_Has_Question one_name: Question many_name: Student_Exam middle_table: Student_Exam_Has_Question middle_table_one_col: student_exam_has_question.question_id middle_table_many_col: student_exam_has_question.student_exam_id row->id: 4
[02-Apr-2022 21:12:52 Europe/Berlin] Question dep fetch Choice
[02-Apr-2022 21:12:52 Europe/Berlin] ->>jump over many2many table :: $dep<<<----dep: Student_Exam_Has_Question one_name: Question many_name: Student_Exam middle_table: Student_Exam_Has_Question middle_table_one_col: student_exam_has_question.question_id middle_table_many_col: student_exam_has_question.student_exam_id row->id: 100
[02-Apr-2022 21:12:52 Europe/Berlin] $_POST [] served
[02-Apr-2022 21:12:55 Europe/Berlin] more is requested specifically after 100
[02-Apr-2022 21:12:55 Europe/Berlin] $_POST {"op":"get after","id":100} served
[02-Apr-2022 21:13:38 Europe/Berlin] Question dep fetch Choice
[02-Apr-2022 21:13:38 Europe/Berlin] ->>jump over many2many table :: $dep<<<----dep: Student_Exam_Has_Question one_name: Question many_name: Student_Exam middle_table: Student_Exam_Has_Question middle_table_one_col: student_exam_has_question.question_id middle_table_many_col: student_exam_has_question.student_exam_id row->id: 1
[02-Apr-2022 21:13:38 Europe/Berlin] Question dep fetch Choice
[02-Apr-2022 21:13:38 Europe/Berlin] ->>jump over many2many table :: $dep<<<----dep: Student_Exam_Has_Question one_name: Question many_name: Student_Exam middle_table: Student_Exam_Has_Question middle_table_one_col: student_exam_has_question.question_id middle_table_many_col: student_exam_has_question.student_exam_id row->id: 2
[02-Apr-2022 21:13:38 Europe/Berlin] Question dep fetch Choice
[02-Apr-2022 21:13:38 Europe/Berlin] ->>jump over many2many table :: $dep<<<----dep: Student_Exam_Has_Question one_name: Question many_name: Student_Exam middle_table: Student_Exam_Has_Question middle_table_one_col: student_exam_has_question.question_id middle_table_many_col: student_exam_has_question.student_exam_id row->id: 3
[02-Apr-2022 21:13:38 Europe/Berlin] Question dep fetch Choice
[02-Apr-2022 21:13:38 Europe/Berlin] ->>jump over many2many table :: $dep<<<----dep: Student_Exam_Has_Question one_name: Question many_name: Student_Exam middle_table: Student_Exam_Has_Question middle_table_one_col: student_exam_has_question.question_id middle_table_many_col: student_exam_has_question.student_exam_id row->id: 4
[02-Apr-2022 21:13:38 Europe/Berlin] Question dep fetch Choice
[02-Apr-2022 21:13:38 Europe/Berlin] ->>jump over many2many table :: $dep<<<----dep: Student_Exam_Has_Question one_name: Question many_name: Student_Exam middle_table: Student_Exam_Has_Question middle_table_one_col: student_exam_has_question.question_id middle_table_many_col: student_exam_has_question.student_exam_id row->id: 100
[02-Apr-2022 21:13:38 Europe/Berlin] $_POST [] served
[02-Apr-2022 21:13:42 Europe/Berlin] more is requested specifically after 100
[02-Apr-2022 21:13:42 Europe/Berlin] $_POST {"op":"get after","id":100} served
[02-Apr-2022 21:29:01 Europe/Berlin] Question dep fetch Choice
[02-Apr-2022 21:29:01 Europe/Berlin] ->>jump over many2many table :: $dep<<<----dep: Student_Exam_Has_Question one_name: Question many_name: Student_Exam middle_table: Student_Exam_Has_Question middle_table_one_col: student_exam_has_question.question_id middle_table_many_col: student_exam_has_question.student_exam_id row->id: 1
[02-Apr-2022 21:29:01 Europe/Berlin] Question dep fetch Choice
[02-Apr-2022 21:29:01 Europe/Berlin] ->>jump over many2many table :: $dep<<<----dep: Student_Exam_Has_Question one_name: Question many_name: Student_Exam middle_table: Student_Exam_Has_Question middle_table_one_col: student_exam_has_question.question_id middle_table_many_col: student_exam_has_question.student_exam_id row->id: 2
[02-Apr-2022 21:29:01 Europe/Berlin] Question dep fetch Choice
[02-Apr-2022 21:29:01 Europe/Berlin] ->>jump over many2many table :: $dep<<<----dep: Student_Exam_Has_Question one_name: Question many_name: Student_Exam middle_table: Student_Exam_Has_Question middle_table_one_col: student_exam_has_question.question_id middle_table_many_col: student_exam_has_question.student_exam_id row->id: 3
[02-Apr-2022 21:29:01 Europe/Berlin] Question dep fetch Choice
[02-Apr-2022 21:29:01 Europe/Berlin] ->>jump over many2many table :: $dep<<<----dep: Student_Exam_Has_Question one_name: Question many_name: Student_Exam middle_table: Student_Exam_Has_Question middle_table_one_col: student_exam_has_question.question_id middle_table_many_col: student_exam_has_question.student_exam_id row->id: 4
[02-Apr-2022 21:29:01 Europe/Berlin] Question dep fetch Choice
[02-Apr-2022 21:29:01 Europe/Berlin] ->>jump over many2many table :: $dep<<<----dep: Student_Exam_Has_Question one_name: Question many_name: Student_Exam middle_table: Student_Exam_Has_Question middle_table_one_col: student_exam_has_question.question_id middle_table_many_col: student_exam_has_question.student_exam_id row->id: 100
[02-Apr-2022 21:29:01 Europe/Berlin] $_POST [] served
[02-Apr-2022 21:29:06 Europe/Berlin] more is requested specifically after 100
[02-Apr-2022 21:29:06 Europe/Berlin] $_POST {"op":"get after","id":100} served
[02-Apr-2022 21:31:08 Europe/Berlin] Question dep fetch Choice
[02-Apr-2022 21:31:08 Europe/Berlin] ->>jump over many2many table :: $dep<<<----dep: Student_Exam_Has_Question one_name: Question many_name: Student_Exam middle_table: Student_Exam_Has_Question middle_table_one_col: student_exam_has_question.question_id middle_table_many_col: student_exam_has_question.student_exam_id row->id: 1
[02-Apr-2022 21:31:08 Europe/Berlin] Question dep fetch Choice
[02-Apr-2022 21:31:08 Europe/Berlin] ->>jump over many2many table :: $dep<<<----dep: Student_Exam_Has_Question one_name: Question many_name: Student_Exam middle_table: Student_Exam_Has_Question middle_table_one_col: student_exam_has_question.question_id middle_table_many_col: student_exam_has_question.student_exam_id row->id: 2
[02-Apr-2022 21:31:08 Europe/Berlin] Question dep fetch Choice
[02-Apr-2022 21:31:08 Europe/Berlin] ->>jump over many2many table :: $dep<<<----dep: Student_Exam_Has_Question one_name: Question many_name: Student_Exam middle_table: Student_Exam_Has_Question middle_table_one_col: student_exam_has_question.question_id middle_table_many_col: student_exam_has_question.student_exam_id row->id: 3
[02-Apr-2022 21:31:08 Europe/Berlin] Question dep fetch Choice
[02-Apr-2022 21:31:08 Europe/Berlin] ->>jump over many2many table :: $dep<<<----dep: Student_Exam_Has_Question one_name: Question many_name: Student_Exam middle_table: Student_Exam_Has_Question middle_table_one_col: student_exam_has_question.question_id middle_table_many_col: student_exam_has_question.student_exam_id row->id: 4
[02-Apr-2022 21:31:08 Europe/Berlin] Question dep fetch Choice
[02-Apr-2022 21:31:08 Europe/Berlin] ->>jump over many2many table :: $dep<<<----dep: Student_Exam_Has_Question one_name: Question many_name: Student_Exam middle_table: Student_Exam_Has_Question middle_table_one_col: student_exam_has_question.question_id middle_table_many_col: student_exam_has_question.student_exam_id row->id: 100
[02-Apr-2022 21:31:08 Europe/Berlin] $_POST [] served
[02-Apr-2022 21:31:08 Europe/Berlin] more is requested specifically after 100
[02-Apr-2022 21:31:08 Europe/Berlin] $_POST {"op":"get after","id":100} served
[02-Apr-2022 21:31:39 Europe/Berlin] Question dep fetch Choice
[02-Apr-2022 21:31:39 Europe/Berlin] ->>jump over many2many table :: $dep<<<----dep: Student_Exam_Has_Question one_name: Question many_name: Student_Exam middle_table: Student_Exam_Has_Question middle_table_one_col: student_exam_has_question.question_id middle_table_many_col: student_exam_has_question.student_exam_id row->id: 1
[02-Apr-2022 21:31:39 Europe/Berlin] Question dep fetch Choice
[02-Apr-2022 21:31:39 Europe/Berlin] ->>jump over many2many table :: $dep<<<----dep: Student_Exam_Has_Question one_name: Question many_name: Student_Exam middle_table: Student_Exam_Has_Question middle_table_one_col: student_exam_has_question.question_id middle_table_many_col: student_exam_has_question.student_exam_id row->id: 2
[02-Apr-2022 21:31:39 Europe/Berlin] Question dep fetch Choice
[02-Apr-2022 21:31:39 Europe/Berlin] ->>jump over many2many table :: $dep<<<----dep: Student_Exam_Has_Question one_name: Question many_name: Student_Exam middle_table: Student_Exam_Has_Question middle_table_one_col: student_exam_has_question.question_id middle_table_many_col: student_exam_has_question.student_exam_id row->id: 3
[02-Apr-2022 21:31:39 Europe/Berlin] Question dep fetch Choice
[02-Apr-2022 21:31:39 Europe/Berlin] ->>jump over many2many table :: $dep<<<----dep: Student_Exam_Has_Question one_name: Question many_name: Student_Exam middle_table: Student_Exam_Has_Question middle_table_one_col: student_exam_has_question.question_id middle_table_many_col: student_exam_has_question.student_exam_id row->id: 4
[02-Apr-2022 21:31:39 Europe/Berlin] Question dep fetch Choice
[02-Apr-2022 21:31:39 Europe/Berlin] ->>jump over many2many table :: $dep<<<----dep: Student_Exam_Has_Question one_name: Question many_name: Student_Exam middle_table: Student_Exam_Has_Question middle_table_one_col: student_exam_has_question.question_id middle_table_many_col: student_exam_has_question.student_exam_id row->id: 100
[02-Apr-2022 21:31:39 Europe/Berlin] $_POST [] served
[02-Apr-2022 21:31:42 Europe/Berlin] more is requested specifically after 100
[02-Apr-2022 21:31:42 Europe/Berlin] $_POST {"op":"get after","id":100} served
[02-Apr-2022 21:32:05 Europe/Berlin] Question dep fetch Choice
[02-Apr-2022 21:32:05 Europe/Berlin] ->>jump over many2many table :: $dep<<<----dep: Student_Exam_Has_Question one_name: Question many_name: Student_Exam middle_table: Student_Exam_Has_Question middle_table_one_col: student_exam_has_question.question_id middle_table_many_col: student_exam_has_question.student_exam_id row->id: 1
[02-Apr-2022 21:32:05 Europe/Berlin] Question dep fetch Choice
[02-Apr-2022 21:32:05 Europe/Berlin] ->>jump over many2many table :: $dep<<<----dep: Student_Exam_Has_Question one_name: Question many_name: Student_Exam middle_table: Student_Exam_Has_Question middle_table_one_col: student_exam_has_question.question_id middle_table_many_col: student_exam_has_question.student_exam_id row->id: 2
[02-Apr-2022 21:32:05 Europe/Berlin] Question dep fetch Choice
[02-Apr-2022 21:32:05 Europe/Berlin] ->>jump over many2many table :: $dep<<<----dep: Student_Exam_Has_Question one_name: Question many_name: Student_Exam middle_table: Student_Exam_Has_Question middle_table_one_col: student_exam_has_question.question_id middle_table_many_col: student_exam_has_question.student_exam_id row->id: 3
[02-Apr-2022 21:32:05 Europe/Berlin] Question dep fetch Choice
[02-Apr-2022 21:32:05 Europe/Berlin] ->>jump over many2many table :: $dep<<<----dep: Student_Exam_Has_Question one_name: Question many_name: Student_Exam middle_table: Student_Exam_Has_Question middle_table_one_col: student_exam_has_question.question_id middle_table_many_col: student_exam_has_question.student_exam_id row->id: 4
[02-Apr-2022 21:32:05 Europe/Berlin] Question dep fetch Choice
[02-Apr-2022 21:32:05 Europe/Berlin] ->>jump over many2many table :: $dep<<<----dep: Student_Exam_Has_Question one_name: Question many_name: Student_Exam middle_table: Student_Exam_Has_Question middle_table_one_col: student_exam_has_question.question_id middle_table_many_col: student_exam_has_question.student_exam_id row->id: 100
[02-Apr-2022 21:32:05 Europe/Berlin] $_POST [] served
[02-Apr-2022 21:32:06 Europe/Berlin] more is requested specifically after 100
[02-Apr-2022 21:32:06 Europe/Berlin] $_POST {"op":"get after","id":100} served
[02-Apr-2022 21:38:33 Europe/Berlin] Question dep fetch Choice
[02-Apr-2022 21:38:33 Europe/Berlin] ->>jump over many2many table :: $dep<<<----dep: Student_Exam_Has_Question one_name: Question many_name: Student_Exam middle_table: Student_Exam_Has_Question middle_table_one_col: student_exam_has_question.question_id middle_table_many_col: student_exam_has_question.student_exam_id row->id: 1
[02-Apr-2022 21:38:33 Europe/Berlin] Question dep fetch Choice
[02-Apr-2022 21:38:33 Europe/Berlin] ->>jump over many2many table :: $dep<<<----dep: Student_Exam_Has_Question one_name: Question many_name: Student_Exam middle_table: Student_Exam_Has_Question middle_table_one_col: student_exam_has_question.question_id middle_table_many_col: student_exam_has_question.student_exam_id row->id: 2
[02-Apr-2022 21:38:33 Europe/Berlin] Question dep fetch Choice
[02-Apr-2022 21:38:33 Europe/Berlin] ->>jump over many2many table :: $dep<<<----dep: Student_Exam_Has_Question one_name: Question many_name: Student_Exam middle_table: Student_Exam_Has_Question middle_table_one_col: student_exam_has_question.question_id middle_table_many_col: student_exam_has_question.student_exam_id row->id: 3
[02-Apr-2022 21:38:33 Europe/Berlin] Question dep fetch Choice
[02-Apr-2022 21:38:33 Europe/Berlin] ->>jump over many2many table :: $dep<<<----dep: Student_Exam_Has_Question one_name: Question many_name: Student_Exam middle_table: Student_Exam_Has_Question middle_table_one_col: student_exam_has_question.question_id middle_table_many_col: student_exam_has_question.student_exam_id row->id: 4
[02-Apr-2022 21:38:33 Europe/Berlin] Question dep fetch Choice
[02-Apr-2022 21:38:33 Europe/Berlin] ->>jump over many2many table :: $dep<<<----dep: Student_Exam_Has_Question one_name: Question many_name: Student_Exam middle_table: Student_Exam_Has_Question middle_table_one_col: student_exam_has_question.question_id middle_table_many_col: student_exam_has_question.student_exam_id row->id: 100
[02-Apr-2022 21:38:33 Europe/Berlin] $_POST [] served
[02-Apr-2022 21:38:34 Europe/Berlin] more is requested specifically after 100
[02-Apr-2022 21:38:34 Europe/Berlin] $_POST {"op":"get after","id":100} served
[02-Apr-2022 21:39:44 Europe/Berlin] Question dep fetch Choice
[02-Apr-2022 21:39:44 Europe/Berlin] ->>jump over many2many table :: $dep<<<----dep: Student_Exam_Has_Question one_name: Question many_name: Student_Exam middle_table: Student_Exam_Has_Question middle_table_one_col: student_exam_has_question.question_id middle_table_many_col: student_exam_has_question.student_exam_id row->id: 1
[02-Apr-2022 21:39:44 Europe/Berlin] Question dep fetch Choice
[02-Apr-2022 21:39:44 Europe/Berlin] ->>jump over many2many table :: $dep<<<----dep: Student_Exam_Has_Question one_name: Question many_name: Student_Exam middle_table: Student_Exam_Has_Question middle_table_one_col: student_exam_has_question.question_id middle_table_many_col: student_exam_has_question.student_exam_id row->id: 2
[02-Apr-2022 21:39:44 Europe/Berlin] Question dep fetch Choice
[02-Apr-2022 21:39:44 Europe/Berlin] ->>jump over many2many table :: $dep<<<----dep: Student_Exam_Has_Question one_name: Question many_name: Student_Exam middle_table: Student_Exam_Has_Question middle_table_one_col: student_exam_has_question.question_id middle_table_many_col: student_exam_has_question.student_exam_id row->id: 3
[02-Apr-2022 21:39:44 Europe/Berlin] Question dep fetch Choice
[02-Apr-2022 21:39:44 Europe/Berlin] ->>jump over many2many table :: $dep<<<----dep: Student_Exam_Has_Question one_name: Question many_name: Student_Exam middle_table: Student_Exam_Has_Question middle_table_one_col: student_exam_has_question.question_id middle_table_many_col: student_exam_has_question.student_exam_id row->id: 4
[02-Apr-2022 21:39:44 Europe/Berlin] Question dep fetch Choice
[02-Apr-2022 21:39:44 Europe/Berlin] ->>jump over many2many table :: $dep<<<----dep: Student_Exam_Has_Question one_name: Question many_name: Student_Exam middle_table: Student_Exam_Has_Question middle_table_one_col: student_exam_has_question.question_id middle_table_many_col: student_exam_has_question.student_exam_id row->id: 100
[02-Apr-2022 21:39:44 Europe/Berlin] $_POST [] served
[02-Apr-2022 21:39:47 Europe/Berlin] more is requested specifically after 100
[02-Apr-2022 21:39:47 Europe/Berlin] $_POST {"op":"get after","id":100} served
[02-Apr-2022 21:41:47 Europe/Berlin] Question dep fetch Choice
[02-Apr-2022 21:41:47 Europe/Berlin] ->>jump over many2many table :: $dep<<<----dep: Student_Exam_Has_Question one_name: Question many_name: Student_Exam middle_table: Student_Exam_Has_Question middle_table_one_col: student_exam_has_question.question_id middle_table_many_col: student_exam_has_question.student_exam_id row->id: 1
[02-Apr-2022 21:41:47 Europe/Berlin] Question dep fetch Choice
[02-Apr-2022 21:41:47 Europe/Berlin] ->>jump over many2many table :: $dep<<<----dep: Student_Exam_Has_Question one_name: Question many_name: Student_Exam middle_table: Student_Exam_Has_Question middle_table_one_col: student_exam_has_question.question_id middle_table_many_col: student_exam_has_question.student_exam_id row->id: 2
[02-Apr-2022 21:41:47 Europe/Berlin] Question dep fetch Choice
[02-Apr-2022 21:41:47 Europe/Berlin] ->>jump over many2many table :: $dep<<<----dep: Student_Exam_Has_Question one_name: Question many_name: Student_Exam middle_table: Student_Exam_Has_Question middle_table_one_col: student_exam_has_question.question_id middle_table_many_col: student_exam_has_question.student_exam_id row->id: 3
[02-Apr-2022 21:41:47 Europe/Berlin] Question dep fetch Choice
[02-Apr-2022 21:41:47 Europe/Berlin] ->>jump over many2many table :: $dep<<<----dep: Student_Exam_Has_Question one_name: Question many_name: Student_Exam middle_table: Student_Exam_Has_Question middle_table_one_col: student_exam_has_question.question_id middle_table_many_col: student_exam_has_question.student_exam_id row->id: 4
[02-Apr-2022 21:41:47 Europe/Berlin] Question dep fetch Choice
[02-Apr-2022 21:41:47 Europe/Berlin] ->>jump over many2many table :: $dep<<<----dep: Student_Exam_Has_Question one_name: Question many_name: Student_Exam middle_table: Student_Exam_Has_Question middle_table_one_col: student_exam_has_question.question_id middle_table_many_col: student_exam_has_question.student_exam_id row->id: 100
[02-Apr-2022 21:41:47 Europe/Berlin] $_POST [] served
[02-Apr-2022 21:41:48 Europe/Berlin] more is requested specifically after 100
[02-Apr-2022 21:41:48 Europe/Berlin] $_POST {"op":"get after","id":100} served
[02-Apr-2022 21:46:55 Europe/Berlin] Question dep fetch Choice
[02-Apr-2022 21:46:55 Europe/Berlin] ->>jump over many2many table :: $dep<<<----dep: Student_Exam_Has_Question one_name: Question many_name: Student_Exam middle_table: Student_Exam_Has_Question middle_table_one_col: student_exam_has_question.question_id middle_table_many_col: student_exam_has_question.student_exam_id row->id: 1
[02-Apr-2022 21:46:55 Europe/Berlin] Question dep fetch Choice
[02-Apr-2022 21:46:55 Europe/Berlin] ->>jump over many2many table :: $dep<<<----dep: Student_Exam_Has_Question one_name: Question many_name: Student_Exam middle_table: Student_Exam_Has_Question middle_table_one_col: student_exam_has_question.question_id middle_table_many_col: student_exam_has_question.student_exam_id row->id: 2
[02-Apr-2022 21:46:55 Europe/Berlin] Question dep fetch Choice
[02-Apr-2022 21:46:55 Europe/Berlin] ->>jump over many2many table :: $dep<<<----dep: Student_Exam_Has_Question one_name: Question many_name: Student_Exam middle_table: Student_Exam_Has_Question middle_table_one_col: student_exam_has_question.question_id middle_table_many_col: student_exam_has_question.student_exam_id row->id: 3
[02-Apr-2022 21:46:55 Europe/Berlin] Question dep fetch Choice
[02-Apr-2022 21:46:55 Europe/Berlin] ->>jump over many2many table :: $dep<<<----dep: Student_Exam_Has_Question one_name: Question many_name: Student_Exam middle_table: Student_Exam_Has_Question middle_table_one_col: student_exam_has_question.question_id middle_table_many_col: student_exam_has_question.student_exam_id row->id: 4
[02-Apr-2022 21:46:55 Europe/Berlin] Question dep fetch Choice
[02-Apr-2022 21:46:55 Europe/Berlin] ->>jump over many2many table :: $dep<<<----dep: Student_Exam_Has_Question one_name: Question many_name: Student_Exam middle_table: Student_Exam_Has_Question middle_table_one_col: student_exam_has_question.question_id middle_table_many_col: student_exam_has_question.student_exam_id row->id: 100
[02-Apr-2022 21:46:55 Europe/Berlin] $_POST [] served
[02-Apr-2022 21:46:56 Europe/Berlin] more is requested specifically after 100
[02-Apr-2022 21:46:56 Europe/Berlin] $_POST {"op":"get after","id":100} served
[02-Apr-2022 21:47:10 Europe/Berlin] Question dep fetch Choice
[02-Apr-2022 21:47:10 Europe/Berlin] ->>jump over many2many table :: $dep<<<----dep: Student_Exam_Has_Question one_name: Question many_name: Student_Exam middle_table: Student_Exam_Has_Question middle_table_one_col: student_exam_has_question.question_id middle_table_many_col: student_exam_has_question.student_exam_id row->id: 1
[02-Apr-2022 21:47:10 Europe/Berlin] Question dep fetch Choice
[02-Apr-2022 21:47:10 Europe/Berlin] ->>jump over many2many table :: $dep<<<----dep: Student_Exam_Has_Question one_name: Question many_name: Student_Exam middle_table: Student_Exam_Has_Question middle_table_one_col: student_exam_has_question.question_id middle_table_many_col: student_exam_has_question.student_exam_id row->id: 2
[02-Apr-2022 21:47:10 Europe/Berlin] Question dep fetch Choice
[02-Apr-2022 21:47:10 Europe/Berlin] ->>jump over many2many table :: $dep<<<----dep: Student_Exam_Has_Question one_name: Question many_name: Student_Exam middle_table: Student_Exam_Has_Question middle_table_one_col: student_exam_has_question.question_id middle_table_many_col: student_exam_has_question.student_exam_id row->id: 3
[02-Apr-2022 21:47:10 Europe/Berlin] Question dep fetch Choice
[02-Apr-2022 21:47:10 Europe/Berlin] ->>jump over many2many table :: $dep<<<----dep: Student_Exam_Has_Question one_name: Question many_name: Student_Exam middle_table: Student_Exam_Has_Question middle_table_one_col: student_exam_has_question.question_id middle_table_many_col: student_exam_has_question.student_exam_id row->id: 4
[02-Apr-2022 21:47:10 Europe/Berlin] Question dep fetch Choice
[02-Apr-2022 21:47:10 Europe/Berlin] ->>jump over many2many table :: $dep<<<----dep: Student_Exam_Has_Question one_name: Question many_name: Student_Exam middle_table: Student_Exam_Has_Question middle_table_one_col: student_exam_has_question.question_id middle_table_many_col: student_exam_has_question.student_exam_id row->id: 100
[02-Apr-2022 21:47:10 Europe/Berlin] $_POST [] served
[02-Apr-2022 21:47:11 Europe/Berlin] more is requested specifically after 100
[02-Apr-2022 21:47:11 Europe/Berlin] $_POST {"op":"get after","id":100} served
