[07-Apr-2022 05:58:17 Europe/Berlin] Role dep fetch User
[07-Apr-2022 05:58:17 Europe/Berlin] ->>jump over many2many table :: $dep<<<----dep: Role_Has_Permission one_name: Role many_name: Permission middle_table: Role_Has_Permission middle_table_one_col: role_has_permission.role_id middle_table_many_col: role_has_permission.permission_id row->id: 1
[07-Apr-2022 05:58:17 Europe/Berlin] Role dep fetch User
[07-Apr-2022 05:58:17 Europe/Berlin] ->>jump over many2many table :: $dep<<<----dep: Role_Has_Permission one_name: Role many_name: Permission middle_table: Role_Has_Permission middle_table_one_col: role_has_permission.role_id middle_table_many_col: role_has_permission.permission_id row->id: 2
[07-Apr-2022 05:58:17 Europe/Berlin] Role dep fetch User
[07-Apr-2022 05:58:17 Europe/Berlin] ->>jump over many2many table :: $dep<<<----dep: Role_Has_Permission one_name: Role many_name: Permission middle_table: Role_Has_Permission middle_table_one_col: role_has_permission.role_id middle_table_many_col: role_has_permission.permission_id row->id: 3
[07-Apr-2022 05:58:17 Europe/Berlin] Role dep fetch User
[07-Apr-2022 05:58:17 Europe/Berlin] ->>jump over many2many table :: $dep<<<----dep: Role_Has_Permission one_name: Role many_name: Permission middle_table: Role_Has_Permission middle_table_one_col: role_has_permission.role_id middle_table_many_col: role_has_permission.permission_id row->id: 4
[07-Apr-2022 05:58:17 Europe/Berlin] Role dep fetch User
[07-Apr-2022 05:58:17 Europe/Berlin] ->>jump over many2many table :: $dep<<<----dep: Role_Has_Permission one_name: Role many_name: Permission middle_table: Role_Has_Permission middle_table_one_col: role_has_permission.role_id middle_table_many_col: role_has_permission.permission_id row->id: 5
[07-Apr-2022 05:58:17 Europe/Berlin] Role dep fetch User
[07-Apr-2022 05:58:17 Europe/Berlin] ->>jump over many2many table :: $dep<<<----dep: Role_Has_Permission one_name: Role many_name: Permission middle_table: Role_Has_Permission middle_table_one_col: role_has_permission.role_id middle_table_many_col: role_has_permission.permission_id row->id: 6
[07-Apr-2022 05:58:17 Europe/Berlin] Role dep fetch User
[07-Apr-2022 05:58:17 Europe/Berlin] ->>jump over many2many table :: $dep<<<----dep: Role_Has_Permission one_name: Role many_name: Permission middle_table: Role_Has_Permission middle_table_one_col: role_has_permission.role_id middle_table_many_col: role_has_permission.permission_id row->id: 7
[07-Apr-2022 05:58:18 Europe/Berlin] Role dep fetch User
[07-Apr-2022 05:58:18 Europe/Berlin] ->>jump over many2many table :: $dep<<<----dep: Role_Has_Permission one_name: Role many_name: Permission middle_table: Role_Has_Permission middle_table_one_col: role_has_permission.role_id middle_table_many_col: role_has_permission.permission_id row->id: 8
[07-Apr-2022 05:58:18 Europe/Berlin] Role dep fetch User
[07-Apr-2022 05:58:18 Europe/Berlin] ->>jump over many2many table :: $dep<<<----dep: Role_Has_Permission one_name: Role many_name: Permission middle_table: Role_Has_Permission middle_table_one_col: role_has_permission.role_id middle_table_many_col: role_has_permission.permission_id row->id: 9
[07-Apr-2022 05:58:18 Europe/Berlin] $_POST [] served
[07-Apr-2022 06:07:54 Europe/Berlin] Role dep fetch User
[07-Apr-2022 06:07:54 Europe/Berlin] ->>jump over many2many table :: $dep<<<----dep: Role_Has_Permission one_name: Role many_name: Permission middle_table: Role_Has_Permission middle_table_one_col: role_has_permission.role_id middle_table_many_col: role_has_permission.permission_id row->id: 1
[07-Apr-2022 06:07:54 Europe/Berlin] Role dep fetch User
[07-Apr-2022 06:07:54 Europe/Berlin] ->>jump over many2many table :: $dep<<<----dep: Role_Has_Permission one_name: Role many_name: Permission middle_table: Role_Has_Permission middle_table_one_col: role_has_permission.role_id middle_table_many_col: role_has_permission.permission_id row->id: 2
[07-Apr-2022 06:07:54 Europe/Berlin] Role dep fetch User
[07-Apr-2022 06:07:54 Europe/Berlin] ->>jump over many2many table :: $dep<<<----dep: Role_Has_Permission one_name: Role many_name: Permission middle_table: Role_Has_Permission middle_table_one_col: role_has_permission.role_id middle_table_many_col: role_has_permission.permission_id row->id: 3
[07-Apr-2022 06:07:54 Europe/Berlin] Role dep fetch User
[07-Apr-2022 06:07:54 Europe/Berlin] ->>jump over many2many table :: $dep<<<----dep: Role_Has_Permission one_name: Role many_name: Permission middle_table: Role_Has_Permission middle_table_one_col: role_has_permission.role_id middle_table_many_col: role_has_permission.permission_id row->id: 4
[07-Apr-2022 06:07:54 Europe/Berlin] Role dep fetch User
[07-Apr-2022 06:07:54 Europe/Berlin] ->>jump over many2many table :: $dep<<<----dep: Role_Has_Permission one_name: Role many_name: Permission middle_table: Role_Has_Permission middle_table_one_col: role_has_permission.role_id middle_table_many_col: role_has_permission.permission_id row->id: 5
[07-Apr-2022 06:07:54 Europe/Berlin] Role dep fetch User
[07-Apr-2022 06:07:54 Europe/Berlin] ->>jump over many2many table :: $dep<<<----dep: Role_Has_Permission one_name: Role many_name: Permission middle_table: Role_Has_Permission middle_table_one_col: role_has_permission.role_id middle_table_many_col: role_has_permission.permission_id row->id: 6
[07-Apr-2022 06:07:54 Europe/Berlin] Role dep fetch User
[07-Apr-2022 06:07:54 Europe/Berlin] ->>jump over many2many table :: $dep<<<----dep: Role_Has_Permission one_name: Role many_name: Permission middle_table: Role_Has_Permission middle_table_one_col: role_has_permission.role_id middle_table_many_col: role_has_permission.permission_id row->id: 7
[07-Apr-2022 06:07:54 Europe/Berlin] Role dep fetch User
[07-Apr-2022 06:07:54 Europe/Berlin] ->>jump over many2many table :: $dep<<<----dep: Role_Has_Permission one_name: Role many_name: Permission middle_table: Role_Has_Permission middle_table_one_col: role_has_permission.role_id middle_table_many_col: role_has_permission.permission_id row->id: 8
[07-Apr-2022 06:07:54 Europe/Berlin] Role dep fetch User
[07-Apr-2022 06:07:54 Europe/Berlin] ->>jump over many2many table :: $dep<<<----dep: Role_Has_Permission one_name: Role many_name: Permission middle_table: Role_Has_Permission middle_table_one_col: role_has_permission.role_id middle_table_many_col: role_has_permission.permission_id row->id: 9
[07-Apr-2022 06:07:54 Europe/Berlin] $_POST [] served
[07-Apr-2022 06:08:07 Europe/Berlin] Role dep fetch User
[07-Apr-2022 06:08:07 Europe/Berlin] ->>jump over many2many table :: $dep<<<----dep: Role_Has_Permission one_name: Role many_name: Permission middle_table: Role_Has_Permission middle_table_one_col: role_has_permission.role_id middle_table_many_col: role_has_permission.permission_id row->id: 1
[07-Apr-2022 06:08:07 Europe/Berlin] Role dep fetch User
[07-Apr-2022 06:08:07 Europe/Berlin] ->>jump over many2many table :: $dep<<<----dep: Role_Has_Permission one_name: Role many_name: Permission middle_table: Role_Has_Permission middle_table_one_col: role_has_permission.role_id middle_table_many_col: role_has_permission.permission_id row->id: 2
[07-Apr-2022 06:08:07 Europe/Berlin] Role dep fetch User
[07-Apr-2022 06:08:07 Europe/Berlin] ->>jump over many2many table :: $dep<<<----dep: Role_Has_Permission one_name: Role many_name: Permission middle_table: Role_Has_Permission middle_table_one_col: role_has_permission.role_id middle_table_many_col: role_has_permission.permission_id row->id: 3
[07-Apr-2022 06:08:07 Europe/Berlin] Role dep fetch User
[07-Apr-2022 06:08:07 Europe/Berlin] ->>jump over many2many table :: $dep<<<----dep: Role_Has_Permission one_name: Role many_name: Permission middle_table: Role_Has_Permission middle_table_one_col: role_has_permission.role_id middle_table_many_col: role_has_permission.permission_id row->id: 4
[07-Apr-2022 06:08:07 Europe/Berlin] Role dep fetch User
[07-Apr-2022 06:08:07 Europe/Berlin] ->>jump over many2many table :: $dep<<<----dep: Role_Has_Permission one_name: Role many_name: Permission middle_table: Role_Has_Permission middle_table_one_col: role_has_permission.role_id middle_table_many_col: role_has_permission.permission_id row->id: 5
[07-Apr-2022 06:08:07 Europe/Berlin] Role dep fetch User
[07-Apr-2022 06:08:07 Europe/Berlin] ->>jump over many2many table :: $dep<<<----dep: Role_Has_Permission one_name: Role many_name: Permission middle_table: Role_Has_Permission middle_table_one_col: role_has_permission.role_id middle_table_many_col: role_has_permission.permission_id row->id: 6
[07-Apr-2022 06:08:07 Europe/Berlin] Role dep fetch User
[07-Apr-2022 06:08:07 Europe/Berlin] ->>jump over many2many table :: $dep<<<----dep: Role_Has_Permission one_name: Role many_name: Permission middle_table: Role_Has_Permission middle_table_one_col: role_has_permission.role_id middle_table_many_col: role_has_permission.permission_id row->id: 7
[07-Apr-2022 06:08:07 Europe/Berlin] Role dep fetch User
[07-Apr-2022 06:08:07 Europe/Berlin] ->>jump over many2many table :: $dep<<<----dep: Role_Has_Permission one_name: Role many_name: Permission middle_table: Role_Has_Permission middle_table_one_col: role_has_permission.role_id middle_table_many_col: role_has_permission.permission_id row->id: 8
[07-Apr-2022 06:08:07 Europe/Berlin] Role dep fetch User
[07-Apr-2022 06:08:07 Europe/Berlin] ->>jump over many2many table :: $dep<<<----dep: Role_Has_Permission one_name: Role many_name: Permission middle_table: Role_Has_Permission middle_table_one_col: role_has_permission.role_id middle_table_many_col: role_has_permission.permission_id row->id: 9
[07-Apr-2022 06:08:07 Europe/Berlin] $_POST [] served
[07-Apr-2022 06:08:29 Europe/Berlin] Role dep fetch User
[07-Apr-2022 06:08:29 Europe/Berlin] ->>jump over many2many table :: $dep<<<----dep: Role_Has_Permission one_name: Role many_name: Permission middle_table: Role_Has_Permission middle_table_one_col: role_has_permission.role_id middle_table_many_col: role_has_permission.permission_id row->id: 1
[07-Apr-2022 06:08:29 Europe/Berlin] Role dep fetch User
[07-Apr-2022 06:08:29 Europe/Berlin] ->>jump over many2many table :: $dep<<<----dep: Role_Has_Permission one_name: Role many_name: Permission middle_table: Role_Has_Permission middle_table_one_col: role_has_permission.role_id middle_table_many_col: role_has_permission.permission_id row->id: 2
[07-Apr-2022 06:08:29 Europe/Berlin] Role dep fetch User
[07-Apr-2022 06:08:29 Europe/Berlin] ->>jump over many2many table :: $dep<<<----dep: Role_Has_Permission one_name: Role many_name: Permission middle_table: Role_Has_Permission middle_table_one_col: role_has_permission.role_id middle_table_many_col: role_has_permission.permission_id row->id: 3
[07-Apr-2022 06:08:29 Europe/Berlin] Role dep fetch User
[07-Apr-2022 06:08:29 Europe/Berlin] ->>jump over many2many table :: $dep<<<----dep: Role_Has_Permission one_name: Role many_name: Permission middle_table: Role_Has_Permission middle_table_one_col: role_has_permission.role_id middle_table_many_col: role_has_permission.permission_id row->id: 4
[07-Apr-2022 06:08:29 Europe/Berlin] Role dep fetch User
[07-Apr-2022 06:08:29 Europe/Berlin] ->>jump over many2many table :: $dep<<<----dep: Role_Has_Permission one_name: Role many_name: Permission middle_table: Role_Has_Permission middle_table_one_col: role_has_permission.role_id middle_table_many_col: role_has_permission.permission_id row->id: 5
[07-Apr-2022 06:08:29 Europe/Berlin] Role dep fetch User
[07-Apr-2022 06:08:29 Europe/Berlin] ->>jump over many2many table :: $dep<<<----dep: Role_Has_Permission one_name: Role many_name: Permission middle_table: Role_Has_Permission middle_table_one_col: role_has_permission.role_id middle_table_many_col: role_has_permission.permission_id row->id: 6
[07-Apr-2022 06:08:29 Europe/Berlin] Role dep fetch User
[07-Apr-2022 06:08:29 Europe/Berlin] ->>jump over many2many table :: $dep<<<----dep: Role_Has_Permission one_name: Role many_name: Permission middle_table: Role_Has_Permission middle_table_one_col: role_has_permission.role_id middle_table_many_col: role_has_permission.permission_id row->id: 7
[07-Apr-2022 06:08:29 Europe/Berlin] Role dep fetch User
[07-Apr-2022 06:08:29 Europe/Berlin] ->>jump over many2many table :: $dep<<<----dep: Role_Has_Permission one_name: Role many_name: Permission middle_table: Role_Has_Permission middle_table_one_col: role_has_permission.role_id middle_table_many_col: role_has_permission.permission_id row->id: 8
[07-Apr-2022 06:08:29 Europe/Berlin] Role dep fetch User
[07-Apr-2022 06:08:29 Europe/Berlin] ->>jump over many2many table :: $dep<<<----dep: Role_Has_Permission one_name: Role many_name: Permission middle_table: Role_Has_Permission middle_table_one_col: role_has_permission.role_id middle_table_many_col: role_has_permission.permission_id row->id: 9
[07-Apr-2022 06:08:29 Europe/Berlin] $_POST [] served
[07-Apr-2022 06:08:34 Europe/Berlin] Subject dep fetch Exam
[07-Apr-2022 06:08:34 Europe/Berlin] Subject dep fetch Topic
[07-Apr-2022 06:08:34 Europe/Berlin] Subject dep fetch Exam
[07-Apr-2022 06:08:34 Europe/Berlin] Subject dep fetch Topic
[07-Apr-2022 06:08:34 Europe/Berlin] Subject dep fetch Exam
[07-Apr-2022 06:08:34 Europe/Berlin] Subject dep fetch Topic
[07-Apr-2022 06:08:34 Europe/Berlin] Subject dep fetch Exam
[07-Apr-2022 06:08:34 Europe/Berlin] Subject dep fetch Topic
[07-Apr-2022 06:08:34 Europe/Berlin] Subject dep fetch Exam
[07-Apr-2022 06:08:34 Europe/Berlin] Subject dep fetch Topic
[07-Apr-2022 06:08:34 Europe/Berlin] Subject dep fetch Exam
[07-Apr-2022 06:08:34 Europe/Berlin] Subject dep fetch Topic
[07-Apr-2022 06:08:34 Europe/Berlin] Subject dep fetch Exam
[07-Apr-2022 06:08:34 Europe/Berlin] Subject dep fetch Topic
[07-Apr-2022 06:08:34 Europe/Berlin] Subject dep fetch Exam
[07-Apr-2022 06:08:34 Europe/Berlin] Subject dep fetch Topic
[07-Apr-2022 06:08:34 Europe/Berlin] Subject dep fetch Exam
[07-Apr-2022 06:08:34 Europe/Berlin] Subject dep fetch Topic
[07-Apr-2022 06:08:34 Europe/Berlin] Subject dep fetch Exam
[07-Apr-2022 06:08:34 Europe/Berlin] Subject dep fetch Topic
[07-Apr-2022 06:08:34 Europe/Berlin] Subject dep fetch Exam
[07-Apr-2022 06:08:34 Europe/Berlin] Subject dep fetch Topic
[07-Apr-2022 06:08:34 Europe/Berlin] Subject dep fetch Exam
[07-Apr-2022 06:08:34 Europe/Berlin] Subject dep fetch Topic
[07-Apr-2022 06:08:34 Europe/Berlin] Subject dep fetch Exam
[07-Apr-2022 06:08:34 Europe/Berlin] Subject dep fetch Topic
[07-Apr-2022 06:08:34 Europe/Berlin] Subject dep fetch Exam
[07-Apr-2022 06:08:34 Europe/Berlin] Subject dep fetch Topic
[07-Apr-2022 06:08:34 Europe/Berlin] Subject dep fetch Exam
[07-Apr-2022 06:08:34 Europe/Berlin] Subject dep fetch Topic
[07-Apr-2022 06:08:34 Europe/Berlin] Subject dep fetch Exam
[07-Apr-2022 06:08:34 Europe/Berlin] Subject dep fetch Topic
[07-Apr-2022 06:08:34 Europe/Berlin] Subject dep fetch Exam
[07-Apr-2022 06:08:34 Europe/Berlin] Subject dep fetch Topic
[07-Apr-2022 06:08:34 Europe/Berlin] Subject dep fetch Exam
[07-Apr-2022 06:08:34 Europe/Berlin] Subject dep fetch Topic
[07-Apr-2022 06:08:34 Europe/Berlin] Subject dep fetch Exam
[07-Apr-2022 06:08:34 Europe/Berlin] Subject dep fetch Topic
[07-Apr-2022 06:08:34 Europe/Berlin] Subject dep fetch Exam
[07-Apr-2022 06:08:34 Europe/Berlin] Subject dep fetch Topic
[07-Apr-2022 06:08:34 Europe/Berlin] Subject dep fetch Exam
[07-Apr-2022 06:08:34 Europe/Berlin] Subject dep fetch Topic
[07-Apr-2022 06:08:34 Europe/Berlin] Subject dep fetch Exam
[07-Apr-2022 06:08:34 Europe/Berlin] Subject dep fetch Topic
[07-Apr-2022 06:08:34 Europe/Berlin] $_POST [] served
[07-Apr-2022 06:08:58 Europe/Berlin] Subject dep fetch Exam
[07-Apr-2022 06:08:58 Europe/Berlin] Subject dep fetch Topic
[07-Apr-2022 06:08:58 Europe/Berlin] Subject dep fetch Exam
[07-Apr-2022 06:08:58 Europe/Berlin] Subject dep fetch Topic
[07-Apr-2022 06:08:58 Europe/Berlin] Subject dep fetch Exam
[07-Apr-2022 06:08:58 Europe/Berlin] Subject dep fetch Topic
[07-Apr-2022 06:08:58 Europe/Berlin] Subject dep fetch Exam
[07-Apr-2022 06:08:58 Europe/Berlin] Subject dep fetch Topic
[07-Apr-2022 06:08:58 Europe/Berlin] Subject dep fetch Exam
[07-Apr-2022 06:08:58 Europe/Berlin] Subject dep fetch Topic
[07-Apr-2022 06:08:58 Europe/Berlin] Subject dep fetch Exam
[07-Apr-2022 06:08:58 Europe/Berlin] Subject dep fetch Topic
[07-Apr-2022 06:08:58 Europe/Berlin] Subject dep fetch Exam
[07-Apr-2022 06:08:58 Europe/Berlin] Subject dep fetch Topic
[07-Apr-2022 06:08:58 Europe/Berlin] Subject dep fetch Exam
[07-Apr-2022 06:08:58 Europe/Berlin] Subject dep fetch Topic
[07-Apr-2022 06:08:58 Europe/Berlin] Subject dep fetch Exam
[07-Apr-2022 06:08:58 Europe/Berlin] Subject dep fetch Topic
[07-Apr-2022 06:08:58 Europe/Berlin] Subject dep fetch Exam
[07-Apr-2022 06:08:58 Europe/Berlin] Subject dep fetch Topic
[07-Apr-2022 06:08:58 Europe/Berlin] Subject dep fetch Exam
[07-Apr-2022 06:08:58 Europe/Berlin] Subject dep fetch Topic
[07-Apr-2022 06:08:58 Europe/Berlin] Subject dep fetch Exam
[07-Apr-2022 06:08:58 Europe/Berlin] Subject dep fetch Topic
[07-Apr-2022 06:08:58 Europe/Berlin] Subject dep fetch Exam
[07-Apr-2022 06:08:58 Europe/Berlin] Subject dep fetch Topic
[07-Apr-2022 06:08:58 Europe/Berlin] Subject dep fetch Exam
[07-Apr-2022 06:08:58 Europe/Berlin] Subject dep fetch Topic
[07-Apr-2022 06:08:58 Europe/Berlin] Subject dep fetch Exam
[07-Apr-2022 06:08:58 Europe/Berlin] Subject dep fetch Topic
[07-Apr-2022 06:08:58 Europe/Berlin] Subject dep fetch Exam
[07-Apr-2022 06:08:58 Europe/Berlin] Subject dep fetch Topic
[07-Apr-2022 06:08:58 Europe/Berlin] Subject dep fetch Exam
[07-Apr-2022 06:08:58 Europe/Berlin] Subject dep fetch Topic
[07-Apr-2022 06:08:58 Europe/Berlin] Subject dep fetch Exam
[07-Apr-2022 06:08:58 Europe/Berlin] Subject dep fetch Topic
[07-Apr-2022 06:08:58 Europe/Berlin] Subject dep fetch Exam
[07-Apr-2022 06:08:58 Europe/Berlin] Subject dep fetch Topic
[07-Apr-2022 06:08:58 Europe/Berlin] Subject dep fetch Exam
[07-Apr-2022 06:08:58 Europe/Berlin] Subject dep fetch Topic
[07-Apr-2022 06:08:58 Europe/Berlin] Subject dep fetch Exam
[07-Apr-2022 06:08:58 Europe/Berlin] Subject dep fetch Topic
[07-Apr-2022 06:08:58 Europe/Berlin] Subject dep fetch Exam
[07-Apr-2022 06:08:58 Europe/Berlin] Subject dep fetch Topic
[07-Apr-2022 06:08:58 Europe/Berlin] $_POST [] served
[07-Apr-2022 06:09:02 Europe/Berlin] $_POST [] served
[07-Apr-2022 06:09:04 Europe/Berlin] $_POST [] served
[07-Apr-2022 06:09:07 Europe/Berlin] Exam_Center dep fetch Student_Exam
[07-Apr-2022 06:09:07 Europe/Berlin] Exam_Center dep fetch Student_Exam
[07-Apr-2022 06:09:07 Europe/Berlin] $_POST [] served
[07-Apr-2022 06:09:20 Europe/Berlin] Exam_Center dep fetch Student_Exam
[07-Apr-2022 06:09:20 Europe/Berlin] Exam_Center dep fetch Student_Exam
[07-Apr-2022 06:09:20 Europe/Berlin] $_POST [] served
[07-Apr-2022 06:13:56 Europe/Berlin] Exam_Center dep fetch Student_Exam
[07-Apr-2022 06:13:56 Europe/Berlin] Exam_Center dep fetch Student_Exam
[07-Apr-2022 06:13:56 Europe/Berlin] $_POST [] served
[07-Apr-2022 06:13:58 Europe/Berlin] $_POST [] served
[07-Apr-2022 06:14:00 Europe/Berlin] more is requested specifically after 8
[07-Apr-2022 06:14:00 Europe/Berlin] $_POST {"op":"get after","id":8} served
[07-Apr-2022 06:14:04 Europe/Berlin] Role dep fetch User
[07-Apr-2022 06:14:04 Europe/Berlin] ->>jump over many2many table :: $dep<<<----dep: Role_Has_Permission one_name: Role many_name: Permission middle_table: Role_Has_Permission middle_table_one_col: role_has_permission.role_id middle_table_many_col: role_has_permission.permission_id row->id: 1
[07-Apr-2022 06:14:04 Europe/Berlin] Role dep fetch User
[07-Apr-2022 06:14:04 Europe/Berlin] ->>jump over many2many table :: $dep<<<----dep: Role_Has_Permission one_name: Role many_name: Permission middle_table: Role_Has_Permission middle_table_one_col: role_has_permission.role_id middle_table_many_col: role_has_permission.permission_id row->id: 2
[07-Apr-2022 06:14:04 Europe/Berlin] Role dep fetch User
[07-Apr-2022 06:14:04 Europe/Berlin] ->>jump over many2many table :: $dep<<<----dep: Role_Has_Permission one_name: Role many_name: Permission middle_table: Role_Has_Permission middle_table_one_col: role_has_permission.role_id middle_table_many_col: role_has_permission.permission_id row->id: 3
[07-Apr-2022 06:14:04 Europe/Berlin] Role dep fetch User
[07-Apr-2022 06:14:04 Europe/Berlin] ->>jump over many2many table :: $dep<<<----dep: Role_Has_Permission one_name: Role many_name: Permission middle_table: Role_Has_Permission middle_table_one_col: role_has_permission.role_id middle_table_many_col: role_has_permission.permission_id row->id: 4
[07-Apr-2022 06:14:04 Europe/Berlin] Role dep fetch User
[07-Apr-2022 06:14:04 Europe/Berlin] ->>jump over many2many table :: $dep<<<----dep: Role_Has_Permission one_name: Role many_name: Permission middle_table: Role_Has_Permission middle_table_one_col: role_has_permission.role_id middle_table_many_col: role_has_permission.permission_id row->id: 5
[07-Apr-2022 06:14:04 Europe/Berlin] Role dep fetch User
[07-Apr-2022 06:14:04 Europe/Berlin] ->>jump over many2many table :: $dep<<<----dep: Role_Has_Permission one_name: Role many_name: Permission middle_table: Role_Has_Permission middle_table_one_col: role_has_permission.role_id middle_table_many_col: role_has_permission.permission_id row->id: 6
[07-Apr-2022 06:14:04 Europe/Berlin] Role dep fetch User
[07-Apr-2022 06:14:04 Europe/Berlin] ->>jump over many2many table :: $dep<<<----dep: Role_Has_Permission one_name: Role many_name: Permission middle_table: Role_Has_Permission middle_table_one_col: role_has_permission.role_id middle_table_many_col: role_has_permission.permission_id row->id: 7
[07-Apr-2022 06:14:04 Europe/Berlin] Role dep fetch User
[07-Apr-2022 06:14:04 Europe/Berlin] ->>jump over many2many table :: $dep<<<----dep: Role_Has_Permission one_name: Role many_name: Permission middle_table: Role_Has_Permission middle_table_one_col: role_has_permission.role_id middle_table_many_col: role_has_permission.permission_id row->id: 8
[07-Apr-2022 06:14:04 Europe/Berlin] Role dep fetch User
[07-Apr-2022 06:14:04 Europe/Berlin] ->>jump over many2many table :: $dep<<<----dep: Role_Has_Permission one_name: Role many_name: Permission middle_table: Role_Has_Permission middle_table_one_col: role_has_permission.role_id middle_table_many_col: role_has_permission.permission_id row->id: 9
[07-Apr-2022 06:14:04 Europe/Berlin] $_POST [] served
[07-Apr-2022 06:14:13 Europe/Berlin] Role dep fetch User
[07-Apr-2022 06:14:13 Europe/Berlin] ->>jump over many2many table :: $dep<<<----dep: Role_Has_Permission one_name: Role many_name: Permission middle_table: Role_Has_Permission middle_table_one_col: role_has_permission.role_id middle_table_many_col: role_has_permission.permission_id row->id: 1
[07-Apr-2022 06:14:13 Europe/Berlin] Role dep fetch User
[07-Apr-2022 06:14:13 Europe/Berlin] ->>jump over many2many table :: $dep<<<----dep: Role_Has_Permission one_name: Role many_name: Permission middle_table: Role_Has_Permission middle_table_one_col: role_has_permission.role_id middle_table_many_col: role_has_permission.permission_id row->id: 2
[07-Apr-2022 06:14:13 Europe/Berlin] Role dep fetch User
[07-Apr-2022 06:14:13 Europe/Berlin] ->>jump over many2many table :: $dep<<<----dep: Role_Has_Permission one_name: Role many_name: Permission middle_table: Role_Has_Permission middle_table_one_col: role_has_permission.role_id middle_table_many_col: role_has_permission.permission_id row->id: 3
[07-Apr-2022 06:14:13 Europe/Berlin] Role dep fetch User
[07-Apr-2022 06:14:13 Europe/Berlin] ->>jump over many2many table :: $dep<<<----dep: Role_Has_Permission one_name: Role many_name: Permission middle_table: Role_Has_Permission middle_table_one_col: role_has_permission.role_id middle_table_many_col: role_has_permission.permission_id row->id: 4
[07-Apr-2022 06:14:13 Europe/Berlin] Role dep fetch User
[07-Apr-2022 06:14:13 Europe/Berlin] ->>jump over many2many table :: $dep<<<----dep: Role_Has_Permission one_name: Role many_name: Permission middle_table: Role_Has_Permission middle_table_one_col: role_has_permission.role_id middle_table_many_col: role_has_permission.permission_id row->id: 5
[07-Apr-2022 06:14:13 Europe/Berlin] Role dep fetch User
[07-Apr-2022 06:14:13 Europe/Berlin] ->>jump over many2many table :: $dep<<<----dep: Role_Has_Permission one_name: Role many_name: Permission middle_table: Role_Has_Permission middle_table_one_col: role_has_permission.role_id middle_table_many_col: role_has_permission.permission_id row->id: 6
[07-Apr-2022 06:14:13 Europe/Berlin] Role dep fetch User
[07-Apr-2022 06:14:13 Europe/Berlin] ->>jump over many2many table :: $dep<<<----dep: Role_Has_Permission one_name: Role many_name: Permission middle_table: Role_Has_Permission middle_table_one_col: role_has_permission.role_id middle_table_many_col: role_has_permission.permission_id row->id: 7
[07-Apr-2022 06:14:13 Europe/Berlin] Role dep fetch User
[07-Apr-2022 06:14:13 Europe/Berlin] ->>jump over many2many table :: $dep<<<----dep: Role_Has_Permission one_name: Role many_name: Permission middle_table: Role_Has_Permission middle_table_one_col: role_has_permission.role_id middle_table_many_col: role_has_permission.permission_id row->id: 8
[07-Apr-2022 06:14:13 Europe/Berlin] Role dep fetch User
[07-Apr-2022 06:14:13 Europe/Berlin] ->>jump over many2many table :: $dep<<<----dep: Role_Has_Permission one_name: Role many_name: Permission middle_table: Role_Has_Permission middle_table_one_col: role_has_permission.role_id middle_table_many_col: role_has_permission.permission_id row->id: 9
[07-Apr-2022 06:14:13 Europe/Berlin] $_POST [] served
[07-Apr-2022 06:14:28 Europe/Berlin] Role dep fetch User
[07-Apr-2022 06:14:28 Europe/Berlin] ->>jump over many2many table :: $dep<<<----dep: Role_Has_Permission one_name: Role many_name: Permission middle_table: Role_Has_Permission middle_table_one_col: role_has_permission.role_id middle_table_many_col: role_has_permission.permission_id row->id: 1
[07-Apr-2022 06:14:28 Europe/Berlin] Role dep fetch User
[07-Apr-2022 06:14:28 Europe/Berlin] ->>jump over many2many table :: $dep<<<----dep: Role_Has_Permission one_name: Role many_name: Permission middle_table: Role_Has_Permission middle_table_one_col: role_has_permission.role_id middle_table_many_col: role_has_permission.permission_id row->id: 2
[07-Apr-2022 06:14:28 Europe/Berlin] Role dep fetch User
[07-Apr-2022 06:14:28 Europe/Berlin] ->>jump over many2many table :: $dep<<<----dep: Role_Has_Permission one_name: Role many_name: Permission middle_table: Role_Has_Permission middle_table_one_col: role_has_permission.role_id middle_table_many_col: role_has_permission.permission_id row->id: 3
[07-Apr-2022 06:14:28 Europe/Berlin] Role dep fetch User
[07-Apr-2022 06:14:28 Europe/Berlin] ->>jump over many2many table :: $dep<<<----dep: Role_Has_Permission one_name: Role many_name: Permission middle_table: Role_Has_Permission middle_table_one_col: role_has_permission.role_id middle_table_many_col: role_has_permission.permission_id row->id: 4
[07-Apr-2022 06:14:28 Europe/Berlin] Role dep fetch User
[07-Apr-2022 06:14:28 Europe/Berlin] ->>jump over many2many table :: $dep<<<----dep: Role_Has_Permission one_name: Role many_name: Permission middle_table: Role_Has_Permission middle_table_one_col: role_has_permission.role_id middle_table_many_col: role_has_permission.permission_id row->id: 5
[07-Apr-2022 06:14:28 Europe/Berlin] Role dep fetch User
[07-Apr-2022 06:14:28 Europe/Berlin] ->>jump over many2many table :: $dep<<<----dep: Role_Has_Permission one_name: Role many_name: Permission middle_table: Role_Has_Permission middle_table_one_col: role_has_permission.role_id middle_table_many_col: role_has_permission.permission_id row->id: 6
[07-Apr-2022 06:14:28 Europe/Berlin] Role dep fetch User
[07-Apr-2022 06:14:28 Europe/Berlin] ->>jump over many2many table :: $dep<<<----dep: Role_Has_Permission one_name: Role many_name: Permission middle_table: Role_Has_Permission middle_table_one_col: role_has_permission.role_id middle_table_many_col: role_has_permission.permission_id row->id: 7
[07-Apr-2022 06:14:28 Europe/Berlin] Role dep fetch User
[07-Apr-2022 06:14:28 Europe/Berlin] ->>jump over many2many table :: $dep<<<----dep: Role_Has_Permission one_name: Role many_name: Permission middle_table: Role_Has_Permission middle_table_one_col: role_has_permission.role_id middle_table_many_col: role_has_permission.permission_id row->id: 8
[07-Apr-2022 06:14:28 Europe/Berlin] Role dep fetch User
[07-Apr-2022 06:14:28 Europe/Berlin] ->>jump over many2many table :: $dep<<<----dep: Role_Has_Permission one_name: Role many_name: Permission middle_table: Role_Has_Permission middle_table_one_col: role_has_permission.role_id middle_table_many_col: role_has_permission.permission_id row->id: 9
[07-Apr-2022 06:14:28 Europe/Berlin] $_POST [] served
[07-Apr-2022 06:14:33 Europe/Berlin] $_POST [] served
[07-Apr-2022 06:14:34 Europe/Berlin] more is requested specifically after 8
[07-Apr-2022 06:14:34 Europe/Berlin] $_POST {"op":"get after","id":8} served
[07-Apr-2022 06:14:38 Europe/Berlin] Role dep fetch User
[07-Apr-2022 06:14:38 Europe/Berlin] ->>jump over many2many table :: $dep<<<----dep: Role_Has_Permission one_name: Role many_name: Permission middle_table: Role_Has_Permission middle_table_one_col: role_has_permission.role_id middle_table_many_col: role_has_permission.permission_id row->id: 1
[07-Apr-2022 06:14:38 Europe/Berlin] Role dep fetch User
[07-Apr-2022 06:14:38 Europe/Berlin] ->>jump over many2many table :: $dep<<<----dep: Role_Has_Permission one_name: Role many_name: Permission middle_table: Role_Has_Permission middle_table_one_col: role_has_permission.role_id middle_table_many_col: role_has_permission.permission_id row->id: 2
[07-Apr-2022 06:14:38 Europe/Berlin] Role dep fetch User
[07-Apr-2022 06:14:38 Europe/Berlin] ->>jump over many2many table :: $dep<<<----dep: Role_Has_Permission one_name: Role many_name: Permission middle_table: Role_Has_Permission middle_table_one_col: role_has_permission.role_id middle_table_many_col: role_has_permission.permission_id row->id: 3
[07-Apr-2022 06:14:38 Europe/Berlin] Role dep fetch User
[07-Apr-2022 06:14:38 Europe/Berlin] ->>jump over many2many table :: $dep<<<----dep: Role_Has_Permission one_name: Role many_name: Permission middle_table: Role_Has_Permission middle_table_one_col: role_has_permission.role_id middle_table_many_col: role_has_permission.permission_id row->id: 4
[07-Apr-2022 06:14:38 Europe/Berlin] Role dep fetch User
[07-Apr-2022 06:14:38 Europe/Berlin] ->>jump over many2many table :: $dep<<<----dep: Role_Has_Permission one_name: Role many_name: Permission middle_table: Role_Has_Permission middle_table_one_col: role_has_permission.role_id middle_table_many_col: role_has_permission.permission_id row->id: 5
[07-Apr-2022 06:14:38 Europe/Berlin] Role dep fetch User
[07-Apr-2022 06:14:38 Europe/Berlin] ->>jump over many2many table :: $dep<<<----dep: Role_Has_Permission one_name: Role many_name: Permission middle_table: Role_Has_Permission middle_table_one_col: role_has_permission.role_id middle_table_many_col: role_has_permission.permission_id row->id: 6
[07-Apr-2022 06:14:38 Europe/Berlin] Role dep fetch User
[07-Apr-2022 06:14:38 Europe/Berlin] ->>jump over many2many table :: $dep<<<----dep: Role_Has_Permission one_name: Role many_name: Permission middle_table: Role_Has_Permission middle_table_one_col: role_has_permission.role_id middle_table_many_col: role_has_permission.permission_id row->id: 7
[07-Apr-2022 06:14:38 Europe/Berlin] Role dep fetch User
[07-Apr-2022 06:14:38 Europe/Berlin] ->>jump over many2many table :: $dep<<<----dep: Role_Has_Permission one_name: Role many_name: Permission middle_table: Role_Has_Permission middle_table_one_col: role_has_permission.role_id middle_table_many_col: role_has_permission.permission_id row->id: 8
[07-Apr-2022 06:14:38 Europe/Berlin] Role dep fetch User
[07-Apr-2022 06:14:38 Europe/Berlin] ->>jump over many2many table :: $dep<<<----dep: Role_Has_Permission one_name: Role many_name: Permission middle_table: Role_Has_Permission middle_table_one_col: role_has_permission.role_id middle_table_many_col: role_has_permission.permission_id row->id: 9
[07-Apr-2022 06:14:38 Europe/Berlin] $_POST [] served
[07-Apr-2022 06:14:47 Europe/Berlin] $_POST [] served
[07-Apr-2022 06:14:48 Europe/Berlin] more is requested specifically after 8
[07-Apr-2022 06:14:48 Europe/Berlin] $_POST {"op":"get after","id":8} served
[07-Apr-2022 06:14:52 Europe/Berlin] Role dep fetch User
[07-Apr-2022 06:14:52 Europe/Berlin] ->>jump over many2many table :: $dep<<<----dep: Role_Has_Permission one_name: Role many_name: Permission middle_table: Role_Has_Permission middle_table_one_col: role_has_permission.role_id middle_table_many_col: role_has_permission.permission_id row->id: 1
[07-Apr-2022 06:14:52 Europe/Berlin] Role dep fetch User
[07-Apr-2022 06:14:52 Europe/Berlin] ->>jump over many2many table :: $dep<<<----dep: Role_Has_Permission one_name: Role many_name: Permission middle_table: Role_Has_Permission middle_table_one_col: role_has_permission.role_id middle_table_many_col: role_has_permission.permission_id row->id: 2
[07-Apr-2022 06:14:52 Europe/Berlin] Role dep fetch User
[07-Apr-2022 06:14:52 Europe/Berlin] ->>jump over many2many table :: $dep<<<----dep: Role_Has_Permission one_name: Role many_name: Permission middle_table: Role_Has_Permission middle_table_one_col: role_has_permission.role_id middle_table_many_col: role_has_permission.permission_id row->id: 3
[07-Apr-2022 06:14:52 Europe/Berlin] Role dep fetch User
[07-Apr-2022 06:14:52 Europe/Berlin] ->>jump over many2many table :: $dep<<<----dep: Role_Has_Permission one_name: Role many_name: Permission middle_table: Role_Has_Permission middle_table_one_col: role_has_permission.role_id middle_table_many_col: role_has_permission.permission_id row->id: 4
[07-Apr-2022 06:14:52 Europe/Berlin] Role dep fetch User
[07-Apr-2022 06:14:52 Europe/Berlin] ->>jump over many2many table :: $dep<<<----dep: Role_Has_Permission one_name: Role many_name: Permission middle_table: Role_Has_Permission middle_table_one_col: role_has_permission.role_id middle_table_many_col: role_has_permission.permission_id row->id: 5
[07-Apr-2022 06:14:52 Europe/Berlin] Role dep fetch User
[07-Apr-2022 06:14:52 Europe/Berlin] ->>jump over many2many table :: $dep<<<----dep: Role_Has_Permission one_name: Role many_name: Permission middle_table: Role_Has_Permission middle_table_one_col: role_has_permission.role_id middle_table_many_col: role_has_permission.permission_id row->id: 6
[07-Apr-2022 06:14:52 Europe/Berlin] Role dep fetch User
[07-Apr-2022 06:14:52 Europe/Berlin] ->>jump over many2many table :: $dep<<<----dep: Role_Has_Permission one_name: Role many_name: Permission middle_table: Role_Has_Permission middle_table_one_col: role_has_permission.role_id middle_table_many_col: role_has_permission.permission_id row->id: 7
[07-Apr-2022 06:14:52 Europe/Berlin] Role dep fetch User
[07-Apr-2022 06:14:52 Europe/Berlin] ->>jump over many2many table :: $dep<<<----dep: Role_Has_Permission one_name: Role many_name: Permission middle_table: Role_Has_Permission middle_table_one_col: role_has_permission.role_id middle_table_many_col: role_has_permission.permission_id row->id: 8
[07-Apr-2022 06:14:52 Europe/Berlin] Role dep fetch User
[07-Apr-2022 06:14:52 Europe/Berlin] ->>jump over many2many table :: $dep<<<----dep: Role_Has_Permission one_name: Role many_name: Permission middle_table: Role_Has_Permission middle_table_one_col: role_has_permission.role_id middle_table_many_col: role_has_permission.permission_id row->id: 9
[07-Apr-2022 06:14:52 Europe/Berlin] $_POST [] served
[07-Apr-2022 06:15:27 Europe/Berlin] $_POST [] served
[07-Apr-2022 06:15:29 Europe/Berlin] more is requested specifically after 8
[07-Apr-2022 06:15:29 Europe/Berlin] $_POST {"op":"get after","id":8} served
[07-Apr-2022 06:15:32 Europe/Berlin] Role dep fetch User
[07-Apr-2022 06:15:32 Europe/Berlin] ->>jump over many2many table :: $dep<<<----dep: Role_Has_Permission one_name: Role many_name: Permission middle_table: Role_Has_Permission middle_table_one_col: role_has_permission.role_id middle_table_many_col: role_has_permission.permission_id row->id: 1
[07-Apr-2022 06:15:32 Europe/Berlin] Role dep fetch User
[07-Apr-2022 06:15:32 Europe/Berlin] ->>jump over many2many table :: $dep<<<----dep: Role_Has_Permission one_name: Role many_name: Permission middle_table: Role_Has_Permission middle_table_one_col: role_has_permission.role_id middle_table_many_col: role_has_permission.permission_id row->id: 2
[07-Apr-2022 06:15:32 Europe/Berlin] Role dep fetch User
[07-Apr-2022 06:15:32 Europe/Berlin] ->>jump over many2many table :: $dep<<<----dep: Role_Has_Permission one_name: Role many_name: Permission middle_table: Role_Has_Permission middle_table_one_col: role_has_permission.role_id middle_table_many_col: role_has_permission.permission_id row->id: 3
[07-Apr-2022 06:15:32 Europe/Berlin] Role dep fetch User
[07-Apr-2022 06:15:32 Europe/Berlin] ->>jump over many2many table :: $dep<<<----dep: Role_Has_Permission one_name: Role many_name: Permission middle_table: Role_Has_Permission middle_table_one_col: role_has_permission.role_id middle_table_many_col: role_has_permission.permission_id row->id: 4
[07-Apr-2022 06:15:32 Europe/Berlin] Role dep fetch User
[07-Apr-2022 06:15:32 Europe/Berlin] ->>jump over many2many table :: $dep<<<----dep: Role_Has_Permission one_name: Role many_name: Permission middle_table: Role_Has_Permission middle_table_one_col: role_has_permission.role_id middle_table_many_col: role_has_permission.permission_id row->id: 5
[07-Apr-2022 06:15:32 Europe/Berlin] Role dep fetch User
[07-Apr-2022 06:15:32 Europe/Berlin] ->>jump over many2many table :: $dep<<<----dep: Role_Has_Permission one_name: Role many_name: Permission middle_table: Role_Has_Permission middle_table_one_col: role_has_permission.role_id middle_table_many_col: role_has_permission.permission_id row->id: 6
[07-Apr-2022 06:15:32 Europe/Berlin] Role dep fetch User
[07-Apr-2022 06:15:32 Europe/Berlin] ->>jump over many2many table :: $dep<<<----dep: Role_Has_Permission one_name: Role many_name: Permission middle_table: Role_Has_Permission middle_table_one_col: role_has_permission.role_id middle_table_many_col: role_has_permission.permission_id row->id: 7
[07-Apr-2022 06:15:32 Europe/Berlin] Role dep fetch User
[07-Apr-2022 06:15:32 Europe/Berlin] ->>jump over many2many table :: $dep<<<----dep: Role_Has_Permission one_name: Role many_name: Permission middle_table: Role_Has_Permission middle_table_one_col: role_has_permission.role_id middle_table_many_col: role_has_permission.permission_id row->id: 8
[07-Apr-2022 06:15:32 Europe/Berlin] Role dep fetch User
[07-Apr-2022 06:15:32 Europe/Berlin] ->>jump over many2many table :: $dep<<<----dep: Role_Has_Permission one_name: Role many_name: Permission middle_table: Role_Has_Permission middle_table_one_col: role_has_permission.role_id middle_table_many_col: role_has_permission.permission_id row->id: 9
[07-Apr-2022 06:15:32 Europe/Berlin] $_POST [] served
[07-Apr-2022 06:21:08 Europe/Berlin] $_POST [] served
[07-Apr-2022 06:21:30 Europe/Berlin] Role dep fetch User
[07-Apr-2022 06:21:30 Europe/Berlin] ->>jump over many2many table :: $dep<<<----dep: Role_Has_Permission one_name: Role many_name: Permission middle_table: Role_Has_Permission middle_table_one_col: role_has_permission.role_id middle_table_many_col: role_has_permission.permission_id row->id: 1
[07-Apr-2022 06:21:30 Europe/Berlin] Role dep fetch User
[07-Apr-2022 06:21:30 Europe/Berlin] ->>jump over many2many table :: $dep<<<----dep: Role_Has_Permission one_name: Role many_name: Permission middle_table: Role_Has_Permission middle_table_one_col: role_has_permission.role_id middle_table_many_col: role_has_permission.permission_id row->id: 2
[07-Apr-2022 06:21:30 Europe/Berlin] Role dep fetch User
[07-Apr-2022 06:21:30 Europe/Berlin] ->>jump over many2many table :: $dep<<<----dep: Role_Has_Permission one_name: Role many_name: Permission middle_table: Role_Has_Permission middle_table_one_col: role_has_permission.role_id middle_table_many_col: role_has_permission.permission_id row->id: 3
[07-Apr-2022 06:21:30 Europe/Berlin] Role dep fetch User
[07-Apr-2022 06:21:30 Europe/Berlin] ->>jump over many2many table :: $dep<<<----dep: Role_Has_Permission one_name: Role many_name: Permission middle_table: Role_Has_Permission middle_table_one_col: role_has_permission.role_id middle_table_many_col: role_has_permission.permission_id row->id: 4
[07-Apr-2022 06:21:30 Europe/Berlin] Role dep fetch User
[07-Apr-2022 06:21:30 Europe/Berlin] ->>jump over many2many table :: $dep<<<----dep: Role_Has_Permission one_name: Role many_name: Permission middle_table: Role_Has_Permission middle_table_one_col: role_has_permission.role_id middle_table_many_col: role_has_permission.permission_id row->id: 5
[07-Apr-2022 06:21:30 Europe/Berlin] Role dep fetch User
[07-Apr-2022 06:21:30 Europe/Berlin] ->>jump over many2many table :: $dep<<<----dep: Role_Has_Permission one_name: Role many_name: Permission middle_table: Role_Has_Permission middle_table_one_col: role_has_permission.role_id middle_table_many_col: role_has_permission.permission_id row->id: 6
[07-Apr-2022 06:21:30 Europe/Berlin] Role dep fetch User
[07-Apr-2022 06:21:30 Europe/Berlin] ->>jump over many2many table :: $dep<<<----dep: Role_Has_Permission one_name: Role many_name: Permission middle_table: Role_Has_Permission middle_table_one_col: role_has_permission.role_id middle_table_many_col: role_has_permission.permission_id row->id: 7
[07-Apr-2022 06:21:30 Europe/Berlin] Role dep fetch User
[07-Apr-2022 06:21:30 Europe/Berlin] ->>jump over many2many table :: $dep<<<----dep: Role_Has_Permission one_name: Role many_name: Permission middle_table: Role_Has_Permission middle_table_one_col: role_has_permission.role_id middle_table_many_col: role_has_permission.permission_id row->id: 8
[07-Apr-2022 06:21:30 Europe/Berlin] Role dep fetch User
[07-Apr-2022 06:21:30 Europe/Berlin] ->>jump over many2many table :: $dep<<<----dep: Role_Has_Permission one_name: Role many_name: Permission middle_table: Role_Has_Permission middle_table_one_col: role_has_permission.role_id middle_table_many_col: role_has_permission.permission_id row->id: 9
[07-Apr-2022 06:21:30 Europe/Berlin] $_POST [] served
[07-Apr-2022 06:21:48 Europe/Berlin] Role dep fetch User
[07-Apr-2022 06:21:48 Europe/Berlin] ->>jump over many2many table :: $dep<<<----dep: Role_Has_Permission one_name: Role many_name: Permission middle_table: Role_Has_Permission middle_table_one_col: role_has_permission.role_id middle_table_many_col: role_has_permission.permission_id row->id: 1
[07-Apr-2022 06:21:48 Europe/Berlin] Role dep fetch User
[07-Apr-2022 06:21:48 Europe/Berlin] ->>jump over many2many table :: $dep<<<----dep: Role_Has_Permission one_name: Role many_name: Permission middle_table: Role_Has_Permission middle_table_one_col: role_has_permission.role_id middle_table_many_col: role_has_permission.permission_id row->id: 2
[07-Apr-2022 06:21:48 Europe/Berlin] Role dep fetch User
[07-Apr-2022 06:21:48 Europe/Berlin] ->>jump over many2many table :: $dep<<<----dep: Role_Has_Permission one_name: Role many_name: Permission middle_table: Role_Has_Permission middle_table_one_col: role_has_permission.role_id middle_table_many_col: role_has_permission.permission_id row->id: 3
[07-Apr-2022 06:21:48 Europe/Berlin] Role dep fetch User
[07-Apr-2022 06:21:48 Europe/Berlin] ->>jump over many2many table :: $dep<<<----dep: Role_Has_Permission one_name: Role many_name: Permission middle_table: Role_Has_Permission middle_table_one_col: role_has_permission.role_id middle_table_many_col: role_has_permission.permission_id row->id: 4
[07-Apr-2022 06:21:48 Europe/Berlin] Role dep fetch User
[07-Apr-2022 06:21:48 Europe/Berlin] ->>jump over many2many table :: $dep<<<----dep: Role_Has_Permission one_name: Role many_name: Permission middle_table: Role_Has_Permission middle_table_one_col: role_has_permission.role_id middle_table_many_col: role_has_permission.permission_id row->id: 5
[07-Apr-2022 06:21:48 Europe/Berlin] Role dep fetch User
[07-Apr-2022 06:21:48 Europe/Berlin] ->>jump over many2many table :: $dep<<<----dep: Role_Has_Permission one_name: Role many_name: Permission middle_table: Role_Has_Permission middle_table_one_col: role_has_permission.role_id middle_table_many_col: role_has_permission.permission_id row->id: 6
[07-Apr-2022 06:21:48 Europe/Berlin] Role dep fetch User
[07-Apr-2022 06:21:48 Europe/Berlin] ->>jump over many2many table :: $dep<<<----dep: Role_Has_Permission one_name: Role many_name: Permission middle_table: Role_Has_Permission middle_table_one_col: role_has_permission.role_id middle_table_many_col: role_has_permission.permission_id row->id: 7
[07-Apr-2022 06:21:48 Europe/Berlin] Role dep fetch User
[07-Apr-2022 06:21:48 Europe/Berlin] ->>jump over many2many table :: $dep<<<----dep: Role_Has_Permission one_name: Role many_name: Permission middle_table: Role_Has_Permission middle_table_one_col: role_has_permission.role_id middle_table_many_col: role_has_permission.permission_id row->id: 8
[07-Apr-2022 06:21:48 Europe/Berlin] Role dep fetch User
[07-Apr-2022 06:21:48 Europe/Berlin] ->>jump over many2many table :: $dep<<<----dep: Role_Has_Permission one_name: Role many_name: Permission middle_table: Role_Has_Permission middle_table_one_col: role_has_permission.role_id middle_table_many_col: role_has_permission.permission_id row->id: 9
[07-Apr-2022 06:21:48 Europe/Berlin] $_POST [] served
[07-Apr-2022 06:21:51 Europe/Berlin] $_POST [] served
[07-Apr-2022 06:21:52 Europe/Berlin] more is requested specifically after 8
[07-Apr-2022 06:21:52 Europe/Berlin] $_POST {"op":"get after","id":8} served
[07-Apr-2022 06:21:55 Europe/Berlin] Role dep fetch User
[07-Apr-2022 06:21:55 Europe/Berlin] ->>jump over many2many table :: $dep<<<----dep: Role_Has_Permission one_name: Role many_name: Permission middle_table: Role_Has_Permission middle_table_one_col: role_has_permission.role_id middle_table_many_col: role_has_permission.permission_id row->id: 1
[07-Apr-2022 06:21:55 Europe/Berlin] Role dep fetch User
[07-Apr-2022 06:21:55 Europe/Berlin] ->>jump over many2many table :: $dep<<<----dep: Role_Has_Permission one_name: Role many_name: Permission middle_table: Role_Has_Permission middle_table_one_col: role_has_permission.role_id middle_table_many_col: role_has_permission.permission_id row->id: 2
[07-Apr-2022 06:21:55 Europe/Berlin] Role dep fetch User
[07-Apr-2022 06:21:55 Europe/Berlin] ->>jump over many2many table :: $dep<<<----dep: Role_Has_Permission one_name: Role many_name: Permission middle_table: Role_Has_Permission middle_table_one_col: role_has_permission.role_id middle_table_many_col: role_has_permission.permission_id row->id: 3
[07-Apr-2022 06:21:55 Europe/Berlin] Role dep fetch User
[07-Apr-2022 06:21:55 Europe/Berlin] ->>jump over many2many table :: $dep<<<----dep: Role_Has_Permission one_name: Role many_name: Permission middle_table: Role_Has_Permission middle_table_one_col: role_has_permission.role_id middle_table_many_col: role_has_permission.permission_id row->id: 4
[07-Apr-2022 06:21:55 Europe/Berlin] Role dep fetch User
[07-Apr-2022 06:21:55 Europe/Berlin] ->>jump over many2many table :: $dep<<<----dep: Role_Has_Permission one_name: Role many_name: Permission middle_table: Role_Has_Permission middle_table_one_col: role_has_permission.role_id middle_table_many_col: role_has_permission.permission_id row->id: 5
[07-Apr-2022 06:21:55 Europe/Berlin] Role dep fetch User
[07-Apr-2022 06:21:55 Europe/Berlin] ->>jump over many2many table :: $dep<<<----dep: Role_Has_Permission one_name: Role many_name: Permission middle_table: Role_Has_Permission middle_table_one_col: role_has_permission.role_id middle_table_many_col: role_has_permission.permission_id row->id: 6
[07-Apr-2022 06:21:55 Europe/Berlin] Role dep fetch User
[07-Apr-2022 06:21:55 Europe/Berlin] ->>jump over many2many table :: $dep<<<----dep: Role_Has_Permission one_name: Role many_name: Permission middle_table: Role_Has_Permission middle_table_one_col: role_has_permission.role_id middle_table_many_col: role_has_permission.permission_id row->id: 7
[07-Apr-2022 06:21:55 Europe/Berlin] Role dep fetch User
[07-Apr-2022 06:21:55 Europe/Berlin] ->>jump over many2many table :: $dep<<<----dep: Role_Has_Permission one_name: Role many_name: Permission middle_table: Role_Has_Permission middle_table_one_col: role_has_permission.role_id middle_table_many_col: role_has_permission.permission_id row->id: 8
[07-Apr-2022 06:21:55 Europe/Berlin] Role dep fetch User
[07-Apr-2022 06:21:55 Europe/Berlin] ->>jump over many2many table :: $dep<<<----dep: Role_Has_Permission one_name: Role many_name: Permission middle_table: Role_Has_Permission middle_table_one_col: role_has_permission.role_id middle_table_many_col: role_has_permission.permission_id row->id: 9
[07-Apr-2022 06:21:55 Europe/Berlin] $_POST [] served
[07-Apr-2022 06:24:13 Europe/Berlin] $_POST [] served
[07-Apr-2022 06:24:19 Europe/Berlin] Role dep fetch User
[07-Apr-2022 06:24:19 Europe/Berlin] ->>jump over many2many table :: $dep<<<----dep: Role_Has_Permission one_name: Role many_name: Permission middle_table: Role_Has_Permission middle_table_one_col: role_has_permission.role_id middle_table_many_col: role_has_permission.permission_id row->id: 1
[07-Apr-2022 06:24:19 Europe/Berlin] Role dep fetch User
[07-Apr-2022 06:24:19 Europe/Berlin] ->>jump over many2many table :: $dep<<<----dep: Role_Has_Permission one_name: Role many_name: Permission middle_table: Role_Has_Permission middle_table_one_col: role_has_permission.role_id middle_table_many_col: role_has_permission.permission_id row->id: 2
[07-Apr-2022 06:24:19 Europe/Berlin] Role dep fetch User
[07-Apr-2022 06:24:19 Europe/Berlin] ->>jump over many2many table :: $dep<<<----dep: Role_Has_Permission one_name: Role many_name: Permission middle_table: Role_Has_Permission middle_table_one_col: role_has_permission.role_id middle_table_many_col: role_has_permission.permission_id row->id: 3
[07-Apr-2022 06:24:19 Europe/Berlin] Role dep fetch User
[07-Apr-2022 06:24:19 Europe/Berlin] ->>jump over many2many table :: $dep<<<----dep: Role_Has_Permission one_name: Role many_name: Permission middle_table: Role_Has_Permission middle_table_one_col: role_has_permission.role_id middle_table_many_col: role_has_permission.permission_id row->id: 4
[07-Apr-2022 06:24:19 Europe/Berlin] Role dep fetch User
[07-Apr-2022 06:24:19 Europe/Berlin] ->>jump over many2many table :: $dep<<<----dep: Role_Has_Permission one_name: Role many_name: Permission middle_table: Role_Has_Permission middle_table_one_col: role_has_permission.role_id middle_table_many_col: role_has_permission.permission_id row->id: 5
[07-Apr-2022 06:24:19 Europe/Berlin] Role dep fetch User
[07-Apr-2022 06:24:19 Europe/Berlin] ->>jump over many2many table :: $dep<<<----dep: Role_Has_Permission one_name: Role many_name: Permission middle_table: Role_Has_Permission middle_table_one_col: role_has_permission.role_id middle_table_many_col: role_has_permission.permission_id row->id: 6
[07-Apr-2022 06:24:19 Europe/Berlin] Role dep fetch User
[07-Apr-2022 06:24:19 Europe/Berlin] ->>jump over many2many table :: $dep<<<----dep: Role_Has_Permission one_name: Role many_name: Permission middle_table: Role_Has_Permission middle_table_one_col: role_has_permission.role_id middle_table_many_col: role_has_permission.permission_id row->id: 7
[07-Apr-2022 06:24:19 Europe/Berlin] Role dep fetch User
[07-Apr-2022 06:24:19 Europe/Berlin] ->>jump over many2many table :: $dep<<<----dep: Role_Has_Permission one_name: Role many_name: Permission middle_table: Role_Has_Permission middle_table_one_col: role_has_permission.role_id middle_table_many_col: role_has_permission.permission_id row->id: 8
[07-Apr-2022 06:24:19 Europe/Berlin] Role dep fetch User
[07-Apr-2022 06:24:19 Europe/Berlin] ->>jump over many2many table :: $dep<<<----dep: Role_Has_Permission one_name: Role many_name: Permission middle_table: Role_Has_Permission middle_table_one_col: role_has_permission.role_id middle_table_many_col: role_has_permission.permission_id row->id: 9
[07-Apr-2022 06:24:19 Europe/Berlin] $_POST [] served
[07-Apr-2022 06:24:29 Europe/Berlin] Role dep fetch User
[07-Apr-2022 06:24:29 Europe/Berlin] ->>jump over many2many table :: $dep<<<----dep: Role_Has_Permission one_name: Role many_name: Permission middle_table: Role_Has_Permission middle_table_one_col: role_has_permission.role_id middle_table_many_col: role_has_permission.permission_id row->id: 1
[07-Apr-2022 06:24:29 Europe/Berlin] Role dep fetch User
[07-Apr-2022 06:24:29 Europe/Berlin] ->>jump over many2many table :: $dep<<<----dep: Role_Has_Permission one_name: Role many_name: Permission middle_table: Role_Has_Permission middle_table_one_col: role_has_permission.role_id middle_table_many_col: role_has_permission.permission_id row->id: 2
[07-Apr-2022 06:24:29 Europe/Berlin] Role dep fetch User
[07-Apr-2022 06:24:29 Europe/Berlin] ->>jump over many2many table :: $dep<<<----dep: Role_Has_Permission one_name: Role many_name: Permission middle_table: Role_Has_Permission middle_table_one_col: role_has_permission.role_id middle_table_many_col: role_has_permission.permission_id row->id: 3
[07-Apr-2022 06:24:29 Europe/Berlin] Role dep fetch User
[07-Apr-2022 06:24:29 Europe/Berlin] ->>jump over many2many table :: $dep<<<----dep: Role_Has_Permission one_name: Role many_name: Permission middle_table: Role_Has_Permission middle_table_one_col: role_has_permission.role_id middle_table_many_col: role_has_permission.permission_id row->id: 4
[07-Apr-2022 06:24:29 Europe/Berlin] Role dep fetch User
[07-Apr-2022 06:24:29 Europe/Berlin] ->>jump over many2many table :: $dep<<<----dep: Role_Has_Permission one_name: Role many_name: Permission middle_table: Role_Has_Permission middle_table_one_col: role_has_permission.role_id middle_table_many_col: role_has_permission.permission_id row->id: 5
[07-Apr-2022 06:24:29 Europe/Berlin] Role dep fetch User
[07-Apr-2022 06:24:29 Europe/Berlin] ->>jump over many2many table :: $dep<<<----dep: Role_Has_Permission one_name: Role many_name: Permission middle_table: Role_Has_Permission middle_table_one_col: role_has_permission.role_id middle_table_many_col: role_has_permission.permission_id row->id: 6
[07-Apr-2022 06:24:29 Europe/Berlin] Role dep fetch User
[07-Apr-2022 06:24:29 Europe/Berlin] ->>jump over many2many table :: $dep<<<----dep: Role_Has_Permission one_name: Role many_name: Permission middle_table: Role_Has_Permission middle_table_one_col: role_has_permission.role_id middle_table_many_col: role_has_permission.permission_id row->id: 7
[07-Apr-2022 06:24:29 Europe/Berlin] Role dep fetch User
[07-Apr-2022 06:24:29 Europe/Berlin] ->>jump over many2many table :: $dep<<<----dep: Role_Has_Permission one_name: Role many_name: Permission middle_table: Role_Has_Permission middle_table_one_col: role_has_permission.role_id middle_table_many_col: role_has_permission.permission_id row->id: 8
[07-Apr-2022 06:24:29 Europe/Berlin] Role dep fetch User
[07-Apr-2022 06:24:29 Europe/Berlin] ->>jump over many2many table :: $dep<<<----dep: Role_Has_Permission one_name: Role many_name: Permission middle_table: Role_Has_Permission middle_table_one_col: role_has_permission.role_id middle_table_many_col: role_has_permission.permission_id row->id: 9
[07-Apr-2022 06:24:29 Europe/Berlin] $_POST [] served
[07-Apr-2022 06:24:30 Europe/Berlin] $_POST [] served
[07-Apr-2022 06:24:32 Europe/Berlin] more is requested specifically after 8
[07-Apr-2022 06:24:32 Europe/Berlin] $_POST {"op":"get after","id":8} served
[07-Apr-2022 06:24:37 Europe/Berlin] Role dep fetch User
[07-Apr-2022 06:24:37 Europe/Berlin] ->>jump over many2many table :: $dep<<<----dep: Role_Has_Permission one_name: Role many_name: Permission middle_table: Role_Has_Permission middle_table_one_col: role_has_permission.role_id middle_table_many_col: role_has_permission.permission_id row->id: 1
[07-Apr-2022 06:24:37 Europe/Berlin] Role dep fetch User
[07-Apr-2022 06:24:37 Europe/Berlin] ->>jump over many2many table :: $dep<<<----dep: Role_Has_Permission one_name: Role many_name: Permission middle_table: Role_Has_Permission middle_table_one_col: role_has_permission.role_id middle_table_many_col: role_has_permission.permission_id row->id: 2
[07-Apr-2022 06:24:37 Europe/Berlin] Role dep fetch User
[07-Apr-2022 06:24:37 Europe/Berlin] ->>jump over many2many table :: $dep<<<----dep: Role_Has_Permission one_name: Role many_name: Permission middle_table: Role_Has_Permission middle_table_one_col: role_has_permission.role_id middle_table_many_col: role_has_permission.permission_id row->id: 3
[07-Apr-2022 06:24:37 Europe/Berlin] Role dep fetch User
[07-Apr-2022 06:24:37 Europe/Berlin] ->>jump over many2many table :: $dep<<<----dep: Role_Has_Permission one_name: Role many_name: Permission middle_table: Role_Has_Permission middle_table_one_col: role_has_permission.role_id middle_table_many_col: role_has_permission.permission_id row->id: 4
[07-Apr-2022 06:24:37 Europe/Berlin] Role dep fetch User
[07-Apr-2022 06:24:37 Europe/Berlin] ->>jump over many2many table :: $dep<<<----dep: Role_Has_Permission one_name: Role many_name: Permission middle_table: Role_Has_Permission middle_table_one_col: role_has_permission.role_id middle_table_many_col: role_has_permission.permission_id row->id: 5
[07-Apr-2022 06:24:37 Europe/Berlin] Role dep fetch User
[07-Apr-2022 06:24:37 Europe/Berlin] ->>jump over many2many table :: $dep<<<----dep: Role_Has_Permission one_name: Role many_name: Permission middle_table: Role_Has_Permission middle_table_one_col: role_has_permission.role_id middle_table_many_col: role_has_permission.permission_id row->id: 6
[07-Apr-2022 06:24:37 Europe/Berlin] Role dep fetch User
[07-Apr-2022 06:24:37 Europe/Berlin] ->>jump over many2many table :: $dep<<<----dep: Role_Has_Permission one_name: Role many_name: Permission middle_table: Role_Has_Permission middle_table_one_col: role_has_permission.role_id middle_table_many_col: role_has_permission.permission_id row->id: 7
[07-Apr-2022 06:24:37 Europe/Berlin] Role dep fetch User
[07-Apr-2022 06:24:37 Europe/Berlin] ->>jump over many2many table :: $dep<<<----dep: Role_Has_Permission one_name: Role many_name: Permission middle_table: Role_Has_Permission middle_table_one_col: role_has_permission.role_id middle_table_many_col: role_has_permission.permission_id row->id: 8
[07-Apr-2022 06:24:37 Europe/Berlin] Role dep fetch User
[07-Apr-2022 06:24:37 Europe/Berlin] ->>jump over many2many table :: $dep<<<----dep: Role_Has_Permission one_name: Role many_name: Permission middle_table: Role_Has_Permission middle_table_one_col: role_has_permission.role_id middle_table_many_col: role_has_permission.permission_id row->id: 9
[07-Apr-2022 06:24:37 Europe/Berlin] $_POST [] served
[07-Apr-2022 06:25:17 Europe/Berlin] Exam dep fetch Student_Exam
[07-Apr-2022 06:25:17 Europe/Berlin] Exam dep fetch Student_Exam
[07-Apr-2022 06:25:17 Europe/Berlin] $_POST {"limit":1000000000} served
[07-Apr-2022 06:25:17 Europe/Berlin] Exam_Center dep fetch Student_Exam
[07-Apr-2022 06:25:17 Europe/Berlin] Exam_Center dep fetch Student_Exam
[07-Apr-2022 06:25:17 Europe/Berlin] $_POST {"limit":1000000000} served
[07-Apr-2022 06:26:33 Europe/Berlin] $_POST [] served
[07-Apr-2022 06:26:35 Europe/Berlin] more is requested specifically after 8
[07-Apr-2022 06:26:35 Europe/Berlin] $_POST {"op":"get after","id":8} served
[07-Apr-2022 06:26:35 Europe/Berlin] more is requested specifically after 16
[07-Apr-2022 06:26:35 Europe/Berlin] $_POST {"op":"get after","id":16} served
[07-Apr-2022 06:26:41 Europe/Berlin] Student dep fetch Student_Exam
[07-Apr-2022 06:26:41 Europe/Berlin] $_POST [] served
[07-Apr-2022 06:26:42 Europe/Berlin] ->>jump over many2many table :: $dep<<<----dep: Student_Exam_Has_Choice one_name: Student_Exam many_name: Choice middle_table: Student_Exam_Has_Choice middle_table_one_col: student_exam_has_choice.student_exam_id middle_table_many_col: student_exam_has_choice.choice_id row->id: 100
[07-Apr-2022 06:26:42 Europe/Berlin] ->>jump over many2many table :: $dep<<<----dep: Student_Exam_Has_Question one_name: Student_Exam many_name: Question middle_table: Student_Exam_Has_Question middle_table_one_col: student_exam_has_question.student_exam_id middle_table_many_col: student_exam_has_question.question_id row->id: 100
[07-Apr-2022 06:26:42 Europe/Berlin] $_POST [] served
[07-Apr-2022 06:26:44 Europe/Berlin] ->>jump over many2many table :: $dep<<<----dep: Student_Exam_Has_Choice one_name: Student_Exam many_name: Choice middle_table: Student_Exam_Has_Choice middle_table_one_col: student_exam_has_choice.student_exam_id middle_table_many_col: student_exam_has_choice.choice_id row->id: 100
[07-Apr-2022 06:26:44 Europe/Berlin] ->>jump over many2many table :: $dep<<<----dep: Student_Exam_Has_Question one_name: Student_Exam many_name: Question middle_table: Student_Exam_Has_Question middle_table_one_col: student_exam_has_question.student_exam_id middle_table_many_col: student_exam_has_question.question_id row->id: 100
[07-Apr-2022 06:26:44 Europe/Berlin] $_POST [] served
[07-Apr-2022 06:26:45 Europe/Berlin] Student dep fetch Student_Exam
[07-Apr-2022 06:26:45 Europe/Berlin] $_POST [] served
[07-Apr-2022 06:28:31 Europe/Berlin] Student dep fetch Student_Exam
[07-Apr-2022 06:28:31 Europe/Berlin] $_POST [] served
[07-Apr-2022 06:29:18 Europe/Berlin] more is requested specifically after 100
[07-Apr-2022 06:29:18 Europe/Berlin] $_POST {"op":"get after","id":100} served
[07-Apr-2022 06:30:49 Europe/Berlin] Student dep fetch Student_Exam
[07-Apr-2022 06:30:49 Europe/Berlin] $_POST [] served
[07-Apr-2022 06:30:53 Europe/Berlin] more is requested specifically after 100
[07-Apr-2022 06:30:53 Europe/Berlin] $_POST {"op":"get after","id":100} served
[07-Apr-2022 06:32:34 Europe/Berlin] Student dep fetch Student_Exam
[07-Apr-2022 06:32:34 Europe/Berlin] $_POST [] served
[07-Apr-2022 06:32:39 Europe/Berlin] Exam_Center dep fetch Student_Exam
[07-Apr-2022 06:32:39 Europe/Berlin] Exam_Center dep fetch Student_Exam
[07-Apr-2022 06:32:39 Europe/Berlin] $_POST [] served
[07-Apr-2022 06:32:44 Europe/Berlin] Question dep fetch Choice
[07-Apr-2022 06:32:44 Europe/Berlin] ->>jump over many2many table :: $dep<<<----dep: Student_Exam_Has_Question one_name: Question many_name: Student_Exam middle_table: Student_Exam_Has_Question middle_table_one_col: student_exam_has_question.question_id middle_table_many_col: student_exam_has_question.student_exam_id row->id: 1
[07-Apr-2022 06:32:44 Europe/Berlin] Question dep fetch Choice
[07-Apr-2022 06:32:44 Europe/Berlin] ->>jump over many2many table :: $dep<<<----dep: Student_Exam_Has_Question one_name: Question many_name: Student_Exam middle_table: Student_Exam_Has_Question middle_table_one_col: student_exam_has_question.question_id middle_table_many_col: student_exam_has_question.student_exam_id row->id: 2
[07-Apr-2022 06:32:44 Europe/Berlin] Question dep fetch Choice
[07-Apr-2022 06:32:44 Europe/Berlin] ->>jump over many2many table :: $dep<<<----dep: Student_Exam_Has_Question one_name: Question many_name: Student_Exam middle_table: Student_Exam_Has_Question middle_table_one_col: student_exam_has_question.question_id middle_table_many_col: student_exam_has_question.student_exam_id row->id: 3
[07-Apr-2022 06:32:44 Europe/Berlin] Question dep fetch Choice
[07-Apr-2022 06:32:44 Europe/Berlin] ->>jump over many2many table :: $dep<<<----dep: Student_Exam_Has_Question one_name: Question many_name: Student_Exam middle_table: Student_Exam_Has_Question middle_table_one_col: student_exam_has_question.question_id middle_table_many_col: student_exam_has_question.student_exam_id row->id: 4
[07-Apr-2022 06:32:44 Europe/Berlin] Question dep fetch Choice
[07-Apr-2022 06:32:44 Europe/Berlin] ->>jump over many2many table :: $dep<<<----dep: Student_Exam_Has_Question one_name: Question many_name: Student_Exam middle_table: Student_Exam_Has_Question middle_table_one_col: student_exam_has_question.question_id middle_table_many_col: student_exam_has_question.student_exam_id row->id: 5
[07-Apr-2022 06:32:44 Europe/Berlin] Question dep fetch Choice
[07-Apr-2022 06:32:44 Europe/Berlin] ->>jump over many2many table :: $dep<<<----dep: Student_Exam_Has_Question one_name: Question many_name: Student_Exam middle_table: Student_Exam_Has_Question middle_table_one_col: student_exam_has_question.question_id middle_table_many_col: student_exam_has_question.student_exam_id row->id: 6
[07-Apr-2022 06:32:44 Europe/Berlin] Question dep fetch Choice
[07-Apr-2022 06:32:44 Europe/Berlin] ->>jump over many2many table :: $dep<<<----dep: Student_Exam_Has_Question one_name: Question many_name: Student_Exam middle_table: Student_Exam_Has_Question middle_table_one_col: student_exam_has_question.question_id middle_table_many_col: student_exam_has_question.student_exam_id row->id: 7
[07-Apr-2022 06:32:44 Europe/Berlin] Question dep fetch Choice
[07-Apr-2022 06:32:44 Europe/Berlin] ->>jump over many2many table :: $dep<<<----dep: Student_Exam_Has_Question one_name: Question many_name: Student_Exam middle_table: Student_Exam_Has_Question middle_table_one_col: student_exam_has_question.question_id middle_table_many_col: student_exam_has_question.student_exam_id row->id: 8
[07-Apr-2022 06:32:44 Europe/Berlin] Question dep fetch Choice
[07-Apr-2022 06:32:44 Europe/Berlin] ->>jump over many2many table :: $dep<<<----dep: Student_Exam_Has_Question one_name: Question many_name: Student_Exam middle_table: Student_Exam_Has_Question middle_table_one_col: student_exam_has_question.question_id middle_table_many_col: student_exam_has_question.student_exam_id row->id: 9
[07-Apr-2022 06:32:44 Europe/Berlin] Question dep fetch Choice
[07-Apr-2022 06:32:44 Europe/Berlin] ->>jump over many2many table :: $dep<<<----dep: Student_Exam_Has_Question one_name: Question many_name: Student_Exam middle_table: Student_Exam_Has_Question middle_table_one_col: student_exam_has_question.question_id middle_table_many_col: student_exam_has_question.student_exam_id row->id: 10
[07-Apr-2022 06:32:44 Europe/Berlin] Question dep fetch Choice
[07-Apr-2022 06:32:44 Europe/Berlin] ->>jump over many2many table :: $dep<<<----dep: Student_Exam_Has_Question one_name: Question many_name: Student_Exam middle_table: Student_Exam_Has_Question middle_table_one_col: student_exam_has_question.question_id middle_table_many_col: student_exam_has_question.student_exam_id row->id: 11
[07-Apr-2022 06:32:44 Europe/Berlin] $_POST [] served
[07-Apr-2022 06:33:15 Europe/Berlin] Question dep fetch Choice
[07-Apr-2022 06:33:15 Europe/Berlin] ->>jump over many2many table :: $dep<<<----dep: Student_Exam_Has_Question one_name: Question many_name: Student_Exam middle_table: Student_Exam_Has_Question middle_table_one_col: student_exam_has_question.question_id middle_table_many_col: student_exam_has_question.student_exam_id row->id: 1
[07-Apr-2022 06:33:15 Europe/Berlin] Question dep fetch Choice
[07-Apr-2022 06:33:15 Europe/Berlin] ->>jump over many2many table :: $dep<<<----dep: Student_Exam_Has_Question one_name: Question many_name: Student_Exam middle_table: Student_Exam_Has_Question middle_table_one_col: student_exam_has_question.question_id middle_table_many_col: student_exam_has_question.student_exam_id row->id: 2
[07-Apr-2022 06:33:15 Europe/Berlin] Question dep fetch Choice
[07-Apr-2022 06:33:15 Europe/Berlin] ->>jump over many2many table :: $dep<<<----dep: Student_Exam_Has_Question one_name: Question many_name: Student_Exam middle_table: Student_Exam_Has_Question middle_table_one_col: student_exam_has_question.question_id middle_table_many_col: student_exam_has_question.student_exam_id row->id: 3
[07-Apr-2022 06:33:15 Europe/Berlin] Question dep fetch Choice
[07-Apr-2022 06:33:15 Europe/Berlin] ->>jump over many2many table :: $dep<<<----dep: Student_Exam_Has_Question one_name: Question many_name: Student_Exam middle_table: Student_Exam_Has_Question middle_table_one_col: student_exam_has_question.question_id middle_table_many_col: student_exam_has_question.student_exam_id row->id: 4
[07-Apr-2022 06:33:15 Europe/Berlin] Question dep fetch Choice
[07-Apr-2022 06:33:15 Europe/Berlin] ->>jump over many2many table :: $dep<<<----dep: Student_Exam_Has_Question one_name: Question many_name: Student_Exam middle_table: Student_Exam_Has_Question middle_table_one_col: student_exam_has_question.question_id middle_table_many_col: student_exam_has_question.student_exam_id row->id: 5
[07-Apr-2022 06:33:15 Europe/Berlin] Question dep fetch Choice
[07-Apr-2022 06:33:15 Europe/Berlin] ->>jump over many2many table :: $dep<<<----dep: Student_Exam_Has_Question one_name: Question many_name: Student_Exam middle_table: Student_Exam_Has_Question middle_table_one_col: student_exam_has_question.question_id middle_table_many_col: student_exam_has_question.student_exam_id row->id: 6
[07-Apr-2022 06:33:15 Europe/Berlin] Question dep fetch Choice
[07-Apr-2022 06:33:15 Europe/Berlin] ->>jump over many2many table :: $dep<<<----dep: Student_Exam_Has_Question one_name: Question many_name: Student_Exam middle_table: Student_Exam_Has_Question middle_table_one_col: student_exam_has_question.question_id middle_table_many_col: student_exam_has_question.student_exam_id row->id: 7
[07-Apr-2022 06:33:15 Europe/Berlin] Question dep fetch Choice
[07-Apr-2022 06:33:15 Europe/Berlin] ->>jump over many2many table :: $dep<<<----dep: Student_Exam_Has_Question one_name: Question many_name: Student_Exam middle_table: Student_Exam_Has_Question middle_table_one_col: student_exam_has_question.question_id middle_table_many_col: student_exam_has_question.student_exam_id row->id: 8
[07-Apr-2022 06:33:15 Europe/Berlin] Question dep fetch Choice
[07-Apr-2022 06:33:15 Europe/Berlin] ->>jump over many2many table :: $dep<<<----dep: Student_Exam_Has_Question one_name: Question many_name: Student_Exam middle_table: Student_Exam_Has_Question middle_table_one_col: student_exam_has_question.question_id middle_table_many_col: student_exam_has_question.student_exam_id row->id: 9
[07-Apr-2022 06:33:15 Europe/Berlin] Question dep fetch Choice
[07-Apr-2022 06:33:15 Europe/Berlin] ->>jump over many2many table :: $dep<<<----dep: Student_Exam_Has_Question one_name: Question many_name: Student_Exam middle_table: Student_Exam_Has_Question middle_table_one_col: student_exam_has_question.question_id middle_table_many_col: student_exam_has_question.student_exam_id row->id: 10
[07-Apr-2022 06:33:15 Europe/Berlin] Question dep fetch Choice
[07-Apr-2022 06:33:15 Europe/Berlin] ->>jump over many2many table :: $dep<<<----dep: Student_Exam_Has_Question one_name: Question many_name: Student_Exam middle_table: Student_Exam_Has_Question middle_table_one_col: student_exam_has_question.question_id middle_table_many_col: student_exam_has_question.student_exam_id row->id: 11
[07-Apr-2022 06:33:15 Europe/Berlin] $_POST [] served
[07-Apr-2022 06:33:16 Europe/Berlin] more is requested specifically after 11
[07-Apr-2022 06:33:16 Europe/Berlin] $_POST {"op":"get after","id":11} served
[07-Apr-2022 06:33:21 Europe/Berlin] Exam dep fetch Student_Exam
[07-Apr-2022 06:33:21 Europe/Berlin] Exam dep fetch Student_Exam
[07-Apr-2022 06:33:21 Europe/Berlin] $_POST [] served
[07-Apr-2022 06:33:22 Europe/Berlin] Exam_Center dep fetch Student_Exam
[07-Apr-2022 06:33:22 Europe/Berlin] Exam_Center dep fetch Student_Exam
[07-Apr-2022 06:33:22 Europe/Berlin] $_POST [] served
[07-Apr-2022 06:33:23 Europe/Berlin] Subject dep fetch Exam
[07-Apr-2022 06:33:23 Europe/Berlin] Subject dep fetch Topic
[07-Apr-2022 06:33:23 Europe/Berlin] Subject dep fetch Exam
[07-Apr-2022 06:33:23 Europe/Berlin] Subject dep fetch Topic
[07-Apr-2022 06:33:23 Europe/Berlin] Subject dep fetch Exam
[07-Apr-2022 06:33:23 Europe/Berlin] Subject dep fetch Topic
[07-Apr-2022 06:33:23 Europe/Berlin] Subject dep fetch Exam
[07-Apr-2022 06:33:23 Europe/Berlin] Subject dep fetch Topic
[07-Apr-2022 06:33:23 Europe/Berlin] Subject dep fetch Exam
[07-Apr-2022 06:33:23 Europe/Berlin] Subject dep fetch Topic
[07-Apr-2022 06:33:23 Europe/Berlin] Subject dep fetch Exam
[07-Apr-2022 06:33:23 Europe/Berlin] Subject dep fetch Topic
[07-Apr-2022 06:33:23 Europe/Berlin] Subject dep fetch Exam
[07-Apr-2022 06:33:23 Europe/Berlin] Subject dep fetch Topic
[07-Apr-2022 06:33:23 Europe/Berlin] Subject dep fetch Exam
[07-Apr-2022 06:33:23 Europe/Berlin] Subject dep fetch Topic
[07-Apr-2022 06:33:23 Europe/Berlin] Subject dep fetch Exam
[07-Apr-2022 06:33:23 Europe/Berlin] Subject dep fetch Topic
[07-Apr-2022 06:33:23 Europe/Berlin] Subject dep fetch Exam
[07-Apr-2022 06:33:23 Europe/Berlin] Subject dep fetch Topic
[07-Apr-2022 06:33:23 Europe/Berlin] Subject dep fetch Exam
[07-Apr-2022 06:33:23 Europe/Berlin] Subject dep fetch Topic
[07-Apr-2022 06:33:23 Europe/Berlin] Subject dep fetch Exam
[07-Apr-2022 06:33:23 Europe/Berlin] Subject dep fetch Topic
[07-Apr-2022 06:33:23 Europe/Berlin] Subject dep fetch Exam
[07-Apr-2022 06:33:23 Europe/Berlin] Subject dep fetch Topic
[07-Apr-2022 06:33:23 Europe/Berlin] Subject dep fetch Exam
[07-Apr-2022 06:33:23 Europe/Berlin] Subject dep fetch Topic
[07-Apr-2022 06:33:23 Europe/Berlin] Subject dep fetch Exam
[07-Apr-2022 06:33:23 Europe/Berlin] Subject dep fetch Topic
[07-Apr-2022 06:33:23 Europe/Berlin] Subject dep fetch Exam
[07-Apr-2022 06:33:23 Europe/Berlin] Subject dep fetch Topic
[07-Apr-2022 06:33:23 Europe/Berlin] Subject dep fetch Exam
[07-Apr-2022 06:33:23 Europe/Berlin] Subject dep fetch Topic
[07-Apr-2022 06:33:23 Europe/Berlin] Subject dep fetch Exam
[07-Apr-2022 06:33:23 Europe/Berlin] Subject dep fetch Topic
[07-Apr-2022 06:33:23 Europe/Berlin] Subject dep fetch Exam
[07-Apr-2022 06:33:23 Europe/Berlin] Subject dep fetch Topic
[07-Apr-2022 06:33:23 Europe/Berlin] Subject dep fetch Exam
[07-Apr-2022 06:33:23 Europe/Berlin] Subject dep fetch Topic
[07-Apr-2022 06:33:23 Europe/Berlin] Subject dep fetch Exam
[07-Apr-2022 06:33:23 Europe/Berlin] Subject dep fetch Topic
[07-Apr-2022 06:33:23 Europe/Berlin] Subject dep fetch Exam
[07-Apr-2022 06:33:23 Europe/Berlin] Subject dep fetch Topic
[07-Apr-2022 06:33:23 Europe/Berlin] $_POST [] served
[07-Apr-2022 06:33:25 Europe/Berlin] Topic dep fetch Question
[07-Apr-2022 06:33:25 Europe/Berlin] Topic dep fetch Question
[07-Apr-2022 06:33:25 Europe/Berlin] Topic dep fetch Question
[07-Apr-2022 06:33:25 Europe/Berlin] Topic dep fetch Question
[07-Apr-2022 06:33:25 Europe/Berlin] Topic dep fetch Question
[07-Apr-2022 06:33:25 Europe/Berlin] Topic dep fetch Question
[07-Apr-2022 06:33:25 Europe/Berlin] $_POST [] served
[07-Apr-2022 06:33:31 Europe/Berlin] more is requested specifically after 6
[07-Apr-2022 06:33:31 Europe/Berlin] $_POST {"op":"get after","id":6} served
[07-Apr-2022 19:19:53 Europe/Berlin] Topic dep fetch Question
[07-Apr-2022 19:19:53 Europe/Berlin] Topic dep fetch Question
[07-Apr-2022 19:19:54 Europe/Berlin] Topic dep fetch Question
[07-Apr-2022 19:19:54 Europe/Berlin] Topic dep fetch Question
[07-Apr-2022 19:19:54 Europe/Berlin] Topic dep fetch Question
[07-Apr-2022 19:19:54 Europe/Berlin] Topic dep fetch Question
[07-Apr-2022 19:19:54 Europe/Berlin] $_POST [] served
[07-Apr-2022 19:22:20 Europe/Berlin] Subject dep fetch Exam
[07-Apr-2022 19:22:20 Europe/Berlin] Subject dep fetch Topic
[07-Apr-2022 19:22:20 Europe/Berlin] Subject dep fetch Exam
[07-Apr-2022 19:22:20 Europe/Berlin] Subject dep fetch Topic
[07-Apr-2022 19:22:20 Europe/Berlin] Subject dep fetch Exam
[07-Apr-2022 19:22:20 Europe/Berlin] Subject dep fetch Topic
[07-Apr-2022 19:22:20 Europe/Berlin] Subject dep fetch Exam
[07-Apr-2022 19:22:20 Europe/Berlin] Subject dep fetch Topic
[07-Apr-2022 19:22:20 Europe/Berlin] Subject dep fetch Exam
[07-Apr-2022 19:22:20 Europe/Berlin] Subject dep fetch Topic
[07-Apr-2022 19:22:20 Europe/Berlin] Subject dep fetch Exam
[07-Apr-2022 19:22:20 Europe/Berlin] Subject dep fetch Topic
[07-Apr-2022 19:22:20 Europe/Berlin] Subject dep fetch Exam
[07-Apr-2022 19:22:20 Europe/Berlin] Subject dep fetch Topic
[07-Apr-2022 19:22:20 Europe/Berlin] Subject dep fetch Exam
[07-Apr-2022 19:22:20 Europe/Berlin] Subject dep fetch Topic
[07-Apr-2022 19:22:20 Europe/Berlin] Subject dep fetch Exam
[07-Apr-2022 19:22:20 Europe/Berlin] Subject dep fetch Topic
[07-Apr-2022 19:22:20 Europe/Berlin] Subject dep fetch Exam
[07-Apr-2022 19:22:20 Europe/Berlin] Subject dep fetch Topic
[07-Apr-2022 19:22:20 Europe/Berlin] Subject dep fetch Exam
[07-Apr-2022 19:22:20 Europe/Berlin] Subject dep fetch Topic
[07-Apr-2022 19:22:20 Europe/Berlin] Subject dep fetch Exam
[07-Apr-2022 19:22:20 Europe/Berlin] Subject dep fetch Topic
[07-Apr-2022 19:22:20 Europe/Berlin] Subject dep fetch Exam
[07-Apr-2022 19:22:20 Europe/Berlin] Subject dep fetch Topic
[07-Apr-2022 19:22:20 Europe/Berlin] Subject dep fetch Exam
[07-Apr-2022 19:22:20 Europe/Berlin] Subject dep fetch Topic
[07-Apr-2022 19:22:20 Europe/Berlin] Subject dep fetch Exam
[07-Apr-2022 19:22:20 Europe/Berlin] Subject dep fetch Topic
[07-Apr-2022 19:22:20 Europe/Berlin] Subject dep fetch Exam
[07-Apr-2022 19:22:20 Europe/Berlin] Subject dep fetch Topic
[07-Apr-2022 19:22:20 Europe/Berlin] Subject dep fetch Exam
[07-Apr-2022 19:22:20 Europe/Berlin] Subject dep fetch Topic
[07-Apr-2022 19:22:20 Europe/Berlin] Subject dep fetch Exam
[07-Apr-2022 19:22:20 Europe/Berlin] Subject dep fetch Topic
[07-Apr-2022 19:22:20 Europe/Berlin] Subject dep fetch Exam
[07-Apr-2022 19:22:20 Europe/Berlin] Subject dep fetch Topic
[07-Apr-2022 19:22:20 Europe/Berlin] Subject dep fetch Exam
[07-Apr-2022 19:22:20 Europe/Berlin] Subject dep fetch Topic
[07-Apr-2022 19:22:20 Europe/Berlin] Subject dep fetch Exam
[07-Apr-2022 19:22:20 Europe/Berlin] Subject dep fetch Topic
[07-Apr-2022 19:22:20 Europe/Berlin] Subject dep fetch Exam
[07-Apr-2022 19:22:20 Europe/Berlin] Subject dep fetch Topic
[07-Apr-2022 19:22:20 Europe/Berlin] $_POST [] served
