[03-Apr-2022 08:41:43 Europe/Berlin] {"text":"Is f(x) = -x non decreasing?","number_of_choices":2,"topic_id":4,"dependents":["Choice","Student_Exam_Has_Question"],"identifying_fields":["text"],"id":-1}
[03-Apr-2022 08:41:43 Europe/Berlin] {"text":"Yes","is_correct":0,"question_id":101,"dependents":["Student_Exam_Has_Choice"],"identifying_fields":["text"],"id":-1}
[03-Apr-2022 08:41:43 Europe/Berlin] {"text":"No","is_correct":1,"question_id":101,"dependents":["Student_Exam_Has_Choice"],"identifying_fields":["text"],"id":-1}
[03-Apr-2022 08:43:48 Europe/Berlin] {"name":"Geometry","description":"The study of shapes","subject_id":2,"dependents":["Question"],"identifying_fields":["name"],"id":-1}
[03-Apr-2022 08:43:50 Europe/Berlin] {"name":"Geometry","description":"The study of shapes","subject_id":2,"dependents":["Question"],"identifying_fields":["name"],"id":-1}
[03-Apr-2022 08:46:24 Europe/Berlin] {"text":"what's 3+2","number_of_choices":3,"topic_id":2,"dependents":["Choice","Student_Exam_Has_Question"],"identifying_fields":["text"],"id":-1}
[03-Apr-2022 08:46:24 Europe/Berlin] {"text":"5","is_correct":1,"question_id":102,"dependents":["Student_Exam_Has_Choice"],"identifying_fields":["text"],"id":-1}
[03-Apr-2022 08:46:24 Europe/Berlin] {"text":"1","is_correct":0,"question_id":102,"dependents":["Student_Exam_Has_Choice"],"identifying_fields":["text"],"id":-1}
[03-Apr-2022 08:46:24 Europe/Berlin] {"text":"4","is_correct":0,"question_id":102,"dependents":["Student_Exam_Has_Choice"],"identifying_fields":["text"],"id":-1}
[03-Apr-2022 08:47:28 Europe/Berlin] {"text":"Is f(x) = x*x non decreasing?","number_of_choices":2,"topic_id":4,"dependents":["Choice","Student_Exam_Has_Question"],"identifying_fields":["text"],"id":-1}
[03-Apr-2022 08:47:28 Europe/Berlin] {"text":"No","is_correct":1,"question_id":103,"dependents":["Student_Exam_Has_Choice"],"identifying_fields":["text"],"id":-1}
[03-Apr-2022 08:47:28 Europe/Berlin] {"text":"Yes","is_correct":0,"question_id":103,"dependents":["Student_Exam_Has_Choice"],"identifying_fields":["text"],"id":-1}
[03-Apr-2022 08:51:51 Europe/Berlin] {"text":"The area of Square?","number_of_choices":2,"topic_id":100,"dependents":["Choice","Student_Exam_Has_Question"],"identifying_fields":["text"],"id":-1}
[03-Apr-2022 08:51:51 Europe/Berlin] {"text":"length*length","is_correct":1,"question_id":104,"dependents":["Student_Exam_Has_Choice"],"identifying_fields":["text"],"id":-1}
[03-Apr-2022 08:51:51 Europe/Berlin] {"text":"length+length","is_correct":0,"question_id":104,"dependents":["Student_Exam_Has_Choice"],"identifying_fields":["text"],"id":-1}
[03-Apr-2022 08:52:42 Europe/Berlin] {"text":"The area of Rectangle?","number_of_choices":2,"topic_id":100,"dependents":["Choice","Student_Exam_Has_Question"],"identifying_fields":["text"],"id":-1}
[03-Apr-2022 08:52:42 Europe/Berlin] {"text":"width*height","is_correct":1,"question_id":105,"dependents":["Student_Exam_Has_Choice"],"identifying_fields":["text"],"id":-1}
[03-Apr-2022 08:52:42 Europe/Berlin] {"text":"2(width+height)","is_correct":0,"question_id":105,"dependents":["Student_Exam_Has_Choice"],"identifying_fields":["text"],"id":-1}
[03-Apr-2022 08:53:29 Europe/Berlin] {"text":"The area of Circle?","number_of_choices":2,"topic_id":100,"dependents":["Choice","Student_Exam_Has_Question"],"identifying_fields":["text"],"id":-1}
[03-Apr-2022 08:53:29 Europe/Berlin] {"text":"pi*radius*radius","is_correct":1,"question_id":106,"dependents":["Student_Exam_Has_Choice"],"identifying_fields":["text"],"id":-1}
[03-Apr-2022 08:53:29 Europe/Berlin] {"text":"2*pi*radius*radius","is_correct":0,"question_id":106,"dependents":["Student_Exam_Has_Choice"],"identifying_fields":["text"],"id":-1}
[03-Apr-2022 09:11:57 Europe/Berlin] {"enroll_date":"2022-04-12","user_id":5,"dependents":["Student_Exam_Has_Choice","User"],"identifying_fields":["id","enroll_date"],"id":-1}
